[2026-01-29 22:25:25] INFO: 程序开始启动
[2026-01-29 22:25:25] INFO: === 启动诊断开始 ===
[2026-01-29 22:25:25] INFO: 程序版本: 1.0.0.0
[2026-01-29 22:25:25] INFO: 操作系统: Microsoft Windows NT 6.2.9200.0
[2026-01-29 22:25:25] INFO: 系统架构: X64
[2026-01-29 22:25:25] INFO: 进程架构: X86
[2026-01-29 22:25:25] INFO: .NET版本: .NET Framework 4.8.9310.0
[2026-01-29 22:25:25] INFO: 工作目录: E:\posen_project\点胶检测\上位机程序\WpfApp2
[2026-01-29 22:25:25] INFO: 程序目录: E:\posen_project\点胶检测\上位机程序\WpfApp2\Platform\PlatformHost.Wpf\bin\Debug
[2026-01-29 22:25:25] INFO: 用户权限: liangyuhang
[2026-01-29 22:25:25] INFO: 机器名: 梁宇航
[2026-01-29 22:25:25] INFO: 检查关键DLL文件:
[2026-01-29 22:25:25] INFO:   ✓ ScottPlot.dll - 大小: 1124352 bytes, 修改时间: 2025/1/27 5:08:42
[2026-01-29 22:25:25] INFO:   ✓ ScottPlot.WPF.dll - 大小: 26112 bytes, 修改时间: 2025/1/27 5:09:44
[2026-01-29 22:25:25] INFO:   ✓ EPPlus.dll - 大小: 1299456 bytes, 修改时间: 2020/1/30 15:13:00
[2026-01-29 22:25:25] INFO:   ✓ System.Drawing.Common.dll - 大小: 44424 bytes, 修改时间: 2021/1/20 4:29:18
[2026-01-29 22:25:25] INFO: 
检查原生DLL文件:
[2026-01-29 22:25:25] ERROR: Dll/Managed目录不存在 - 这是程序无法启动的主要原因!
[2026-01-29 22:25:25] INFO: .NET Framework Release版本: 533320
[2026-01-29 22:25:25] INFO: ✓ .NET Framework 4.7.2或更高版本已安装
[2026-01-29 22:25:25] INFO: === 系统环境检查完成 ===
[2026-02-03 21:42:53] INFO: 程序开始启动
[2026-02-03 21:42:53] INFO: === 启动诊断开始 ===
[2026-02-03 21:42:53] INFO: 程序版本: 1.0.0.0
[2026-02-03 21:42:53] INFO: 操作系统: Microsoft Windows NT 6.2.9200.0
[2026-02-03 21:42:53] INFO: 系统架构: X64
[2026-02-03 21:42:53] INFO: 进程架构: X64
[2026-02-03 21:42:53] INFO: .NET版本: .NET Framework 4.8.9310.0
[2026-02-03 21:42:53] INFO: 工作目录: E:\posen_project\自建算法平台\Platform\PlatformHost.Wpf\bin\Debug
[2026-02-03 21:42:53] INFO: 程序目录: E:\posen_project\自建算法平台\Platform\PlatformHost.Wpf\bin\Debug
[2026-02-03 21:42:53] INFO: 用户权限: liangyuhang
[2026-02-03 21:42:53] INFO: 机器名: 梁宇航
[2026-02-03 21:42:53] INFO: 检查关键DLL文件:
[2026-02-03 21:42:53] INFO:   ✓ ScottPlot.dll - 大小: 1124352 bytes, 修改时间: 2025/1/27 5:08:42
[2026-02-03 21:42:53] INFO:   ✓ ScottPlot.WPF.dll - 大小: 26112 bytes, 修改时间: 2025/1/27 5:09:44
[2026-02-03 21:42:53] INFO:   ✓ EPPlus.dll - 大小: 1299456 bytes, 修改时间: 2020/1/30 15:13:00
[2026-02-03 21:42:53] INFO:   ✓ System.Drawing.Common.dll - 大小: 44424 bytes, 修改时间: 2021/1/20 4:29:18
[2026-02-03 21:42:53] INFO: 
检查原生DLL文件:
[2026-02-03 21:42:53] ERROR: Dll/Managed目录不存在 - 这是程序无法启动的主要原因!
[2026-02-03 21:42:53] INFO: .NET Framework Release版本: 533320
[2026-02-03 21:42:53] INFO: ✓ .NET Framework 4.7.2或更高版本已安装
[2026-02-03 21:42:53] INFO: === 系统环境检查完成 ===
[2026-02-03 21:42:55] INFO: IO控制器初始化失败，程序将继续运行但IO功能不可用
[2026-02-03 21:42:55] INFO: 程序启动完成
[2026-02-03 21:42:56] INFO: 主窗口已创建并显示
[2026-02-03 21:51:31] INFO: 单实例互斥体已释放
[2026-02-03 21:51:31] INFO: IO控制器资源已释放
[2026-02-03 21:51:31] INFO: 程序正常退出
[2026-02-04 08:43:19] INFO: 程序开始启动
[2026-02-04 08:43:19] INFO: === 启动诊断开始 ===
[2026-02-04 08:43:19] INFO: 程序版本: 1.0.0.0
[2026-02-04 08:43:19] INFO: 操作系统: Microsoft Windows NT 6.2.9200.0
[2026-02-04 08:43:19] INFO: 系统架构: X64
[2026-02-04 08:43:19] INFO: 进程架构: X64
[2026-02-04 08:43:19] INFO: .NET版本: .NET Framework 4.8.9310.0
[2026-02-04 08:43:19] INFO: 工作目录: E:\posen_project\自建算法平台\Platform\PlatformHost.Wpf\bin\Debug
[2026-02-04 08:43:19] INFO: 程序目录: E:\posen_project\自建算法平台\Platform\PlatformHost.Wpf\bin\Debug
[2026-02-04 08:43:19] INFO: 用户权限: liangyuhang
[2026-02-04 08:43:19] INFO: 机器名: 梁宇航
[2026-02-04 08:43:19] INFO: 检查关键DLL文件:
[2026-02-04 08:43:19] INFO:   ✓ ScottPlot.dll - 大小: 1124352 bytes, 修改时间: 2025/1/27 5:08:42
[2026-02-04 08:43:19] INFO:   ✓ ScottPlot.WPF.dll - 大小: 26112 bytes, 修改时间: 2025/1/27 5:09:44
[2026-02-04 08:43:19] INFO:   ✓ EPPlus.dll - 大小: 1299456 bytes, 修改时间: 2020/1/30 15:13:00
[2026-02-04 08:43:19] INFO:   ✓ System.Drawing.Common.dll - 大小: 44424 bytes, 修改时间: 2021/1/20 4:29:18
[2026-02-04 08:43:19] INFO: 
检查原生DLL文件:
[2026-02-04 08:43:19] ERROR: Dll/Managed目录不存在 - 这是程序无法启动的主要原因!
[2026-02-04 08:43:19] INFO: .NET Framework Release版本: 533320
[2026-02-04 08:43:19] INFO: ✓ .NET Framework 4.7.2或更高版本已安装
[2026-02-04 08:43:19] INFO: === 系统环境检查完成 ===
[2026-02-04 08:43:20] INFO: IO控制器初始化失败，程序将继续运行但IO功能不可用
[2026-02-04 08:43:21] INFO: 程序启动完成
[2026-02-04 08:43:22] INFO: 主窗口已创建并显示
[2026-02-04 08:48:33] INFO: 单实例互斥体已释放
[2026-02-04 08:48:33] INFO: IO控制器资源已释放
[2026-02-04 08:48:33] INFO: 程序正常退出
[2026-02-04 09:52:10] INFO: 程序开始启动
[2026-02-04 09:52:10] INFO: === 启动诊断开始 ===
[2026-02-04 09:52:10] INFO: 程序版本: 1.0.0.0
[2026-02-04 09:52:10] INFO: 操作系统: Microsoft Windows NT 6.2.9200.0
[2026-02-04 09:52:10] INFO: 系统架构: X64
[2026-02-04 09:52:10] INFO: 进程架构: X64
[2026-02-04 09:52:10] INFO: .NET版本: .NET Framework 4.8.9310.0
[2026-02-04 09:52:10] INFO: 工作目录: E:\posen_project\自建算法平台\Platform\PlatformHost.Wpf\bin\Debug
[2026-02-04 09:52:10] INFO: 程序目录: E:\posen_project\自建算法平台\Platform\PlatformHost.Wpf\bin\Debug
[2026-02-04 09:52:10] INFO: 用户权限: liangyuhang
[2026-02-04 09:52:10] INFO: 机器名: 梁宇航
[2026-02-04 09:52:10] INFO: 检查关键DLL文件:
[2026-02-04 09:52:10] INFO:   ✓ ScottPlot.dll - 大小: 1124352 bytes, 修改时间: 2025/1/27 5:08:42
[2026-02-04 09:52:10] INFO:   ✓ ScottPlot.WPF.dll - 大小: 26112 bytes, 修改时间: 2025/1/27 5:09:44
[2026-02-04 09:52:10] INFO:   ✓ EPPlus.dll - 大小: 1299456 bytes, 修改时间: 2020/1/30 15:13:00
[2026-02-04 09:52:10] INFO:   ✓ System.Drawing.Common.dll - 大小: 44424 bytes, 修改时间: 2021/1/20 4:29:18
[2026-02-04 09:52:10] INFO: 
检查原生DLL文件:
[2026-02-04 09:52:10] ERROR: Dll/Managed目录不存在 - 这是程序无法启动的主要原因!
[2026-02-04 09:52:10] INFO: .NET Framework Release版本: 533320
[2026-02-04 09:52:10] INFO: ✓ .NET Framework 4.7.2或更高版本已安装
[2026-02-04 09:52:10] INFO: === 系统环境检查完成 ===
[2026-02-04 09:52:12] INFO: IO控制器初始化失败，程序将继续运行但IO功能不可用
[2026-02-04 09:52:13] INFO: 程序启动完成
[2026-02-04 09:52:13] INFO: 主窗口已创建并显示
[2026-02-04 09:53:28] ERROR: 发生UI线程未处理的异常
Exception: System.NullReferenceException: 未将对象引用设置到对象的实例。
   在 WpfApp2.UI.TrayDetectionWindow.ShowOkCheck_Changed(Object sender, RoutedEventArgs e) 位置 E:\posen_project\自建算法平台\Platform\PlatformHost.Wpf\UI\TrayDetectionWindow.xaml.cs:行号 102
   在 System.Windows.EventRoute.InvokeHandlersImpl(Object source, RoutedEventArgs args, Boolean reRaised)
   在 System.Windows.UIElement.RaiseEventImpl(DependencyObject sender, RoutedEventArgs args)
   在 System.Windows.Controls.Primitives.ToggleButton.OnIsCheckedChanged(DependencyObject d, DependencyPropertyChangedEventArgs e)
   在 System.Windows.DependencyObject.OnPropertyChanged(DependencyPropertyChangedEventArgs e)
   在 System.Windows.FrameworkElement.OnPropertyChanged(DependencyPropertyChangedEventArgs e)
   在 System.Windows.DependencyObject.NotifyPropertyChange(DependencyPropertyChangedEventArgs args)
   在 System.Windows.DependencyObject.UpdateEffectiveValue(EntryIndex entryIndex, DependencyProperty dp, PropertyMetadata metadata, EffectiveValueEntry oldEntry, EffectiveValueEntry& newEntry, Boolean coerceWithDeferredReference, Boolean coerceWithCurrentValue, OperationType operationType)
   在 System.Windows.DependencyObject.SetValueCommon(DependencyProperty dp, Object value, PropertyMetadata metadata, Boolean coerceWithDeferredReference, Boolean coerceWithCurrentValue, OperationType operationType, Boolean isInternal)
   在 System.Windows.Baml2006.WpfMemberInvoker.SetValue(Object instance, Object value)
   在 MS.Internal.Xaml.Runtime.ClrObjectRuntime.SetValue(Object inst, XamlMember property, Object value)
   在 MS.Internal.Xaml.Runtime.PartialTrustTolerantRuntime.SetValue(Object obj, XamlMember property, Object value)
   在 System.Xaml.XamlObjectWriter.Logic_ApplyPropertyValue(ObjectWriterContext ctx, XamlMember prop, Object value, Boolean onParent)
   在 System.Xaml.XamlObjectWriter.Logic_DoAssignmentToParentProperty(ObjectWriterContext ctx)
   在 System.Xaml.XamlObjectWriter.Logic_AssignProvidedValue(ObjectWriterContext ctx)
   在 System.Xaml.XamlObjectWriter.WriteEndMember()
   在 System.Windows.Markup.WpfXamlLoader.TransformNodes(XamlReader xamlReader, XamlObjectWriter xamlWriter, Boolean onlyLoadOneNode, Boolean skipJournaledProperties, Boolean shouldPassLineNumberInfo, IXamlLineInfo xamlLineInfo, IXamlLineInfoConsumer xamlLineInfoConsumer, XamlContextStack`1 stack, IStyleConnector styleConnector)
   在 System.Windows.Markup.WpfXamlLoader.Load(XamlReader xamlReader, IXamlObjectWriterFactory writerFactory, Boolean skipJournaledProperties, Object rootObject, XamlObjectWriterSettings settings, Uri baseUri)
   在 System.Windows.Markup.WpfXamlLoader.LoadBaml(XamlReader xamlReader, Boolean skipJournaledProperties, Object rootObject, XamlAccessLevel accessLevel, Uri baseUri)
   在 System.Windows.Markup.XamlReader.LoadBaml(Stream stream, ParserContext parserContext, Object parent, Boolean closeStream)
   在 WpfApp2.UI.TrayDetectionWindow.InitializeComponent() 位置 E:\posen_project\自建算法平台\Platform\PlatformHost.Wpf\UI\TrayDetectionWindow.xaml:行号 1
   在 WpfApp2.UI.TrayDetectionWindow..ctor(Page1 page) 位置 E:\posen_project\自建算法平台\Platform\PlatformHost.Wpf\UI\TrayDetectionWindow.xaml.cs:行号 29
   在 WpfApp2.UI.Page1.OpenTrayDetectionWindow() 位置 E:\posen_project\自建算法平台\Platform\PlatformHost.Wpf\UI\Page1.xaml.cs:行号 25206
   在 WpfApp2.UI.Page1.<>c__DisplayClass215_0.<CreateHelpMenuWindow>b__18() 位置 E:\posen_project\自建算法平台\Platform\PlatformHost.Wpf\UI\Page1.xaml.cs:行号 25011
   在 WpfApp2.UI.Page1.<>c__DisplayClass214_0.<<CreateHelpMenuButton>b__0>d.MoveNext() 位置 E:\posen_project\自建算法平台\Platform\PlatformHost.Wpf\UI\Page1.xaml.cs:行号 24439
--- 引发异常的上一位置中堆栈跟踪的末尾 ---
   在 System.Runtime.ExceptionServices.ExceptionDispatchInfo.Throw()
   在 System.Windows.Threading.ExceptionWrapper.InternalRealCall(Delegate callback, Object args, Int32 numArgs)
   在 System.Windows.Threading.ExceptionWrapper.TryCatchWhen(Object source, Delegate callback, Object args, Int32 numArgs, Delegate catchHandler)
[2026-02-04 09:57:48] INFO: 程序开始启动
[2026-02-04 09:57:48] INFO: === 启动诊断开始 ===
[2026-02-04 09:57:48] INFO: 程序版本: 1.0.0.0
[2026-02-04 09:57:48] INFO: 操作系统: Microsoft Windows NT 6.2.9200.0
[2026-02-04 09:57:48] INFO: 系统架构: X64
[2026-02-04 09:57:48] INFO: 进程架构: X64
[2026-02-04 09:57:48] INFO: .NET版本: .NET Framework 4.8.9310.0
[2026-02-04 09:57:48] INFO: 工作目录: E:\posen_project\自建算法平台\Platform\PlatformHost.Wpf\bin\Debug
[2026-02-04 09:57:48] INFO: 程序目录: E:\posen_project\自建算法平台\Platform\PlatformHost.Wpf\bin\Debug
[2026-02-04 09:57:48] INFO: 用户权限: liangyuhang
[2026-02-04 09:57:48] INFO: 机器名: 梁宇航
[2026-02-04 09:57:48] INFO: 检查关键DLL文件:
[2026-02-04 09:57:48] INFO:   ✓ ScottPlot.dll - 大小: 1124352 bytes, 修改时间: 2025/1/27 5:08:42
[2026-02-04 09:57:48] INFO:   ✓ ScottPlot.WPF.dll - 大小: 26112 bytes, 修改时间: 2025/1/27 5:09:44
[2026-02-04 09:57:48] INFO:   ✓ EPPlus.dll - 大小: 1299456 bytes, 修改时间: 2020/1/30 15:13:00
[2026-02-04 09:57:48] INFO:   ✓ System.Drawing.Common.dll - 大小: 44424 bytes, 修改时间: 2021/1/20 4:29:18
[2026-02-04 09:57:48] INFO: 
检查原生DLL文件:
[2026-02-04 09:57:48] ERROR: Dll/Managed目录不存在 - 这是程序无法启动的主要原因!
[2026-02-04 09:57:48] INFO: .NET Framework Release版本: 533320
[2026-02-04 09:57:48] INFO: ✓ .NET Framework 4.7.2或更高版本已安装
[2026-02-04 09:57:48] INFO: === 系统环境检查完成 ===
[2026-02-04 09:57:49] INFO: IO控制器初始化失败，程序将继续运行但IO功能不可用
[2026-02-04 09:57:50] INFO: 程序启动完成
[2026-02-04 09:57:50] INFO: 主窗口已创建并显示
[2026-02-04 09:57:59] ERROR: 发生UI线程未处理的异常
Exception: System.TypeInitializationException: “Microsoft.Data.Sqlite.SqliteConnection”的类型初始值设定项引发异常。 ---> System.Reflection.TargetInvocationException: 调用的目标发生了异常。 ---> System.DllNotFoundException: 无法加载 DLL“e_sqlite3”: 找不到指定的模块。 (异常来自 HRESULT:0x8007007E)。
   在 SQLitePCL.SQLite3Provider_e_sqlite3.NativeMethods.sqlite3_libversion_number()
   在 SQLitePCL.raw.SetProvider(ISQLite3Provider imp)
   --- 内部异常堆栈跟踪的结尾 ---
   在 System.RuntimeMethodHandle.InvokeMethod(Object target, Object[] arguments, Signature sig, Boolean constructor)
   在 System.Reflection.RuntimeMethodInfo.UnsafeInvokeInternal(Object obj, Object[] parameters, Object[] arguments)
   在 System.Reflection.RuntimeMethodInfo.Invoke(Object obj, BindingFlags invokeAttr, Binder binder, Object[] parameters, CultureInfo culture)
   在 Microsoft.Data.Sqlite.Utilities.BundleInitializer.Initialize()
   在 Microsoft.Data.Sqlite.SqliteConnection..cctor()
   --- 内部异常堆栈跟踪的结尾 ---
   在 Microsoft.Data.Sqlite.SqliteConnection..ctor(String connectionString)
   在 Slide.Platform.Runtime.Tray.TraySqliteSchema.EnsureCreated(String connectionString) 位置 E:\posen_project\自建算法平台\Platform\src\Slide.Platform.Runtime\Tray\TraySqliteSchema.cs:行号 44
   在 Slide.Platform.Runtime.Tray.TraySqliteRepository..ctor(String connectionString) 位置 E:\posen_project\自建算法平台\Platform\src\Slide.Platform.Runtime\Tray\TraySqliteRepository.cs:行号 21
   在 WpfApp2.UI.TrayDetectionWindow..ctor(Page1 page) 位置 E:\posen_project\自建算法平台\Platform\PlatformHost.Wpf\UI\TrayDetectionWindow.xaml.cs:行号 35
   在 WpfApp2.UI.Page1.OpenTrayDetectionWindow() 位置 E:\posen_project\自建算法平台\Platform\PlatformHost.Wpf\UI\Page1.xaml.cs:行号 25206
   在 WpfApp2.UI.Page1.<>c__DisplayClass215_0.<CreateHelpMenuWindow>b__18() 位置 E:\posen_project\自建算法平台\Platform\PlatformHost.Wpf\UI\Page1.xaml.cs:行号 25011
   在 WpfApp2.UI.Page1.<>c__DisplayClass214_0.<<CreateHelpMenuButton>b__0>d.MoveNext() 位置 E:\posen_project\自建算法平台\Platform\PlatformHost.Wpf\UI\Page1.xaml.cs:行号 24439
--- 引发异常的上一位置中堆栈跟踪的末尾 ---
   在 System.Runtime.ExceptionServices.ExceptionDispatchInfo.Throw()
   在 System.Windows.Threading.ExceptionWrapper.InternalRealCall(Delegate callback, Object args, Int32 numArgs)
   在 System.Windows.Threading.ExceptionWrapper.TryCatchWhen(Object source, Delegate callback, Object args, Int32 numArgs, Delegate catchHandler)
[2026-02-04 10:08:07] INFO: 程序开始启动
[2026-02-04 10:08:07] INFO: === 启动诊断开始 ===
[2026-02-04 10:08:07] INFO: 程序版本: 1.0.0.0
[2026-02-04 10:08:07] INFO: 操作系统: Microsoft Windows NT 6.2.9200.0
[2026-02-04 10:08:07] INFO: 系统架构: X64
[2026-02-04 10:08:07] INFO: 进程架构: X64
[2026-02-04 10:08:07] INFO: .NET版本: .NET Framework 4.8.9310.0
[2026-02-04 10:08:07] INFO: 工作目录: E:\posen_project\自建算法平台\Platform\PlatformHost.Wpf\bin\Debug
[2026-02-04 10:08:07] INFO: 程序目录: E:\posen_project\自建算法平台\Platform\PlatformHost.Wpf\bin\Debug
[2026-02-04 10:08:07] INFO: 用户权限: liangyuhang
[2026-02-04 10:08:07] INFO: 机器名: 梁宇航
[2026-02-04 10:08:07] INFO: 检查关键DLL文件:
[2026-02-04 10:08:07] INFO:   ✓ ScottPlot.dll - 大小: 1124352 bytes, 修改时间: 2025/1/27 5:08:42
[2026-02-04 10:08:07] INFO:   ✓ ScottPlot.WPF.dll - 大小: 26112 bytes, 修改时间: 2025/1/27 5:09:44
[2026-02-04 10:08:07] INFO:   ✓ EPPlus.dll - 大小: 1299456 bytes, 修改时间: 2020/1/30 15:13:00
[2026-02-04 10:08:07] INFO:   ✓ System.Drawing.Common.dll - 大小: 44424 bytes, 修改时间: 2021/1/20 4:29:18
[2026-02-04 10:08:07] INFO: 
检查原生DLL文件:
[2026-02-04 10:08:07] ERROR: Dll/Managed目录不存在 - 这是程序无法启动的主要原因!
[2026-02-04 10:08:07] INFO: .NET Framework Release版本: 533320
[2026-02-04 10:08:07] INFO: ✓ .NET Framework 4.7.2或更高版本已安装
[2026-02-04 10:08:07] INFO: === 系统环境检查完成 ===
[2026-02-04 10:08:08] INFO: IO控制器初始化失败，程序将继续运行但IO功能不可用
[2026-02-04 10:08:09] INFO: 程序启动完成
[2026-02-04 10:08:09] INFO: 主窗口已创建并显示
[2026-02-04 10:08:15] ERROR: 发生UI线程未处理的异常
Exception: System.TypeInitializationException: “Microsoft.Data.Sqlite.SqliteConnection”的类型初始值设定项引发异常。 ---> System.Reflection.TargetInvocationException: 调用的目标发生了异常。 ---> System.DllNotFoundException: 无法加载 DLL“e_sqlite3”: 找不到指定的模块。 (异常来自 HRESULT:0x8007007E)。
   在 SQLitePCL.SQLite3Provider_e_sqlite3.NativeMethods.sqlite3_libversion_number()
   在 SQLitePCL.raw.SetProvider(ISQLite3Provider imp)
   --- 内部异常堆栈跟踪的结尾 ---
   在 System.RuntimeMethodHandle.InvokeMethod(Object target, Object[] arguments, Signature sig, Boolean constructor)
   在 System.Reflection.RuntimeMethodInfo.UnsafeInvokeInternal(Object obj, Object[] parameters, Object[] arguments)
   在 System.Reflection.RuntimeMethodInfo.Invoke(Object obj, BindingFlags invokeAttr, Binder binder, Object[] parameters, CultureInfo culture)
   在 Microsoft.Data.Sqlite.Utilities.BundleInitializer.Initialize()
   在 Microsoft.Data.Sqlite.SqliteConnection..cctor()
   --- 内部异常堆栈跟踪的结尾 ---
   在 Microsoft.Data.Sqlite.SqliteConnection..ctor(String connectionString)
   在 Slide.Platform.Runtime.Tray.TraySqliteSchema.EnsureCreated(String connectionString) 位置 E:\posen_project\自建算法平台\Platform\src\Slide.Platform.Runtime\Tray\TraySqliteSchema.cs:行号 44
   在 Slide.Platform.Runtime.Tray.TraySqliteRepository..ctor(String connectionString) 位置 E:\posen_project\自建算法平台\Platform\src\Slide.Platform.Runtime\Tray\TraySqliteRepository.cs:行号 21
   在 WpfApp2.UI.TrayDetectionWindow..ctor(Page1 page) 位置 E:\posen_project\自建算法平台\Platform\PlatformHost.Wpf\UI\TrayDetectionWindow.xaml.cs:行号 35
   在 WpfApp2.UI.Page1.OpenTrayDetectionWindow() 位置 E:\posen_project\自建算法平台\Platform\PlatformHost.Wpf\UI\Page1.xaml.cs:行号 25206
   在 WpfApp2.UI.Page1.<>c__DisplayClass215_0.<CreateHelpMenuWindow>b__18() 位置 E:\posen_project\自建算法平台\Platform\PlatformHost.Wpf\UI\Page1.xaml.cs:行号 25011
   在 WpfApp2.UI.Page1.<>c__DisplayClass214_0.<<CreateHelpMenuButton>b__0>d.MoveNext() 位置 E:\posen_project\自建算法平台\Platform\PlatformHost.Wpf\UI\Page1.xaml.cs:行号 24439
--- 引发异常的上一位置中堆栈跟踪的末尾 ---
   在 System.Runtime.ExceptionServices.ExceptionDispatchInfo.Throw()
   在 System.Windows.Threading.ExceptionWrapper.InternalRealCall(Delegate callback, Object args, Int32 numArgs)
   在 System.Windows.Threading.ExceptionWrapper.TryCatchWhen(Object source, Delegate callback, Object args, Int32 numArgs, Delegate catchHandler)
[2026-02-04 10:24:14] INFO: 程序开始启动
[2026-02-04 10:24:14] INFO: === 启动诊断开始 ===
[2026-02-04 10:24:14] INFO: 程序版本: 1.0.0.0
[2026-02-04 10:24:14] INFO: 操作系统: Microsoft Windows NT 6.2.9200.0
[2026-02-04 10:24:14] INFO: 系统架构: X64
[2026-02-04 10:24:14] INFO: 进程架构: X64
[2026-02-04 10:24:14] INFO: .NET版本: .NET Framework 4.8.9310.0
[2026-02-04 10:24:14] INFO: 工作目录: E:\posen_project\自建算法平台\Platform\PlatformHost.Wpf\bin\Debug
[2026-02-04 10:24:14] INFO: 程序目录: E:\posen_project\自建算法平台\Platform\PlatformHost.Wpf\bin\Debug
[2026-02-04 10:24:14] INFO: 用户权限: liangyuhang
[2026-02-04 10:24:14] INFO: 机器名: 梁宇航
[2026-02-04 10:24:14] INFO: 检查关键DLL文件:
[2026-02-04 10:24:14] INFO:   ✓ ScottPlot.dll - 大小: 1124352 bytes, 修改时间: 2025/1/27 5:08:42
[2026-02-04 10:24:14] INFO:   ✓ ScottPlot.WPF.dll - 大小: 26112 bytes, 修改时间: 2025/1/27 5:09:44
[2026-02-04 10:24:14] INFO:   ✓ EPPlus.dll - 大小: 1299456 bytes, 修改时间: 2020/1/30 15:13:00
[2026-02-04 10:24:14] INFO:   ✓ System.Drawing.Common.dll - 大小: 44424 bytes, 修改时间: 2021/1/20 4:29:18
[2026-02-04 10:24:14] INFO: 
检查原生DLL文件:
[2026-02-04 10:24:14] ERROR: Dll/Managed目录不存在 - 这是程序无法启动的主要原因!
[2026-02-04 10:24:14] INFO: .NET Framework Release版本: 533320
[2026-02-04 10:24:14] INFO: ✓ .NET Framework 4.7.2或更高版本已安装
[2026-02-04 10:24:14] INFO: === 系统环境检查完成 ===
[2026-02-04 10:24:15] INFO: IO控制器初始化失败，程序将继续运行但IO功能不可用
[2026-02-04 10:24:16] INFO: 程序启动完成
[2026-02-04 10:24:17] INFO: 主窗口已创建并显示
[2026-02-04 10:24:22] ERROR: 发生UI线程未处理的异常
Exception: System.TypeInitializationException: “Microsoft.Data.Sqlite.SqliteConnection”的类型初始值设定项引发异常。 ---> System.Reflection.TargetInvocationException: 调用的目标发生了异常。 ---> System.DllNotFoundException: 无法加载 DLL“e_sqlite3”: 找不到指定的模块。 (异常来自 HRESULT:0x8007007E)。
   在 SQLitePCL.SQLite3Provider_e_sqlite3.NativeMethods.sqlite3_libversion_number()
   在 SQLitePCL.raw.SetProvider(ISQLite3Provider imp)
   --- 内部异常堆栈跟踪的结尾 ---
   在 System.RuntimeMethodHandle.InvokeMethod(Object target, Object[] arguments, Signature sig, Boolean constructor)
   在 System.Reflection.RuntimeMethodInfo.UnsafeInvokeInternal(Object obj, Object[] parameters, Object[] arguments)
   在 System.Reflection.RuntimeMethodInfo.Invoke(Object obj, BindingFlags invokeAttr, Binder binder, Object[] parameters, CultureInfo culture)
   在 Microsoft.Data.Sqlite.Utilities.BundleInitializer.Initialize()
   在 Microsoft.Data.Sqlite.SqliteConnection..cctor()
   --- 内部异常堆栈跟踪的结尾 ---
   在 Microsoft.Data.Sqlite.SqliteConnection..ctor(String connectionString)
   在 Slide.Platform.Runtime.Tray.TraySqliteSchema.EnsureCreated(String connectionString) 位置 E:\posen_project\自建算法平台\Platform\src\Slide.Platform.Runtime\Tray\TraySqliteSchema.cs:行号 44
   在 Slide.Platform.Runtime.Tray.TraySqliteRepository..ctor(String connectionString) 位置 E:\posen_project\自建算法平台\Platform\src\Slide.Platform.Runtime\Tray\TraySqliteRepository.cs:行号 21
   在 WpfApp2.UI.TrayDetectionWindow..ctor(Page1 page) 位置 E:\posen_project\自建算法平台\Platform\PlatformHost.Wpf\UI\TrayDetectionWindow.xaml.cs:行号 35
   在 WpfApp2.UI.Page1.OpenTrayDetectionWindow() 位置 E:\posen_project\自建算法平台\Platform\PlatformHost.Wpf\UI\Page1.xaml.cs:行号 25206
   在 WpfApp2.UI.Page1.<>c__DisplayClass215_0.<CreateHelpMenuWindow>b__18() 位置 E:\posen_project\自建算法平台\Platform\PlatformHost.Wpf\UI\Page1.xaml.cs:行号 25011
   在 WpfApp2.UI.Page1.<>c__DisplayClass214_0.<<CreateHelpMenuButton>b__0>d.MoveNext() 位置 E:\posen_project\自建算法平台\Platform\PlatformHost.Wpf\UI\Page1.xaml.cs:行号 24439
--- 引发异常的上一位置中堆栈跟踪的末尾 ---
   在 System.Runtime.ExceptionServices.ExceptionDispatchInfo.Throw()
   在 System.Windows.Threading.ExceptionWrapper.InternalRealCall(Delegate callback, Object args, Int32 numArgs)
   在 System.Windows.Threading.ExceptionWrapper.TryCatchWhen(Object source, Delegate callback, Object args, Int32 numArgs, Delegate catchHandler)
[2026-02-04 10:24:29] ERROR: 发生未处理的异常
Exception: System.TypeInitializationException: “Microsoft.Data.Sqlite.SqliteConnection”的类型初始值设定项引发异常。 ---> System.Reflection.TargetInvocationException: 调用的目标发生了异常。 ---> System.DllNotFoundException: 无法加载 DLL“e_sqlite3”: 找不到指定的模块。 (异常来自 HRESULT:0x8007007E)。
   在 SQLitePCL.SQLite3Provider_e_sqlite3.NativeMethods.sqlite3_libversion_number()
   在 SQLitePCL.raw.SetProvider(ISQLite3Provider imp)
   --- 内部异常堆栈跟踪的结尾 ---
   在 System.RuntimeMethodHandle.InvokeMethod(Object target, Object[] arguments, Signature sig, Boolean constructor)
   在 System.Reflection.RuntimeMethodInfo.UnsafeInvokeInternal(Object obj, Object[] parameters, Object[] arguments)
   在 System.Reflection.RuntimeMethodInfo.Invoke(Object obj, BindingFlags invokeAttr, Binder binder, Object[] parameters, CultureInfo culture)
   在 Microsoft.Data.Sqlite.Utilities.BundleInitializer.Initialize()
   在 Microsoft.Data.Sqlite.SqliteConnection..cctor()
   --- 内部异常堆栈跟踪的结尾 ---
   在 Microsoft.Data.Sqlite.SqliteConnection..ctor(String connectionString)
   在 Slide.Platform.Runtime.Tray.TraySqliteSchema.EnsureCreated(String connectionString) 位置 E:\posen_project\自建算法平台\Platform\src\Slide.Platform.Runtime\Tray\TraySqliteSchema.cs:行号 44
   在 Slide.Platform.Runtime.Tray.TraySqliteRepository..ctor(String connectionString) 位置 E:\posen_project\自建算法平台\Platform\src\Slide.Platform.Runtime\Tray\TraySqliteRepository.cs:行号 21
   在 WpfApp2.UI.TrayDetectionWindow..ctor(Page1 page) 位置 E:\posen_project\自建算法平台\Platform\PlatformHost.Wpf\UI\TrayDetectionWindow.xaml.cs:行号 35
   在 WpfApp2.UI.Page1.OpenTrayDetectionWindow() 位置 E:\posen_project\自建算法平台\Platform\PlatformHost.Wpf\UI\Page1.xaml.cs:行号 25206
   在 WpfApp2.UI.Page1.<>c__DisplayClass215_0.<CreateHelpMenuWindow>b__18() 位置 E:\posen_project\自建算法平台\Platform\PlatformHost.Wpf\UI\Page1.xaml.cs:行号 25011
   在 WpfApp2.UI.Page1.<>c__DisplayClass214_0.<<CreateHelpMenuButton>b__0>d.MoveNext() 位置 E:\posen_project\自建算法平台\Platform\PlatformHost.Wpf\UI\Page1.xaml.cs:行号 24439
--- 引发异常的上一位置中堆栈跟踪的末尾 ---
   在 System.Runtime.ExceptionServices.ExceptionDispatchInfo.Throw()
   在 System.Windows.Threading.ExceptionWrapper.InternalRealCall(Delegate callback, Object args, Int32 numArgs)
   在 System.Windows.Threading.ExceptionWrapper.TryCatchWhen(Object source, Delegate callback, Object args, Int32 numArgs, Delegate catchHandler)
   在 System.Windows.Threading.DispatcherOperation.InvokeImpl()
   在 MS.Internal.CulturePreservingExecutionContext.CallbackWrapper(Object obj)
   在 System.Threading.ExecutionContext.RunInternal(ExecutionContext executionContext, ContextCallback callback, Object state, Boolean preserveSyncCtx)
   在 System.Threading.ExecutionContext.Run(ExecutionContext executionContext, ContextCallback callback, Object state, Boolean preserveSyncCtx)
   在 System.Threading.ExecutionContext.Run(ExecutionContext executionContext, ContextCallback callback, Object state)
   在 MS.Internal.CulturePreservingExecutionContext.Run(CulturePreservingExecutionContext executionContext, ContextCallback callback, Object state)
   在 System.Windows.Threading.DispatcherOperation.Invoke()
   在 System.Windows.Threading.Dispatcher.ProcessQueue()
   在 System.Windows.Threading.Dispatcher.WndProcHook(IntPtr hwnd, Int32 msg, IntPtr wParam, IntPtr lParam, Boolean& handled)
   在 MS.Win32.HwndWrapper.WndProc(IntPtr hwnd, Int32 msg, IntPtr wParam, IntPtr lParam, Boolean& handled)
   在 MS.Win32.HwndSubclass.DispatcherCallbackOperation(Object o)
   在 System.Windows.Threading.ExceptionWrapper.InternalRealCall(Delegate callback, Object args, Int32 numArgs)
   在 System.Windows.Threading.ExceptionWrapper.TryCatchWhen(Object source, Delegate callback, Object args, Int32 numArgs, Delegate catchHandler)
   在 System.Windows.Threading.Dispatcher.LegacyInvokeImpl(DispatcherPriority priority, TimeSpan timeout, Delegate method, Object args, Int32 numArgs)
   在 MS.Win32.HwndSubclass.SubclassWndProc(IntPtr hwnd, Int32 msg, IntPtr wParam, IntPtr lParam)
   在 MS.Win32.UnsafeNativeMethods.DispatchMessage(MSG& msg)
   在 System.Windows.Threading.Dispatcher.PushFrameImpl(DispatcherFrame frame)
   在 System.Windows.Application.RunDispatcher(Object ignore)
   在 System.Windows.Application.RunInternal(Window window)
   在 WpfApp2.App.Main() 位置 E:\posen_project\自建算法平台\Platform\PlatformHost.Wpf\obj\Debug\App.g.cs:行号 52
[2026-02-04 10:31:29] INFO: 程序开始启动
[2026-02-04 10:31:29] INFO: === 启动诊断开始 ===
[2026-02-04 10:31:29] INFO: 程序版本: 1.0.0.0
[2026-02-04 10:31:29] INFO: 操作系统: Microsoft Windows NT 6.2.9200.0
[2026-02-04 10:31:29] INFO: 系统架构: X64
[2026-02-04 10:31:29] INFO: 进程架构: X64
[2026-02-04 10:31:29] INFO: .NET版本: .NET Framework 4.8.9310.0
[2026-02-04 10:31:29] INFO: 工作目录: E:\posen_project\自建算法平台\Platform\PlatformHost.Wpf\bin\Debug
[2026-02-04 10:31:29] INFO: 程序目录: E:\posen_project\自建算法平台\Platform\PlatformHost.Wpf\bin\Debug
[2026-02-04 10:31:29] INFO: 用户权限: liangyuhang
[2026-02-04 10:31:29] INFO: 机器名: 梁宇航
[2026-02-04 10:31:29] INFO: 检查关键DLL文件:
[2026-02-04 10:31:29] INFO:   ✓ ScottPlot.dll - 大小: 1124352 bytes, 修改时间: 2025/1/27 5:08:42
[2026-02-04 10:31:29] INFO:   ✓ ScottPlot.WPF.dll - 大小: 26112 bytes, 修改时间: 2025/1/27 5:09:44
[2026-02-04 10:31:29] INFO:   ✓ EPPlus.dll - 大小: 1299456 bytes, 修改时间: 2020/1/30 15:13:00
[2026-02-04 10:31:29] INFO:   ✓ System.Drawing.Common.dll - 大小: 44424 bytes, 修改时间: 2021/1/20 4:29:18
[2026-02-04 10:31:29] INFO: 
检查原生DLL文件:
[2026-02-04 10:31:29] ERROR: Dll/Managed目录不存在 - 这是程序无法启动的主要原因!
[2026-02-04 10:31:29] INFO: .NET Framework Release版本: 533320
[2026-02-04 10:31:29] INFO: ✓ .NET Framework 4.7.2或更高版本已安装
[2026-02-04 10:31:29] INFO: === 系统环境检查完成 ===
[2026-02-04 10:31:31] INFO: IO控制器初始化失败，程序将继续运行但IO功能不可用
[2026-02-04 10:31:32] INFO: 程序启动完成
[2026-02-04 10:31:32] INFO: 主窗口已创建并显示
[2026-02-04 10:37:52] INFO: 程序开始启动
[2026-02-04 10:37:52] INFO: === 启动诊断开始 ===
[2026-02-04 10:37:52] INFO: 程序版本: 1.0.0.0
[2026-02-04 10:37:52] INFO: 操作系统: Microsoft Windows NT 6.2.9200.0
[2026-02-04 10:37:52] INFO: 系统架构: X64
[2026-02-04 10:37:52] INFO: 进程架构: X64
[2026-02-04 10:37:52] INFO: .NET版本: .NET Framework 4.8.9310.0
[2026-02-04 10:37:52] INFO: 工作目录: E:\posen_project\自建算法平台\Platform\PlatformHost.Wpf\bin\Debug
[2026-02-04 10:37:52] INFO: 程序目录: E:\posen_project\自建算法平台\Platform\PlatformHost.Wpf\bin\Debug
[2026-02-04 10:37:52] INFO: 用户权限: liangyuhang
[2026-02-04 10:37:52] INFO: 机器名: 梁宇航
[2026-02-04 10:37:52] INFO: 检查关键DLL文件:
[2026-02-04 10:37:52] INFO:   ✓ ScottPlot.dll - 大小: 1124352 bytes, 修改时间: 2025/1/27 5:08:42
[2026-02-04 10:37:52] INFO:   ✓ ScottPlot.WPF.dll - 大小: 26112 bytes, 修改时间: 2025/1/27 5:09:44
[2026-02-04 10:37:52] INFO:   ✓ EPPlus.dll - 大小: 1299456 bytes, 修改时间: 2020/1/30 15:13:00
[2026-02-04 10:37:52] INFO:   ✓ System.Drawing.Common.dll - 大小: 44424 bytes, 修改时间: 2021/1/20 4:29:18
[2026-02-04 10:37:52] INFO: 
检查原生DLL文件:
[2026-02-04 10:37:52] ERROR: Dll/Managed目录不存在 - 这是程序无法启动的主要原因!
[2026-02-04 10:37:52] INFO: .NET Framework Release版本: 533320
[2026-02-04 10:37:52] INFO: ✓ .NET Framework 4.7.2或更高版本已安装
[2026-02-04 10:37:52] INFO: === 系统环境检查完成 ===
[2026-02-04 10:37:53] INFO: IO控制器初始化失败，程序将继续运行但IO功能不可用
[2026-02-04 10:37:54] INFO: 程序启动完成
[2026-02-04 10:37:55] INFO: 主窗口已创建并显示
[2026-02-04 10:41:57] INFO: 单实例互斥体已释放
[2026-02-04 10:41:57] INFO: IO控制器资源已释放
[2026-02-04 10:41:57] INFO: 程序正常退出
[2026-02-04 10:58:33] INFO: 程序开始启动
[2026-02-04 10:58:33] INFO: === 启动诊断开始 ===
[2026-02-04 10:58:33] INFO: 程序版本: 1.0.0.0
[2026-02-04 10:58:33] INFO: 操作系统: Microsoft Windows NT 6.2.9200.0
[2026-02-04 10:58:33] INFO: 系统架构: X64
[2026-02-04 10:58:33] INFO: 进程架构: X64
[2026-02-04 10:58:33] INFO: .NET版本: .NET Framework 4.8.9310.0
[2026-02-04 10:58:33] INFO: 工作目录: E:\posen_project\自建算法平台\Platform\PlatformHost.Wpf\bin\Debug
[2026-02-04 10:58:33] INFO: 程序目录: E:\posen_project\自建算法平台\Platform\PlatformHost.Wpf\bin\Debug
[2026-02-04 10:58:33] INFO: 用户权限: liangyuhang
[2026-02-04 10:58:33] INFO: 机器名: 梁宇航
[2026-02-04 10:58:33] INFO: 检查关键DLL文件:
[2026-02-04 10:58:33] INFO:   ✓ ScottPlot.dll - 大小: 1124352 bytes, 修改时间: 2025/1/27 5:08:42
[2026-02-04 10:58:33] INFO:   ✓ ScottPlot.WPF.dll - 大小: 26112 bytes, 修改时间: 2025/1/27 5:09:44
[2026-02-04 10:58:33] INFO:   ✓ EPPlus.dll - 大小: 1299456 bytes, 修改时间: 2020/1/30 15:13:00
[2026-02-04 10:58:33] INFO:   ✓ System.Drawing.Common.dll - 大小: 44424 bytes, 修改时间: 2021/1/20 4:29:18
[2026-02-04 10:58:33] INFO: 
检查原生DLL文件:
[2026-02-04 10:58:33] ERROR: Dll/Managed目录不存在 - 这是程序无法启动的主要原因!
[2026-02-04 10:58:33] INFO: .NET Framework Release版本: 533320
[2026-02-04 10:58:33] INFO: ✓ .NET Framework 4.7.2或更高版本已安装
[2026-02-04 10:58:33] INFO: === 系统环境检查完成 ===
[2026-02-04 10:58:35] INFO: IO控制器初始化失败，程序将继续运行但IO功能不可用
[2026-02-04 10:58:35] INFO: 程序启动完成
[2026-02-04 10:58:36] INFO: 主窗口已创建并显示
[2026-02-04 11:01:21] INFO: 单实例互斥体已释放
[2026-02-04 11:01:21] INFO: IO控制器资源已释放
[2026-02-04 11:01:21] INFO: 程序正常退出
[2026-02-04 11:20:30] INFO: 程序开始启动
[2026-02-04 11:20:30] INFO: === 启动诊断开始 ===
[2026-02-04 11:20:30] INFO: 程序版本: 1.0.0.0
[2026-02-04 11:20:30] INFO: 操作系统: Microsoft Windows NT 6.2.9200.0
[2026-02-04 11:20:30] INFO: 系统架构: X64
[2026-02-04 11:20:30] INFO: 进程架构: X64
[2026-02-04 11:20:30] INFO: .NET版本: .NET Framework 4.8.9310.0
[2026-02-04 11:20:30] INFO: 工作目录: E:\posen_project\自建算法平台\Platform\PlatformHost.Wpf\bin\Debug
[2026-02-04 11:20:30] INFO: 程序目录: E:\posen_project\自建算法平台\Platform\PlatformHost.Wpf\bin\Debug
[2026-02-04 11:20:30] INFO: 用户权限: liangyuhang
[2026-02-04 11:20:30] INFO: 机器名: 梁宇航
[2026-02-04 11:20:30] INFO: 检查关键DLL文件:
[2026-02-04 11:20:30] INFO:   ✓ ScottPlot.dll - 大小: 1124352 bytes, 修改时间: 2025/1/27 5:08:42
[2026-02-04 11:20:30] INFO:   ✓ ScottPlot.WPF.dll - 大小: 26112 bytes, 修改时间: 2025/1/27 5:09:44
[2026-02-04 11:20:30] INFO:   ✓ EPPlus.dll - 大小: 1299456 bytes, 修改时间: 2020/1/30 15:13:00
[2026-02-04 11:20:30] INFO:   ✓ System.Drawing.Common.dll - 大小: 44424 bytes, 修改时间: 2021/1/20 4:29:18
[2026-02-04 11:20:30] INFO: 
检查原生DLL文件:
[2026-02-04 11:20:30] ERROR: Dll/Managed目录不存在 - 这是程序无法启动的主要原因!
[2026-02-04 11:20:30] INFO: .NET Framework Release版本: 533320
[2026-02-04 11:20:30] INFO: ✓ .NET Framework 4.7.2或更高版本已安装
[2026-02-04 11:20:30] INFO: === 系统环境检查完成 ===
[2026-02-04 11:20:32] INFO: IO控制器初始化失败，程序将继续运行但IO功能不可用
[2026-02-04 11:20:32] INFO: 程序启动完成
[2026-02-04 11:20:33] INFO: 主窗口已创建并显示
[2026-02-04 13:05:44] INFO: 单实例互斥体已释放
[2026-02-04 13:05:44] INFO: IO控制器资源已释放
[2026-02-04 13:05:44] INFO: 程序正常退出
[2026-02-04 13:05:56] INFO: 程序开始启动
[2026-02-04 13:05:56] INFO: === 启动诊断开始 ===
[2026-02-04 13:05:56] INFO: 程序版本: 1.0.0.0
[2026-02-04 13:05:56] INFO: 操作系统: Microsoft Windows NT 6.2.9200.0
[2026-02-04 13:05:56] INFO: 系统架构: X64
[2026-02-04 13:05:56] INFO: 进程架构: X64
[2026-02-04 13:05:56] INFO: .NET版本: .NET Framework 4.8.9310.0
[2026-02-04 13:05:56] INFO: 工作目录: E:\posen_project\自建算法平台\Platform\PlatformHost.Wpf\bin\Debug
[2026-02-04 13:05:56] INFO: 程序目录: E:\posen_project\自建算法平台\Platform\PlatformHost.Wpf\bin\Debug
[2026-02-04 13:05:56] INFO: 用户权限: liangyuhang
[2026-02-04 13:05:56] INFO: 机器名: 梁宇航
[2026-02-04 13:05:56] INFO: 检查关键DLL文件:
[2026-02-04 13:05:56] INFO:   ✓ ScottPlot.dll - 大小: 1124352 bytes, 修改时间: 2025/1/27 5:08:42
[2026-02-04 13:05:56] INFO:   ✓ ScottPlot.WPF.dll - 大小: 26112 bytes, 修改时间: 2025/1/27 5:09:44
[2026-02-04 13:05:56] INFO:   ✓ EPPlus.dll - 大小: 1299456 bytes, 修改时间: 2020/1/30 15:13:00
[2026-02-04 13:05:56] INFO:   ✓ System.Drawing.Common.dll - 大小: 44424 bytes, 修改时间: 2021/1/20 4:29:18
[2026-02-04 13:05:56] INFO: 
检查原生DLL文件:
[2026-02-04 13:05:56] ERROR: Dll/Managed目录不存在 - 这是程序无法启动的主要原因!
[2026-02-04 13:05:56] INFO: .NET Framework Release版本: 533320
[2026-02-04 13:05:56] INFO: ✓ .NET Framework 4.7.2或更高版本已安装
[2026-02-04 13:05:56] INFO: === 系统环境检查完成 ===
[2026-02-04 13:05:57] INFO: IO控制器初始化失败，程序将继续运行但IO功能不可用
[2026-02-04 13:05:58] INFO: 程序启动完成
[2026-02-04 13:05:58] INFO: 主窗口已创建并显示
[2026-02-04 13:12:51] INFO: 单实例互斥体已释放
[2026-02-04 13:12:51] INFO: IO控制器资源已释放
[2026-02-04 13:12:51] INFO: 程序正常退出
[2026-02-04 13:27:11] INFO: 程序开始启动
[2026-02-04 13:27:11] INFO: === 启动诊断开始 ===
[2026-02-04 13:27:11] INFO: 程序版本: 1.0.0.0
[2026-02-04 13:27:11] INFO: 操作系统: Microsoft Windows NT 6.2.9200.0
[2026-02-04 13:27:11] INFO: 系统架构: X64
[2026-02-04 13:27:11] INFO: 进程架构: X64
[2026-02-04 13:27:11] INFO: .NET版本: .NET Framework 4.8.9310.0
[2026-02-04 13:27:11] INFO: 工作目录: E:\posen_project\自建算法平台\Platform\PlatformHost.Wpf\bin\Debug
[2026-02-04 13:27:11] INFO: 程序目录: E:\posen_project\自建算法平台\Platform\PlatformHost.Wpf\bin\Debug
[2026-02-04 13:27:11] INFO: 用户权限: liangyuhang
[2026-02-04 13:27:11] INFO: 机器名: 梁宇航
[2026-02-04 13:27:11] INFO: 检查关键DLL文件:
[2026-02-04 13:27:11] INFO:   ✓ ScottPlot.dll - 大小: 1124352 bytes, 修改时间: 2025/1/27 5:08:42
[2026-02-04 13:27:11] INFO:   ✓ ScottPlot.WPF.dll - 大小: 26112 bytes, 修改时间: 2025/1/27 5:09:44
[2026-02-04 13:27:11] INFO:   ✓ EPPlus.dll - 大小: 1299456 bytes, 修改时间: 2020/1/30 15:13:00
[2026-02-04 13:27:11] INFO:   ✓ System.Drawing.Common.dll - 大小: 44424 bytes, 修改时间: 2021/1/20 4:29:18
[2026-02-04 13:27:11] INFO: 
检查原生DLL文件:
[2026-02-04 13:27:11] ERROR: Dll/Managed目录不存在 - 这是程序无法启动的主要原因!
[2026-02-04 13:27:11] INFO: .NET Framework Release版本: 533320
[2026-02-04 13:27:11] INFO: ✓ .NET Framework 4.7.2或更高版本已安装
[2026-02-04 13:27:11] INFO: === 系统环境检查完成 ===
[2026-02-04 13:27:12] INFO: IO控制器初始化失败，程序将继续运行但IO功能不可用
[2026-02-04 13:27:13] INFO: 程序启动完成
[2026-02-04 13:27:13] INFO: 主窗口已创建并显示
[2026-02-04 13:28:41] INFO: 单实例互斥体已释放
[2026-02-04 13:28:41] INFO: IO控制器资源已释放
[2026-02-04 13:28:41] INFO: 程序正常退出
