2026-01-30 12:07:33::3510	[DesktopShortcut] 桌面快捷方式已存在: C:\Users\liangyuhang\Desktop\点胶检测系统.lnk
2026-01-30 12:07:33::3530	[Application] 应用程序启动完成
2026-01-30 12:07:33::3530	[LogManager] 配置文件不存在，使用默认生产模式配置
2026-01-30 12:07:33::3541	[显示模式] FocusedProjects.json文件不存在，将显示所有项目
2026-01-30 12:07:33::3551	[显示模式] 初始化完成，默认显示所有项
2026-01-30 12:07:33::3551	相机参数初始化完成
2026-01-30 12:07:33::3561	未找到最后使用的模板配置，使用默认相机参数
2026-01-30 12:07:33::3561	初始化同轴光源控制器时出错: 无法加载 DLL“OPTController.dll”: 找不到指定的模块。 (异常来自 HRESULT:0x8007007E)。
2026-01-30 12:07:33::3575	[硬件配置] 硬件配置页面已初始化
2026-01-30 12:07:33::3586	[SplashScreen] 启动界面已关闭
2026-01-30 12:07:33::3686	[初始化] VM未加载，跳过样品类型全局变量初始化
2026-01-30 12:07:33::3706	实时数据记录器：切换到LOT LOT_error，主文件路径：E:\posen_project\点胶检测\上位机程序\WpfApp2\Platform\PlatformHost.Wpf\bin\Release\RealTimeData\LOT_error\LOT_error_20260130_全部数据.csv
2026-01-30 12:07:33::3716	实时数据记录器已初始化，当前LOT号：LOT_error
2026-01-30 12:07:33::3716	实时数据记录器初始化完成
2026-01-30 12:07:33::3716	[检测管理器] ✅ 系统检测管理器已初始化
2026-01-30 12:07:33::3716	[检测管理器] 系统状态: TemplateConfiguring
2026-01-30 12:07:33::3728	[系统初始化] ✅ 系统检测管理器初始化完成
2026-01-30 12:07:33::3738	[AutoStartup] 开始初始化PLC自动连接...
2026-01-30 12:07:33::3748	[PLC串口] PLC串口控制器已初始化
2026-01-30 12:07:33::3748	[AutoStartup] PLC自动连接定时器已启动（5秒后执行）
2026-01-30 12:07:33::3973	[生产数据持久化] 生产统计数据已加载: Total=0, OK=0, NG=0, 缺陷类型=0
2026-01-30 12:07:33::4973	[SplashScreen] 启动加载完成，关闭启动界面
2026-01-30 12:07:34::8694	远程文件监控服务已初始化
2026-01-30 12:07:34::9967	[远程监控] 已订阅OnLotChanged事件
2026-01-30 12:07:34::9967	[远程监控] 已订阅OnTemplateChanged事件
2026-01-30 12:07:35::0117	远程文件监控服务未启用
2026-01-30 12:07:37::4027	已进入参数配置页面
2026-01-30 12:07:37::4291	[检测管理器] 检测周期状态已重置，准备下次检测周期
2026-01-30 12:07:37::4311	[页面切换] 切换到参数配置页面，已切换为模板配置模式
2026-01-30 12:07:37::4321	ConfigPage 页面已加载
2026-01-30 12:07:38::5714	[AutoStartup] 开始尝试自动连接PLC串口...
2026-01-30 12:07:38::5818	[AutoStartup] 未发现可用串口，跳过PLC自动连接
2026-01-30 12:07:48::2978	已选择样品类型: MESA，正在选择涂布类型
2026-01-30 12:07:52::3252	已清理旧的TemplateConfigPage实例
2026-01-30 12:07:52::3262	[初始化] VM未加载，跳过样品类型全局变量初始化
2026-01-30 12:07:54::3187	未找到VM模块: 校准.PKG增亮
2026-01-30 12:07:54::3916	[UI更新] 步骤按钮已更新到步骤 1
2026-01-30 12:07:55::4472	未找到VM模块: 校准.PKG匹配
2026-01-30 12:07:55::4759	[UI更新] 步骤按钮已更新到步骤 2
2026-01-30 12:07:56::8291	未找到VM模块: 校准.PKG测角
2026-01-30 12:07:56::8469	[UI更新] 步骤按钮已更新到步骤 3
2026-01-30 12:07:57::8916	未找到VM模块: 校准.PKG内边渲染
2026-01-30 12:07:57::9156	[UI更新] 步骤按钮已更新到步骤 6
2026-01-30 12:08:07::1444	已切换到多图像显示模式
2026-01-30 12:08:07::1812	[UI更新] 步骤按钮已更新到步骤 0
2026-01-30 12:09:07::7118	已从模板文件夹加载图片组: a_2674
2026-01-30 12:09:09::4603	[配置管理] 配置已标记为未保存状态
2026-01-30 12:24:23::7047	未找到VM模块: 校准.主振瑕疵
2026-01-30 12:24:23::7357	[UI更新] 步骤按钮已更新到步骤 10
2026-01-30 12:24:24::8274	未找到VM模块: 校准.上引脚瑕疵
2026-01-30 12:24:24::8415	[UI更新] 步骤按钮已更新到步骤 11
2026-01-30 12:24:26::1547	未找到VM模块: 校准.镀膜基准匹配
2026-01-30 12:24:26::1829	[模板配置] 模板兼容性处理: 镀膜G1端ROI宽 使用默认值: 50
2026-01-30 12:24:26::1839	[模板配置] 成功添加银面几何尺寸'将测量值设为基准值'按钮
2026-01-30 12:24:27::1503	未找到VM模块: 校准.镀膜BLK渲染
2026-01-30 12:24:27::1653	[UI更新] 步骤按钮已更新到步骤 8
2026-01-30 12:24:28::3620	未找到VM模块: 校准.BLK渲染
2026-01-30 12:24:28::3894	[模板配置] 成功添加'将测量值设为基准值'按钮
2026-01-30 12:24:29::2044	未找到VM模块: 校准.输出拉胶
2026-01-30 12:24:29::2214	[UI更新] 步骤按钮已更新到步骤 5
2026-01-30 12:24:32::9513	[2D缓存] 2D检测结果缓存已重置
2026-01-30 12:24:32::9523	[检测管理器] 检测周期状态已重置，准备下次检测周期
2026-01-30 12:24:35::6336	打开质量分析仪表板
2026-01-30 12:24:35::6336	图表设置文件不存在，使用默认设置
2026-01-30 12:24:35::6361	[SetupChart] 图表样式设置完成
2026-01-30 12:24:35::6374	图表设置文件不存在，使用默认设置
2026-01-30 12:24:35::6374	已保存图表状态: BoxPlot
2026-01-30 12:24:35::6387	已加载 0 条告警记录
2026-01-30 12:24:35::6387	[FocusPage] 开始加载项目数据
2026-01-30 12:24:35::6400	[FocusPage] 项目数据加载完成 - 所有项目: 0, 关注项目: 0
2026-01-30 12:24:35::6405	[LoadDetectionItems] 所有项目: 0, 关注项目: 0, 显示项目: 0
2026-01-30 12:24:37::6374	从程序目录加载图表设置: BoxPlot
2026-01-30 12:24:37::6374	图表设置已保存到: E:\posen_project\点胶检测\上位机程序\WpfApp2\Platform\PlatformHost.Wpf\bin\Release\Config\ChartSettings.json, 类型: BoxPlot
2026-01-30 01:25:56::7605	[DesktopShortcut] 桌面快捷方式已存在: C:\Users\liangyuhang\Desktop\点胶检测系统.lnk
2026-01-30 01:25:56::7634	[Application] 应用程序启动完成
2026-01-30 01:25:56::7644	[LogManager] 配置文件不存在，使用默认生产模式配置
2026-01-30 01:25:56::7644	[System] 点胶检测系统启动
2026-01-30 01:25:56::7655	初始化同轴光源控制器时出错: 无法加载 DLL“OPTController.dll”: 找不到指定的模块。 (异常来自 HRESULT:0x8007007E)。
2026-01-30 01:25:56::7674	[显示模式] FocusedProjects.json文件不存在，将显示所有项目
2026-01-30 01:25:56::7704	[显示模式] 初始化完成，默认显示所有项
2026-01-30 01:25:56::7725	[硬件配置] 硬件配置页面已初始化
2026-01-30 01:25:56::7906	配置文件不存在，已创建默认配置页面
2026-01-30 01:25:56::7915	实时数据记录器已初始化，当前LOT号：LOT_error
2026-01-30 01:25:56::7938	实时数据记录器：切换到LOT LOT_error，主文件路径：E:\posen_project\点胶检测\上位机程序\WpfApp2\Platform\PlatformHost.Wpf\bin\Release\RealTimeData\LOT_error\LOT_error_20260130_全部数据.csv
2026-01-30 01:25:56::7968	[系统初始化] 开始初始化系统检测管理器（在实时数据记录器之后）
2026-01-30 01:25:56::8000	[检测管理器] 🚀 系统启动时自动启动检测周期，3D启用: False
2026-01-30 01:25:56::8009	[AutoStartup] 开始初始化PLC自动连接...
2026-01-30 01:25:56::8909	[SplashScreen] 启动加载完成，关闭启动界面
2026-01-30 01:25:58::0214	远程文件监控服务已初始化
2026-01-30 01:25:58::0493	[远程监控] 已订阅OnLotChanged事件
2026-01-30 01:25:58::0663	[远程监控] 已订阅OnTemplateChanged事件
2026-01-30 01:25:58::5639	远程文件监控服务未启用
2026-01-30 01:25:58::5639	[远程监控] 已订阅OnTemplateNotFound事件
2026-01-30 01:26:01::8258	已进入参数配置页面
2026-01-30 01:26:02::0651	[AutoStartup] 开始尝试自动连接PLC串口...
2026-01-30 01:26:02::2360	[AutoStartup] 未发现可用串口，跳过PLC自动连接
2026-01-30 01:26:02::2373	[检测管理器] 检测周期状态已重置，准备下次检测周期
2026-01-30 01:26:39::9029	已选择样品类型: MESA，正在选择涂布类型
2026-01-30 01:26:44::0467	已清理旧的TemplateConfigPage实例
2026-01-30 01:26:45::9613	未找到VM模块: 校准.PKG增亮
2026-01-30 01:26:46::0219	[UI更新] 步骤按钮已更新到步骤 1
2026-01-30 01:26:46::9522	未找到VM模块: 校准.PKG匹配
2026-01-30 01:26:46::9847	[UI更新] 步骤按钮已更新到步骤 2
2026-01-30 01:26:50::3296	[配置管理] 配置已标记为未保存状态
2026-01-30 01:28:35::0026	未找到VM模块: 校准.PKG测角
2026-01-30 01:28:35::0783	[UI更新] 步骤按钮已更新到步骤 3
2026-01-30 01:28:36::7022	未找到VM模块: 校准.PKG内边渲染
2026-01-30 01:28:36::7177	[UI更新] 步骤按钮已更新到步骤 6
2026-01-30 01:28:37::6893	未找到VM模块: 校准.PKG二值分离
2026-01-30 01:28:37::7590	[UI更新] 步骤按钮已更新到步骤 4
2026-01-30 01:28:39::1939	未找到VM模块: 校准.BLK渲染
2026-01-30 01:28:39::2142	[UI更新] 步骤按钮已更新到步骤 7
2026-01-30 01:28:39::2152	[模板配置] 初始化自动寻BLK联动控件状态: 禁用
2026-01-30 01:28:40::3283	未找到VM模块: 校准.镀膜BLK渲染
2026-01-30 01:28:40::3570	[UI更新] 步骤按钮已更新到步骤 8
2026-01-30 01:28:41::2626	未找到VM模块: 校准.镀膜基准匹配
2026-01-30 01:28:41::2817	[模板配置] 模板兼容性处理: 镀膜G1端ROI宽 使用默认值: 50
2026-01-30 01:28:41::2827	[UI更新] 步骤按钮已更新到步骤 9
2026-01-30 01:28:41::2827	[模板配置] 模板兼容性处理: 镀膜G2端ROI宽 使用默认值: 50
2026-01-30 01:28:41::2837	[模板配置] 成功添加银面几何尺寸'将测量值设为基准值'按钮
2026-01-30 01:28:42::4906	未找到VM模块: 校准.主振瑕疵
2026-01-30 01:28:42::5243	[UI更新] 步骤按钮已更新到步骤 10
2026-01-30 01:28:48::2175	[UI更新] 步骤按钮已更新到步骤 16
2026-01-30 01:28:53::7195	算法引擎切换为: ONNX Runtime
2026-01-30 01:28:56::0067	算法引擎切换为: OpenCV
2026-01-30 01:28:57::7857	[参数清理] 参数配置检查完成，无需清理
2026-01-30 01:29:04::8407	保存模板时设置涂布类型: 单涂布
2026-01-30 01:29:04::8427	已将内存中的3D检测参数保存到模板
2026-01-30 01:29:04::8427	已将当前相机参数写入模板（即将保存）
2026-01-30 01:29:04::9796	[参数清理] 参数配置检查完成，无需清理
2026-01-30 01:29:04::9806	[参数保存] 已保存所有 10 个步骤的参数
2026-01-30 01:29:04::9806	[配置管理] 配置已标记为已保存状态
2026-01-30 01:30:44::4834	从模板配置打开质量分析仪表板
2026-01-30 01:30:44::4879	从程序目录加载图表设置: BoxPlot
2026-01-30 01:30:44::4879	已加载保存的图表状态: BoxPlot
2026-01-30 01:30:44::4894	图表设置已保存到: E:\posen_project\点胶检测\上位机程序\WpfApp2\Platform\PlatformHost.Wpf\bin\Release\Config\ChartSettings.json, 类型: BoxPlot
2026-01-30 01:30:44::4894	从程序目录加载图表设置: BoxPlot
2026-01-30 01:30:44::4901	已加载 0 条告警记录
2026-01-30 01:30:44::4944	已保存图表状态: BoxPlot
2026-01-30 01:30:44::4944	[FocusPage] 开始加载项目数据
2026-01-30 01:30:44::4944	[FocusPage] 项目数据加载完成 - 所有项目: 0, 关注项目: 0
2026-01-30 01:30:44::5117	[SmartAnalysisWidget] 预加载关注项目设置，项目数: 0
2026-01-30 01:30:44::5237	告警设置已更新: 启用=False, 统计周期=100
2026-01-30 01:30:44::5905	[LoadDetectionItems] 所有项目: 0, 关注项目: 0, 显示项目: 0
2026-01-30 01:30:44::5905	[CreateProjectGrid] 开始创建项目按钮 - 项目数: 0
2026-01-30 01:30:44::5905	[CreateProjectGrid] 没有项目数据，显示提示信息
2026-01-30 01:30:46::0963	从程序目录加载图表设置: BoxPlot
2026-01-30 01:30:46::0992	图表设置已保存到: E:\posen_project\点胶检测\上位机程序\WpfApp2\Platform\PlatformHost.Wpf\bin\Release\Config\ChartSettings.json, 类型: BoxPlot
2026-01-30 01:30:46::0992	✅ 已清零所有项目的告警计数器，标记了 0 个超限数据为已处理
2026-01-30 01:30:46::1002	已保存图表状态: BoxPlot
2026-01-30 01:30:52::2302	[2D缓存] 2D检测结果缓存已重置
2026-01-30 01:30:52::2314	[3D缓存] 3D检测数据缓存已重置
2026-01-30 01:30:52::2314	[检测管理器] 开始新的检测周期 - 3D启用: False (raw=False, shield=False)
2026-01-30 01:30:52::2314	[检测管理器] 系统状态已切换: TemplateConfiguring → WaitingForTrigger
2026-01-30 01:31:00::8843	获取到当前NG数量: 0
2026-01-30 01:31:00::8855	ImageTestModeSelectionWindow构造函数 - LOT: LOT_error, NG数量: 0
2026-01-30 01:31:00::9379	Window_Loaded: NGCountTextBox.Text = '0'
2026-01-30 01:31:00::9389	[警告] LOT根目录不存在: E:\posen_project\点胶检测\上位机程序\WpfApp2\Platform\PlatformHost.Wpf\bin\Release\原图存储\LOT_error
2026-01-30 01:31:10::0702	开始严重NG图集制作
2026-01-30 01:31:11::6798	用户选择严重NG图集制作模式
2026-01-30 01:31:15::4995	未选择有效的图片组
2026-01-30 01:31:20::5493	用户取消错误复位操作
2026-01-30 01:31:22::0951	已进入相机配置页面
2026-01-30 01:31:22::4223	[相机配置] 已进入相机配置界面，配置模式需手动激活
2026-01-30 01:31:22::6368	正在加载算法平台，请稍候...
2026-01-30 01:31:22::6388	VM解决方案初始化成功
2026-01-30 01:31:22::6388	正在加载算法平台,请耐心等待，这可能需要几秒钟...
2026-01-30 01:31:22::6651	渲染控件绑定完成
2026-01-30 01:31:28::1814	[检测管理器] 检测周期状态已重置，准备下次检测周期
2026-01-30 01:31:28::1856	[2D缓存] 2D检测结果缓存已重置
2026-01-30 01:31:28::1872	从相机界面返回：已重置检测状态并恢复检测处理
2026-01-30 01:31:33::4473	已进入硬件配置页面
2026-01-30 01:31:33::5864	[硬件配置] 页面Loaded事件触发，重新启动状态监控
2026-01-30 01:31:33::5864	[硬件配置] VM解决方案尚未完全加载，跳过相机模块初始化
2026-01-30 01:31:40::4949	[硬件配置] 正在保存相机参数...
2026-01-30 01:31:40::4962	[硬件配置] 定拍相机模块未初始化，跳过参数保存
2026-01-30 01:31:40::4982	[硬件配置] 相机参数保存操作完成
2026-01-30 01:31:40::4982	[检测管理器] 检测周期状态已重置，准备下次检测周期
2026-01-30 01:31:40::4982	[3D缓存] 3D检测数据缓存已重置
2026-01-30 01:31:40::4997	[硬件配置] 已返回主界面
2026-01-30 01:31:45::4532	已进入硬件配置页面
2026-01-30 01:31:45::4804	[硬件配置] 页面Loaded事件触发，重新启动状态监控
2026-01-30 01:31:45::4814	[硬件配置] VM解决方案尚未完全加载，跳过相机模块初始化
2026-01-30 01:31:53::4348	[硬件配置] 正在保存相机参数...
2026-01-30 01:31:53::4519	[硬件配置] 飞拍相机模块未初始化，跳过参数保存
2026-01-30 01:31:53::4825	[硬件配置] 定拍相机模块未初始化，跳过参数保存
2026-01-30 01:31:53::4875	[硬件配置] 相机参数保存操作完成
2026-01-30 01:31:53::4895	[检测管理器] 检测周期状态已重置，准备下次检测周期
2026-01-30 01:31:53::4895	[3D缓存] 3D检测数据缓存已重置
2026-01-30 01:31:53::4895	[硬件配置] 已返回主界面
2026-01-30 01:42:17::5158	已进入参数配置页面
2026-01-30 01:42:17::6179	[检测管理器] 检测周期状态已重置，准备下次检测周期
2026-01-30 01:42:17::6192	[检测管理器] 系统状态已切换: WaitingForTrigger → TemplateConfiguring
2026-01-30 01:42:17::6192	当前模板显示已更新: MESA-25
2026-01-30 01:42:21::7353	重新配置完成: 新步骤数: 17, 步骤列表: 图片选择, PKG增亮, PKG位置匹配, PKG测角, PKG分离, PKG拉胶, PKG边缘尺寸, 晶片位置与尺寸, 银面图晶片定位, 银面几何尺寸, 主振瑕疵, 上引脚瑕疵, 下引脚瑕疵, BLK破损检测, 深度破损检测, 3D配置, 模板命名
2026-01-30 01:42:22::2751	已保存相机参数到模板: E:\posen_project\点胶检测\上位机程序\WpfApp2\Platform\PlatformHost.Wpf\bin\Release\Templates\abc.json（BLK图选择=2, 镀膜图选择=3）
2026-01-30 01:42:22::3528	已同步当前相机参数到模板: E:\posen_project\点胶检测\上位机程序\WpfApp2\Platform\PlatformHost.Wpf\bin\Release\Templates\abc.json
2026-01-30 01:42:22::3661	已清理旧的TemplateConfigPage实例
2026-01-30 01:42:22::3674	[初始化] VM未加载，跳过样品类型全局变量初始化
2026-01-30 01:42:22::3679	[模板配置] 重置数据清理提示状态（新模板加载）
2026-01-30 01:42:23::7525	已切换到多图像显示模式
2026-01-30 01:42:23::7540	已从模板 'abc' 自动应用颜色配置
2026-01-30 01:42:23::7540	[颜色配置] 已更新配置对象（3D已解耦，不直接应用视图）：自定义=False, 范围=[0.000, 2.500]
2026-01-30 01:42:23::7595	已将模板中的相机参数同步到相机配置页面
2026-01-30 01:42:23::7595	已将模板中的3D检测参数加载到内存
2026-01-30 01:42:23::8921	[UI更新] 步骤按钮已更新到步骤 0
2026-01-30 01:42:23::8921	⚠️ 全局变量模块未初始化，无法更新图像选择
2026-01-30 01:42:24::0615	[配置管理] 配置已标记为已保存状态
2026-01-30 01:42:25::8268	已自动执行模板
2026-01-30 01:42:53::3124	已从模板文件夹加载图片组: a_0065
2026-01-30 01:42:55::1102	[配置管理] 配置已标记为未保存状态
2026-01-30 01:43:02::5017	未找到VM模块: 校准.镀膜BLK渲染
2026-01-30 01:43:02::5634	[UI更新] 步骤按钮已更新到步骤 8
2026-01-30 01:43:03::5663	未找到VM模块: 校准.镀膜基准匹配
2026-01-30 01:43:03::6736	[模板配置] 成功添加银面几何尺寸'将测量值设为基准值'按钮
2026-01-30 01:43:04::6127	未找到VM模块: 校准.主振瑕疵
2026-01-30 01:43:04::6550	[UI更新] 步骤按钮已更新到步骤 10
2026-01-30 01:43:05::5881	未找到VM模块: 校准.上引脚瑕疵
2026-01-30 01:43:05::6243	[UI更新] 步骤按钮已更新到步骤 11
2026-01-30 01:43:09::6259	[检测管理器] 检测周期状态已重置，准备下次检测周期
2026-01-30 01:43:09::6264	[检测管理器] 系统状态已切换: TemplateConfiguring → WaitingForTrigger
2026-01-30 10:14:44::8534	重新配置完成: 新步骤数: 17, 步骤列表: 图片选择, PKG增亮, PKG位置匹配, PKG测角, PKG分离, PKG拉胶, PKG边缘尺寸, 晶片位置与尺寸, 银面图晶片定位, 银面几何尺寸, 主振瑕疵, 上引脚瑕疵, 下引脚瑕疵, BLK破损检测, 深度破损检测, 3D配置, 模板命名
2026-01-30 10:14:44::8559	已设置涂布数目全局变量 涂布数目 = 1 (Single)
2026-01-30 10:14:44::9424	[DesktopShortcut] 桌面快捷方式已存在: C:\Users\liangyuhang\Desktop\点胶检测系统.lnk
2026-01-30 10:14:44::9424	[Application] 应用程序启动完成
2026-01-30 10:14:44::9449	[LogManager] 配置文件不存在，使用默认生产模式配置
2026-01-30 10:14:44::9459	[显示模式] 初始化完成，默认显示所有项
2026-01-30 10:14:44::9459	[显示模式] FocusedProjects.json文件不存在，将显示所有项目
2026-01-30 10:14:44::9480	相机参数初始化完成
2026-01-30 10:14:44::9480	初始化光源控制器时出错: 无法加载 DLL“OPTController.dll”: 找不到指定的模块。 (异常来自 HRESULT:0x8007007E)。
2026-01-30 10:14:44::9490	初始化同轴光源控制器时出错: 无法加载 DLL“OPTController.dll”: 找不到指定的模块。 (异常来自 HRESULT:0x8007007E)。
2026-01-30 10:14:44::9490	✅ 已更新算法全局变量 BLK图选择=2
2026-01-30 10:14:44::9490	已设置相机参数 - 飞拍曝光:8us, 延迟:0us, 定拍1强度:255（固定）/时间:20us/同轴:100us, 定拍2强度:255（固定）/时间:20us/同轴:100us, BLK图选择:2, 镀膜图选择:3
2026-01-30 10:14:44::9658	[硬件配置] 硬件配置页面已初始化
2026-01-30 10:14:44::9758	[初始化] VM未加载，改为写入算法全局变量（OpenCV/ONNX）
2026-01-30 10:14:44::9769	[AutoStartup] 开始初始化PLC自动连接...
2026-01-30 10:14:45::4973	[SplashScreen] 启动加载完成，关闭启动界面
2026-01-30 10:14:45::9813	非VM引擎，跳过VM图像控件绑定
2026-01-30 10:14:45::9833	已从模板 'abc' 自动应用颜色配置
2026-01-30 10:14:45::9855	已将模板中的相机参数同步到相机配置页面
2026-01-30 10:14:46::0023	已将模板中的3D检测参数加载到内存
2026-01-30 10:14:46::0110	[颜色配置] 已更新配置对象（3D已解耦，不直接应用视图）：自定义=False, 范围=[0.000, 2.500]
2026-01-30 10:14:46::0396	[UI更新] 步骤按钮已更新到步骤 0
2026-01-30 10:14:46::0396	✅ 已更新算法全局变量 BLK图选择=2
2026-01-30 10:14:46::0406	✅ 已更新算法全局变量 镀膜图选择=3
2026-01-30 10:14:46::0418	⚠️ 环形光源控制器未连接，跳过环形光强度和曝光时间写入
2026-01-30 10:14:46::0418	⚠️ 同轴光源控制器未连接，跳过同轴光曝光时间写入
2026-01-30 10:14:46::0418	已设置相机参数 - 飞拍曝光:8us, 延迟:0us, 定拍1强度:255（固定）/时间:20us/同轴:100us, 定拍2强度:255（固定）/时间:20us/同轴:100us, BLK图选择:2, 镀膜图选择:3
2026-01-30 10:14:46::0418	✅ 已更新算法全局变量 BLK图选择=2
2026-01-30 10:14:46::0437	已加载相机参数 - 飞拍曝光:8us, 延迟:0us, 定拍1强度:255（固定）/时间:20us/同轴:100us, 定拍2强度:255（固定）/时间:20us/同轴:100us, 45度光:False, 0度光:False, BLK图选择:2, 镀膜图选择:3
2026-01-30 10:14:46::0450	实时数据记录器：切换到LOT LOT_error，主文件路径：E:\posen_project\点胶检测\上位机程序\WpfApp2\Platform\PlatformHost.Wpf\bin\Release\RealTimeData\LOT_error\LOT_error_20260130_全部数据.csv
2026-01-30 10:14:46::0470	实时数据记录器已初始化，当前LOT号：LOT_error
2026-01-30 10:14:46::0470	[检测管理器] 系统状态: TemplateConfiguring
2026-01-30 10:14:46::0470	[检测管理器] 开始新的检测周期 - 3D启用: False (raw=False, shield=False)
2026-01-30 10:14:46::0495	[模板配置] 设置样品类型全局变量 TYPE = 0 (MESA)
2026-01-30 10:14:46::0507	[模板配置] 设置涂布数目全局变量 涂布数目 = 1 (Single)
2026-01-30 10:14:46::0826	[生产数据持久化] 生产统计数据已加载: Total=0, OK=0, NG=0, 缺陷类型=0
2026-01-30 10:14:46::5009	远程文件监控服务已初始化
2026-01-30 10:14:46::7053	[远程监控] 已订阅OnLotChanged事件
2026-01-30 10:14:46::7053	[远程监控] 已订阅OnTemplateChanged事件
2026-01-30 10:14:50::1761	[AutoStartup] 开始尝试自动连接PLC串口...
2026-01-30 10:14:51::0045	已进入参数配置页面
2026-01-30 10:14:51::0483	[检测管理器] 检测周期状态已重置，准备下次检测周期
2026-01-30 10:14:51::0483	ConfigPage 页面已加载
2026-01-30 10:14:51::0483	当前模板显示已更新: abc
2026-01-30 10:14:52::5196	已加载模板涂布类型: 单涂布 (步骤数: 17 -> 即将重新配置)
2026-01-30 10:14:52::5196	重新配置完成: 新步骤数: 17, 步骤列表: 图片选择, PKG增亮, PKG位置匹配, PKG测角, PKG分离, PKG拉胶, PKG边缘尺寸, 晶片位置与尺寸, 银面图晶片定位, 银面几何尺寸, 主振瑕疵, 上引脚瑕疵, 下引脚瑕疵, BLK破损检测, 深度破损检测, 3D配置, 模板命名
2026-01-30 10:14:52::5210	已设置涂布数目全局变量 涂布数目 = 1 (Single)
2026-01-30 10:14:52::5916	已同步当前相机参数到模板: E:\posen_project\点胶检测\上位机程序\WpfApp2\Platform\PlatformHost.Wpf\bin\Release\Templates\abc.json
2026-01-30 10:14:52::5928	[初始化] VM未加载，改为写入算法全局变量（OpenCV/ONNX）
2026-01-30 10:14:52::5928	[模板配置] 重置数据清理提示状态（新模板加载）
2026-01-30 10:14:53::5265	非VM引擎，跳过VM图像控件绑定
2026-01-30 10:14:53::5275	[颜色配置] 已更新配置对象（3D已解耦，不直接应用视图）：自定义=False, 范围=[0.000, 2.500]
2026-01-30 10:14:53::5285	已将模板中的相机参数同步到相机配置页面
2026-01-30 10:14:53::5526	[UI更新] 步骤按钮已更新到步骤 0
2026-01-30 10:14:53::5536	✅ 已更新算法全局变量 BLK图选择=2
2026-01-30 10:14:53::5631	已加载相机参数 - 飞拍曝光:8us, 延迟:0us, 定拍1强度:255（固定）/时间:20us/同轴:100us, 定拍2强度:255（固定）/时间:20us/同轴:100us, 45度光:False, 0度光:False, BLK图选择:2, 镀膜图选择:3
2026-01-30 10:14:53::5641	已自动执行模板
2026-01-30 10:14:53::5681	[配置管理] 配置已标记为已保存状态
2026-01-30 10:14:53::5681	已打开当前模板配置: abc
2026-01-30 10:14:53::5691	[模板配置] 设置样品类型全局变量 TYPE = 0 (MESA)
2026-01-30 10:14:55::0216	[模板配置] 设置样品类型全局变量 TYPE = 0 (MESA)
2026-01-30 10:14:57::3357	非VM引擎，跳过VM模块切换
2026-01-30 10:14:57::3650	[UI更新] 步骤按钮已更新到步骤 1
2026-01-30 10:14:58::1293	非VM引擎，跳过VM模块切换
2026-01-30 10:14:58::1473	[UI更新] 步骤按钮已更新到步骤 2
2026-01-30 10:14:58::8621	非VM引擎，跳过VM模块切换
2026-01-30 10:14:58::8822	[UI更新] 步骤按钮已更新到步骤 1
2026-01-30 10:15:00::0655	[配置管理] 配置已标记为未保存状态
2026-01-30 10:15:00::0655	[模板配置] 设置涂布数目全局变量 涂布数目 = 1 (Single)
2026-01-30 10:15:00::0667	[模板配置] 设置构建缓存全局变量 构建缓存 = 1
2026-01-30 10:15:02::3607	非VM引擎，跳过VM模块切换
2026-01-30 10:15:02::3812	[UI更新] 步骤按钮已更新到步骤 2
2026-01-30 10:15:02::8619	非VM引擎，跳过VM模块切换
2026-01-30 10:15:02::8674	[UI更新] 步骤按钮已更新到步骤 3
2026-01-30 10:15:03::4313	非VM引擎，跳过VM模块切换
2026-01-30 10:15:03::4509	[UI更新] 步骤按钮已更新到步骤 6
2026-01-30 10:15:04::0693	非VM引擎，跳过VM模块切换
2026-01-30 10:15:04::1368	[UI更新] 步骤按钮已更新到步骤 4
2026-01-30 10:15:06::0756	非VM引擎，跳过VM模块切换
2026-01-30 10:15:06::0867	[UI更新] 步骤按钮已更新到步骤 8
2026-01-30 10:15:06::6760	非VM引擎，跳过VM模块切换
2026-01-30 10:15:06::6970	[UI更新] 步骤按钮已更新到步骤 9
2026-01-30 10:15:06::6980	[模板配置] 初始化银面几何尺寸相关控件状态完成
2026-01-30 10:15:07::2770	非VM引擎，跳过VM模块切换
2026-01-30 10:15:07::2886	[UI更新] 步骤按钮已更新到步骤 10
2026-01-30 10:15:08::4524	非VM引擎，跳过VM图像控件绑定
2026-01-30 10:15:08::4754	[UI更新] 步骤按钮已更新到步骤 0
2026-01-30 10:15:25::8466	已从模板文件夹加载图片组: a_2674
2026-01-30 10:15:27::0412	[配置管理] 配置已标记为未保存状态
2026-01-30 10:15:27::0517	[模板配置] 设置涂布数目全局变量 涂布数目 = 1 (Single)
2026-01-30 10:15:45::6560	非VM引擎，跳过VM模块切换
2026-01-30 10:15:45::6838	[UI更新] 步骤按钮已更新到步骤 16
2026-01-30 10:15:49::1234	算法引擎切换为: OpenCV + ONNX
2026-01-30 10:15:50::3167	算法引擎切换为: ONNX Runtime
2026-01-30 10:16:38::1860	非VM引擎，跳过VM图像控件绑定
2026-01-30 10:16:38::2205	[UI更新] 步骤按钮已更新到步骤 0
2026-01-30 10:17:20::9048	[检测管理器] 检测周期状态已重置，准备下次检测周期
2026-01-30 10:17:20::9048	[2D缓存] 2D检测结果缓存已重置
2026-01-30 10:17:20::9061	[3D缓存] 3D检测数据缓存已重置
2026-01-30 10:17:22::2666	已进入硬件配置页面
2026-01-30 10:17:22::3592	[硬件配置] 页面Loaded事件触发，重新启动状态监控
2026-01-30 10:17:22::3658	[硬件配置] 通用相机配置已加载
2026-01-30 10:17:41::2701	[相机配置] Fixed 相机参数已保存
2026-01-30 10:17:43::0870	[相机配置] Flying 相机参数已保存
2026-01-30 10:17:58::4323	[硬件配置] 正在保存相机参数...
2026-01-30 10:17:58::4333	[相机配置] Flying 相机参数已保存
2026-01-30 10:17:58::4343	[硬件配置] ✓ 飞拍相机参数已保存
2026-01-30 10:17:58::4343	飞拍相机参数已保存
2026-01-30 10:17:58::4432	[检测管理器] 检测周期状态已重置，准备下次检测周期
2026-01-30 10:17:58::4442	[3D缓存] 3D检测数据缓存已重置
2026-01-30 10:18:06::9973	已显示系统版本信息
2026-01-30 11:15:53::1658	已加载模板涂布类型: 单涂布 (步骤数: 17 -> 即将重新配置)
2026-01-30 11:15:53::1658	重新配置完成: 新步骤数: 17, 步骤列表: 图片选择, PKG增亮, PKG位置匹配, PKG测角, PKG分离, PKG拉胶, PKG边缘尺寸, 晶片位置与尺寸, 银面图晶片定位, 银面几何尺寸, 主振瑕疵, 上引脚瑕疵, 下引脚瑕疵, BLK破损检测, 深度破损检测, 3D配置, 模板命名
2026-01-30 11:15:53::1668	已设置样品类型全局变量 TYPE = 0 (MESA)
2026-01-30 11:15:53::2400	[DesktopShortcut] 桌面快捷方式已存在: C:\Users\liangyuhang\Desktop\点胶检测系统.lnk
2026-01-30 11:15:53::2410	[LogManager] 配置文件不存在，使用默认生产模式配置
2026-01-30 11:15:53::2410	[显示模式] FocusedProjects.json文件不存在，将显示所有项目
2026-01-30 11:15:53::2420	相机参数初始化完成
2026-01-30 11:15:53::2430	初始化光源控制器时出错: 无法加载 DLL“OPTController.dll”: 找不到指定的模块。 (异常来自 HRESULT:0x8007007E)。
2026-01-30 11:15:53::2440	✅ 已更新算法全局变量 BLK图选择=2
2026-01-30 11:15:53::2450	⚠️ 同轴光源控制器未连接，跳过同轴光曝光时间写入
2026-01-30 11:15:53::2460	⚠️ 模板加载时光源参数写入失败或控制器未连接
2026-01-30 11:15:53::2460	已加载相机参数 - 飞拍曝光:8us, 延迟:0us, 定拍1强度:255（固定）/时间:20us/同轴:100us, 定拍2强度:255（固定）/时间:20us/同轴:100us, 45度光:False, 0度光:False, BLK图选择:2, 镀膜图选择:3
2026-01-30 11:15:53::2470	相机配置页面初始化完成 - 配置模式需手动激活
2026-01-30 11:15:53::2480	[硬件配置] 硬件配置页面已初始化
2026-01-30 11:15:53::2480	[SplashScreen] 启动界面已关闭
2026-01-30 11:15:53::2575	[初始化] VM未加载，改为写入算法全局变量（OpenCV/ONNX）
2026-01-30 11:15:53::2595	[AutoStartup] 开始初始化PLC自动连接...
2026-01-30 11:15:53::2595	[PLC串口] PLC串口控制器已初始化
2026-01-30 11:15:53::4893	[SplashScreen] 启动加载完成，关闭启动界面
2026-01-30 11:21:06::3639	重新配置完成: 新步骤数: 17, 步骤列表: 图片选择, PKG增亮, PKG位置匹配, PKG测角, PKG分离, PKG拉胶, PKG边缘尺寸, 晶片位置与尺寸, 银面图晶片定位, 银面几何尺寸, 主振瑕疵, 上引脚瑕疵, 下引脚瑕疵, BLK破损检测, 深度破损检测, 3D配置, 模板命名
2026-01-30 11:21:06::3659	已设置涂布数目全局变量 涂布数目 = 1 (Single)
2026-01-30 11:21:06::4322	[Application] 应用程序启动完成
2026-01-30 11:21:06::4332	[LogManager] 配置文件不存在，使用默认生产模式配置
2026-01-30 11:21:06::4332	[System] 点胶检测系统启动
2026-01-30 11:21:06::4342	相机参数初始化完成
2026-01-30 11:21:06::4352	初始化光源控制器时出错: 无法加载 DLL“OPTController.dll”: 找不到指定的模块。 (异常来自 HRESULT:0x8007007E)。
2026-01-30 11:21:06::4362	初始化同轴光源控制器时出错: 无法加载 DLL“OPTController.dll”: 找不到指定的模块。 (异常来自 HRESULT:0x8007007E)。
2026-01-30 11:21:06::4362	✅ 已更新算法全局变量 镀膜图选择=3
2026-01-30 11:21:06::4372	⚠️ 同轴光源控制器未连接，跳过同轴光曝光时间写入
2026-01-30 11:21:06::4372	已从模板加载相机参数: E:\posen_project\点胶检测\上位机程序\WpfApp2\Platform\PlatformHost.Wpf\bin\Release\Templates\abc.json
2026-01-30 11:21:06::4417	[硬件配置] 硬件配置页面已初始化
2026-01-30 11:21:06::4417	[SplashScreen] 启动界面已关闭
2026-01-30 11:21:06::4477	[初始化] 初始化时设置样品类型全局变量 TYPE = 0 (MESA)
2026-01-30 11:21:06::4487	[AutoStartup] 开始初始化PLC自动连接...
2026-01-30 11:21:06::4497	[AutoStartup] PLC自动连接定时器已启动（5秒后执行）
2026-01-30 11:21:06::6847	[SplashScreen] 启动加载完成，关闭启动界面
2026-01-30 11:21:07::6226	已切换到多图像显示模式
2026-01-30 11:21:07::6236	已从模板 'abc' 自动应用颜色配置
2026-01-30 11:21:07::6246	已将模板中的相机参数同步到相机配置页面
2026-01-30 11:21:07::6256	已将模板中的3D检测参数加载到内存
2026-01-30 11:21:07::6391	[颜色配置] 已更新配置对象（3D已解耦，不直接应用视图）：自定义=False, 范围=[0.000, 2.500]
2026-01-30 11:21:07::6926	[UI更新] 步骤按钮已更新到步骤 0
2026-01-30 11:21:07::6936	✅ 已更新算法全局变量 BLK图选择=2
2026-01-30 11:21:07::7128	✅ 已更新算法全局变量 镀膜图选择=3
2026-01-30 11:21:07::7128	⚠️ 模板加载时光源参数写入失败或控制器未连接
2026-01-30 11:21:07::7128	⚠️ 同轴光源控制器未连接，跳过同轴光曝光时间写入
2026-01-30 11:21:07::7138	已设置相机参数 - 飞拍曝光:8us, 延迟:0us, 定拍1强度:255（固定）/时间:20us/同轴:100us, 定拍2强度:255（固定）/时间:20us/同轴:100us, BLK图选择:2, 镀膜图选择:3
2026-01-30 11:21:07::7148	✅ 已更新算法全局变量 BLK图选择=2
2026-01-30 11:21:07::7153	⚠️ 环形光源控制器未连接，跳过环形光强度和曝光时间写入
2026-01-30 11:21:07::7173	实时数据记录器：切换到LOT LOT_error，主文件路径：E:\posen_project\点胶检测\上位机程序\WpfApp2\Platform\PlatformHost.Wpf\bin\Release\RealTimeData\LOT_error\LOT_error_20260130_全部数据.csv
2026-01-30 11:21:07::7173	实时数据记录器已初始化，当前LOT号：LOT_error
2026-01-30 11:21:07::7173	实时数据记录器初始化完成
2026-01-30 11:21:07::7183	[系统初始化] 开始初始化系统检测管理器（在实时数据记录器之后）
2026-01-30 11:21:07::7183	[检测管理器] 检测模式: Full
2026-01-30 11:21:07::7193	[3D缓存] 3D检测数据缓存已重置
2026-01-30 11:21:07::7203	[模板配置] 设置样品类型全局变量 TYPE = 0 (MESA)
2026-01-30 11:21:07::7203	[模板配置] 设置涂布数目全局变量 涂布数目 = 1 (Single)
2026-01-30 11:21:07::7213	已自动执行模板
2026-01-30 11:21:07::7398	[生产数据持久化] 生产统计数据已加载: Total=0, OK=0, NG=0, 缺陷类型=0
2026-01-30 11:21:08::0853	远程文件监控服务已初始化
2026-01-30 11:21:08::6517	[远程监控] 已订阅OnLotChanged事件
2026-01-30 11:21:08::6673	[远程监控] 已订阅OnTemplateNotFound事件
2026-01-30 11:21:11::9020	[AutoStartup] 开始尝试自动连接PLC串口...
2026-01-30 11:21:11::9030	[AutoStartup] 未发现可用串口，跳过PLC自动连接
2026-01-30 11:21:13::1229	已进入参数配置页面
2026-01-30 11:21:13::1559	[检测管理器] 检测周期状态已重置，准备下次检测周期
2026-01-30 11:21:13::1656	当前模板显示已更新: abc
2026-01-30 11:21:14::5983	重新配置完成: 新步骤数: 17, 步骤列表: 图片选择, PKG增亮, PKG位置匹配, PKG测角, PKG分离, PKG拉胶, PKG边缘尺寸, 晶片位置与尺寸, 银面图晶片定位, 银面几何尺寸, 主振瑕疵, 上引脚瑕疵, 下引脚瑕疵, BLK破损检测, 深度破损检测, 3D配置, 模板命名
2026-01-30 11:21:14::5993	已加载模板涂布类型: 单涂布 (步骤数: 17 -> 即将重新配置)
2026-01-30 11:21:14::5993	已设置样品类型全局变量 TYPE = 0 (MESA)
2026-01-30 11:21:14::6806	已保存相机参数到模板: E:\posen_project\点胶检测\上位机程序\WpfApp2\Platform\PlatformHost.Wpf\bin\Release\Templates\abc.json（BLK图选择=2, 镀膜图选择=3）
2026-01-30 11:21:14::6818	已同步当前相机参数到模板: E:\posen_project\点胶检测\上位机程序\WpfApp2\Platform\PlatformHost.Wpf\bin\Release\Templates\abc.json
2026-01-30 11:21:14::7028	已清理旧的TemplateConfigPage实例
2026-01-30 11:21:14::7028	[初始化] VM未加载，改为写入算法全局变量（OpenCV/ONNX）
2026-01-30 11:21:14::7038	[初始化] 初始化时设置样品类型全局变量 TYPE = 0 (MESA)
2026-01-30 11:21:14::7038	[模板配置] 重置数据清理提示状态（新模板加载）
2026-01-30 11:21:15::5315	已切换到多图像显示模式
2026-01-30 11:21:15::5325	已从模板 'abc' 自动应用颜色配置
2026-01-30 11:21:15::5335	已将模板中的相机参数同步到相机配置页面
2026-01-30 11:21:15::5763	[UI更新] 步骤按钮已更新到步骤 0
2026-01-30 11:21:15::5773	已设置相机参数 - 飞拍曝光:8us, 延迟:0us, 定拍1强度:255（固定）/时间:20us/同轴:100us, 定拍2强度:255（固定）/时间:20us/同轴:100us, BLK图选择:2, 镀膜图选择:3
2026-01-30 11:21:15::5773	已自动执行模板
2026-01-30 11:21:15::5905	[配置管理] 配置已标记为已保存状态
2026-01-30 11:21:15::5905	[模板配置] 设置样品类型全局变量 TYPE = 0 (MESA)
2026-01-30 11:21:15::5915	[模板配置] 设置涂布数目全局变量 涂布数目 = 1 (Single)
2026-01-30 11:21:31::8388	已从模板文件夹加载图片组: a_2674
2026-01-30 11:21:33::3687	[配置管理] 配置已标记为未保存状态
2026-01-30 11:21:33::3687	[模板配置] 设置样品类型全局变量 TYPE = 0 (MESA)
2026-01-30 11:21:33::3776	[模板配置] 设置构建缓存全局变量 构建缓存 = 1
2026-01-30 11:21:38::5128	非VM引擎，跳过VM模块切换
2026-01-30 11:21:38::5248	[UI更新] 步骤按钮已更新到步骤 1
2026-01-30 11:21:39::2063	非VM引擎，跳过VM模块切换
2026-01-30 11:21:39::2348	[UI更新] 步骤按钮已更新到步骤 2
2026-01-30 11:21:39::7162	非VM引擎，跳过VM模块切换
2026-01-30 11:21:39::7372	[UI更新] 步骤按钮已更新到步骤 1
2026-01-30 11:21:40::1961	已切换到多图像显示模式
2026-01-30 11:21:40::2052	[UI更新] 步骤按钮已更新到步骤 0
2026-01-30 11:21:41::8404	非VM引擎，跳过VM模块切换
2026-01-30 11:21:42::0209	[UI更新] 步骤按钮已更新到步骤 1
2026-01-30 11:21:42::3508	已切换到多图像显示模式
2026-01-30 11:21:42::4046	[UI更新] 步骤按钮已更新到步骤 0
2026-01-30 11:21:43::4739	非VM引擎，跳过VM模块切换
2026-01-30 11:21:43::6211	[UI更新] 步骤按钮已更新到步骤 1
2026-01-30 11:21:44::0470	非VM引擎，跳过VM模块切换
2026-01-30 11:21:44::0794	[UI更新] 步骤按钮已更新到步骤 2
2026-01-30 11:21:44::5488	非VM引擎，跳过VM模块切换
2026-01-30 11:21:44::5528	[UI更新] 步骤按钮已更新到步骤 1
2026-01-30 11:21:45::0527	已切换到多图像显示模式
2026-01-30 11:21:45::0632	[UI更新] 步骤按钮已更新到步骤 0
2026-01-30 11:27:16::5672	[检测管理器] 检测周期状态已重置，准备下次检测周期
2026-01-30 11:27:16::5682	[2D缓存] 2D检测结果缓存已重置
2026-01-30 11:27:16::5769	[检测管理器] 开始新的检测周期 - 3D启用: False (raw=False, shield=False)
2026-01-30 01:22:33::8890	已加载模板涂布类型: 单涂布 (步骤数: 17 -> 即将重新配置)
2026-01-30 01:22:33::8900	已设置样品类型全局变量 TYPE = 0 (MESA)
2026-01-30 01:22:33::9620	[DesktopShortcut] 桌面快捷方式已存在: C:\Users\liangyuhang\Desktop\点胶检测系统.lnk
2026-01-30 01:22:33::9630	[LogManager] 配置文件不存在，使用默认生产模式配置
2026-01-30 01:22:33::9630	[System] 点胶检测系统启动
2026-01-30 01:22:33::9650	相机参数初始化完成
2026-01-30 01:22:33::9660	初始化光源控制器时出错: 无法加载 DLL“OPTController.dll”: 找不到指定的模块。 (异常来自 HRESULT:0x8007007E)。
2026-01-30 01:22:33::9705	初始化同轴光源控制器时出错: 无法加载 DLL“OPTController.dll”: 找不到指定的模块。 (异常来自 HRESULT:0x8007007E)。
2026-01-30 01:22:33::9705	✅ 已更新算法全局变量 BLK图选择=2
2026-01-30 01:22:33::9715	⚠️ 环形光源控制器未连接，跳过环形光强度和曝光时间写入
2026-01-30 01:22:33::9715	[硬件配置] 硬件配置页面构造函数开始执行
2026-01-30 01:22:33::9815	[硬件配置] 硬件配置页面已初始化
2026-01-30 01:22:33::9912	[SplashScreen] 启动界面已关闭
2026-01-30 01:22:33::9912	[初始化] 初始化时设置样品类型全局变量 TYPE = 0 (MESA)
2026-01-30 01:22:33::9912	[模板配置] 重置数据清理提示状态（新模板加载）
2026-01-30 01:22:33::9925	[AutoStartup] 开始初始化PLC自动连接...
2026-01-30 01:22:33::9925	[AutoStartup] PLC自动连接定时器已启动（5秒后执行）
2026-01-30 01:22:34::2038	[SplashScreen] 启动加载完成，关闭启动界面
2026-01-30 01:22:35::5590	已切换到多图像显示模式
2026-01-30 01:22:35::5600	[颜色配置] 已更新配置对象（3D已解耦，不直接应用视图）：自定义=False, 范围=[0.000, 2.500]
2026-01-30 01:22:35::5610	已将模板中的相机参数同步到相机配置页面
2026-01-30 01:22:35::5751	[颜色配置] 已更新配置对象（3D已解耦，不直接应用视图）：自定义=False, 范围=[0.000, 2.500]
2026-01-30 01:22:35::6177	远程文件监控服务已初始化
2026-01-30 01:22:35::6642	[UI更新] 步骤按钮已更新到步骤 0
2026-01-30 01:22:35::6642	✅ 已更新算法全局变量 BLK图选择=2
2026-01-30 01:22:35::6652	⚠️ 环形光源控制器未连接，跳过环形光强度和曝光时间写入
2026-01-30 01:22:35::6664	⚠️ 模板加载时光源参数写入失败或控制器未连接
2026-01-30 01:22:35::6674	已加载相机参数 - 飞拍曝光:8us, 延迟:0us, 定拍1强度:255（固定）/时间:20us/同轴:100us, 定拍2强度:255（固定）/时间:20us/同轴:100us, 45度光:False, 0度光:False, BLK图选择:2, 镀膜图选择:3
2026-01-30 01:22:35::6684	已自动应用模板颜色配置: 自定义=False, 范围=[0.000, 2.500]
2026-01-30 01:22:35::6695	[系统初始化] 开始初始化系统检测管理器（在实时数据记录器之后）
2026-01-30 01:22:35::6695	[检测管理器] 系统状态: TemplateConfiguring
2026-01-30 01:22:35::6706	[2D缓存] 2D检测结果缓存已重置
2026-01-30 01:22:35::6716	[远程监控] 已订阅OnLotChanged事件
2026-01-30 01:22:35::6716	[远程监控] 已订阅OnTemplateChanged事件
2026-01-30 01:22:35::6726	[远程监控] 已订阅OnTemplateNotFound事件
2026-01-30 01:22:35::6736	远程文件监控服务未启用
2026-01-30 01:22:35::6736	已自动执行模板
2026-01-30 01:22:35::6936	[生产数据持久化] 生产统计数据已加载: Total=0, OK=0, NG=0, 缺陷类型=0
2026-01-30 01:22:37::8718	已进入参数配置页面
2026-01-30 01:22:37::9024	[检测管理器] 检测周期状态已重置，准备下次检测周期
2026-01-30 01:22:37::9119	ConfigPage 页面已加载
2026-01-30 01:22:39::0572	[AutoStartup] 开始尝试自动连接PLC串口...
2026-01-30 01:22:41::1371	已加载模板涂布类型: 单涂布 (步骤数: 17 -> 即将重新配置)
2026-01-30 01:22:41::1383	已设置样品类型全局变量 TYPE = 0 (MESA)
2026-01-30 01:22:41::3330	已保存相机参数到模板: E:\posen_project\点胶检测\上位机程序\WpfApp2\Platform\PlatformHost.Wpf\bin\Release\Templates\abc.json（BLK图选择=2, 镀膜图选择=3）
2026-01-30 01:22:41::6468	[初始化] 初始化时设置涂布数目全局变量 涂布数目 = 1 (Single)
2026-01-30 01:22:42::0753	已切换到多图像显示模式
2026-01-30 01:22:42::0753	已从模板 'abc' 自动应用颜色配置
2026-01-30 01:22:42::0778	已将模板中的3D检测参数加载到内存
2026-01-30 01:22:42::1251	✅ 已更新算法全局变量 镀膜图选择=3
2026-01-30 01:22:42::1261	已自动执行模板
2026-01-30 01:22:42::1428	已加载模板: abc (类型: MESA, 涂布: 单涂布)
2026-01-30 01:22:42::1433	[模板配置] 设置涂布数目全局变量 涂布数目 = 1 (Single)
2026-01-30 01:22:54::2610	已从模板文件夹加载图片组: a_2674
2026-01-30 01:22:55::4776	[配置管理] 配置已标记为未保存状态
2026-01-30 01:22:55::4786	[模板配置] 设置样品类型全局变量 TYPE = 0 (MESA)
2026-01-30 01:22:56::1624	非VM引擎，跳过VM模块切换
2026-01-30 01:22:56::1965	[UI更新] 步骤按钮已更新到步骤 1
2026-01-30 01:22:57::3151	已切换到多图像显示模式
2026-01-30 01:22:57::3432	[UI更新] 步骤按钮已更新到步骤 0
2026-01-30 01:22:58::6435	非VM引擎，跳过VM模块切换
2026-01-30 01:22:58::6708	[UI更新] 步骤按钮已更新到步骤 1
2026-01-30 01:22:59::0780	非VM引擎，跳过VM模块切换
2026-01-30 01:22:59::0840	[UI更新] 步骤按钮已更新到步骤 2
2026-01-30 01:23:00::0641	非VM引擎，跳过VM模块切换
2026-01-30 01:23:00::0822	[UI更新] 步骤按钮已更新到步骤 1
2026-01-30 01:23:00::7035	已切换到多图像显示模式
2026-01-30 01:23:00::7265	[UI更新] 步骤按钮已更新到步骤 0
2026-01-30 01:23:03::0349	保存模板时设置涂布类型: 单涂布
2026-01-30 01:23:03::0359	已将当前相机参数写入模板（即将保存）
2026-01-30 01:23:03::0457	已将内存中的3D检测参数保存到模板
2026-01-30 01:23:03::2149	[参数清理] 参数配置检查完成，无需清理
2026-01-30 01:23:03::4471	[参数保存] 已保存所有 3 个步骤的参数
2026-01-30 01:23:03::9463	[检测管理器] 检测周期状态已重置，准备下次检测周期
2026-01-30 01:23:03::9463	[3D缓存] 3D检测数据缓存已重置
2026-01-30 01:23:03::9473	[检测管理器] 系统状态已切换: TemplateConfiguring → WaitingForTrigger
2026-01-30 01:23:09::8765	已进入参数配置页面
2026-01-30 01:23:09::9180	[检测管理器] 系统状态已切换: WaitingForTrigger → TemplateConfiguring
2026-01-30 01:23:11::1302	重新配置完成: 新步骤数: 17, 步骤列表: 图片选择, PKG增亮, PKG位置匹配, PKG测角, PKG分离, PKG拉胶, PKG边缘尺寸, 晶片位置与尺寸, 银面图晶片定位, 银面几何尺寸, 主振瑕疵, 上引脚瑕疵, 下引脚瑕疵, BLK破损检测, 深度破损检测, 3D配置, 模板命名
2026-01-30 01:23:11::1312	已设置样品类型全局变量 TYPE = 0 (MESA)
2026-01-30 01:23:11::2290	已保存相机参数到模板: E:\posen_project\点胶检测\上位机程序\WpfApp2\Platform\PlatformHost.Wpf\bin\Release\Templates\abc.json（BLK图选择=2, 镀膜图选择=3）
2026-01-30 01:23:11::2302	[初始化] VM未加载，改为写入算法全局变量（OpenCV/ONNX）
2026-01-30 01:23:11::2302	[初始化] 初始化时设置涂布数目全局变量 涂布数目 = 1 (Single)
2026-01-30 01:23:12::0554	已切换到多图像显示模式
2026-01-30 01:23:12::0564	已从模板 'abc' 自动应用颜色配置
2026-01-30 01:23:12::0594	已将模板中的3D检测参数加载到内存
2026-01-30 01:23:12::0674	已从模板加载并自动匹配图片组: a_2674
2026-01-30 01:23:12::7499	[UI更新] 步骤按钮已更新到步骤 0
2026-01-30 01:23:12::7499	已加载相机参数 - 飞拍曝光:8us, 延迟:0us, 定拍1强度:255（固定）/时间:20us/同轴:100us, 定拍2强度:255（固定）/时间:20us/同轴:100us, 45度光:False, 0度光:False, BLK图选择:2, 镀膜图选择:3
2026-01-30 01:23:12::7511	已设置相机参数 - 飞拍曝光:8us, 延迟:0us, 定拍1强度:255（固定）/时间:20us/同轴:100us, 定拍2强度:255（固定）/时间:20us/同轴:100us, BLK图选择:2, 镀膜图选择:3
2026-01-30 01:23:12::7704	已自动执行模板
2026-01-30 01:23:12::9320	[配置管理] 配置已标记为已保存状态
2026-01-30 01:23:12::9545	已打开当前模板配置: abc
2026-01-30 01:23:12::9545	[模板配置] 设置构建缓存全局变量 构建缓存 = 1
2026-01-30 01:23:13::3383	非VM引擎，跳过VM模块切换
2026-01-30 01:23:13::6141	[UI更新] 步骤按钮已更新到步骤 1
2026-01-30 01:23:13::8103	非VM引擎，跳过VM模块切换
2026-01-30 01:23:13::8183	[UI更新] 步骤按钮已更新到步骤 2
2026-01-30 01:23:14::4140	非VM引擎，跳过VM模块切换
2026-01-30 01:23:14::4438	[UI更新] 步骤按钮已更新到步骤 2
2026-01-30 01:23:14::9022	非VM引擎，跳过VM模块切换
2026-01-30 01:23:14::9077	[UI更新] 步骤按钮已更新到步骤 3
2026-01-30 01:23:16::2983	[配置管理] 配置已标记为未保存状态
2026-01-30 01:23:16::2983	[模板配置] 设置样品类型全局变量 TYPE = 0 (MESA)
2026-01-30 01:23:16::2993	[模板配置] 设置构建缓存全局变量 构建缓存 = 1
2026-01-30 01:23:56::4249	非VM引擎，跳过VM模块切换
2026-01-30 01:23:56::4651	[UI更新] 步骤按钮已更新到步骤 12
2026-01-30 01:23:56::9700	非VM引擎，跳过VM模块切换
2026-01-30 01:23:56::9828	[UI更新] 步骤按钮已更新到步骤 11
2026-01-30 01:23:57::4745	非VM引擎，跳过VM模块切换
2026-01-30 01:23:57::4791	[UI更新] 步骤按钮已更新到步骤 10
2026-01-30 01:23:57::9677	非VM引擎，跳过VM模块切换
2026-01-30 01:23:57::9758	[UI更新] 步骤按钮已更新到步骤 9
2026-01-30 01:23:57::9768	[模板配置] 初始化银面几何尺寸相关控件状态完成
2026-01-30 01:23:57::9768	[模板配置] 成功添加银面几何尺寸'将测量值设为基准值'按钮
2026-01-30 01:23:58::8780	非VM引擎，跳过VM模块切换
2026-01-30 01:23:58::8850	[UI更新] 步骤按钮已更新到步骤 8
2026-01-30 01:23:59::2914	非VM引擎，跳过VM模块切换
2026-01-30 01:23:59::2985	[UI更新] 步骤按钮已更新到步骤 7
2026-01-30 01:23:59::2985	[模板配置] 成功添加'将测量值设为基准值'按钮
2026-01-30 01:23:59::3075	[模板配置] 初始化自动寻BLK联动控件状态: 禁用
2026-01-30 01:23:59::7286	非VM引擎，跳过VM模块切换
2026-01-30 01:23:59::7336	[UI更新] 步骤按钮已更新到步骤 5
2026-01-30 01:24:01::3443	已切换到多图像显示模式
2026-01-30 01:24:01::3684	[UI更新] 步骤按钮已更新到步骤 0
2026-01-30 01:24:05::5957	非VM引擎，跳过VM模块切换
2026-01-30 01:24:05::6281	[UI更新] 步骤按钮已更新到步骤 12
2026-01-30 01:24:09::4725	保存模板时设置涂布类型: 单涂布
2026-01-30 01:24:09::4972	[参数清理] 参数配置检查完成，无需清理
2026-01-30 01:24:09::4972	[参数保存] 已保存所有 11 个步骤的参数
2026-01-30 01:24:10::2964	[检测管理器] 检测周期状态已重置，准备下次检测周期
2026-01-30 01:24:10::2964	[3D缓存] 3D检测数据缓存已重置
2026-01-30 01:24:10::2964	[模板配置页面] 页面返回时已重置检测状态并恢复检测处理，3D启用: False
2026-01-30 01:28:15::2093	获取到当前NG数量: 0
2026-01-30 01:28:15::2103	准备创建ImageTestModeSelectionWindow，LOT: LOT_error, NG数量: 0
2026-01-30 01:28:15::2113	Window_Loaded: 设置NGCountTextBox为 0
2026-01-30 01:28:15::2113	Window_Loaded: NGCountTextBox.Text = '0'
2026-01-30 01:28:15::2136	Window_Loaded: NGCountTextBox.IsEnabled = True
2026-01-30 01:28:15::2136	[警告] 当前LOT (LOT_error) 未找到NG图片
2026-01-30 01:28:19::3675	已进入参数配置页面
2026-01-30 01:28:19::4108	[检测管理器] 检测周期状态已重置，准备下次检测周期
2026-01-30 01:28:19::4108	ConfigPage 页面已加载
2026-01-30 01:28:24::0511	[检测管理器] 检测周期状态已重置，准备下次检测周期
2026-01-30 01:28:24::0521	[检测管理器] 开始新的检测周期 - 3D启用: False (raw=False, shield=False)
2026-01-30 01:53:10::5753	已加载模板涂布类型: 单涂布 (步骤数: 17 -> 即将重新配置)
2026-01-30 01:53:10::5763	已设置样品类型全局变量 TYPE = 0 (MESA)
2026-01-30 01:53:10::6499	[DesktopShortcut] 桌面快捷方式已存在: C:\Users\liangyuhang\Desktop\点胶检测系统.lnk
2026-01-30 01:53:10::6499	[LogManager] 配置文件不存在，使用默认生产模式配置
2026-01-30 01:53:10::6511	[显示模式] FocusedProjects.json文件不存在，将显示所有项目
2026-01-30 01:53:10::6522	相机参数初始化完成
2026-01-30 01:53:10::6522	初始化光源控制器时出错: 无法加载 DLL“OPTController.dll”: 找不到指定的模块。 (异常来自 HRESULT:0x8007007E)。
2026-01-30 01:53:10::6534	✅ 已更新算法全局变量 镀膜图选择=3
2026-01-30 01:53:10::6544	⚠️ 同轴光源控制器未连接，跳过同轴光曝光时间写入
2026-01-30 01:53:10::6544	[硬件配置] 硬件配置页面构造函数开始执行
2026-01-30 01:53:10::6544	[硬件配置] 硬件配置页面已初始化
2026-01-30 01:53:10::6559	[SplashScreen] 启动界面已关闭
2026-01-30 01:53:10::6667	[初始化] VM未加载，改为写入算法全局变量（OpenCV/ONNX）
2026-01-30 01:53:10::6667	[模板配置] 重置数据清理提示状态（新模板加载）
2026-01-30 01:53:10::6687	[AutoStartup] 开始初始化PLC自动连接...
2026-01-30 01:53:10::8936	[SplashScreen] 启动加载完成，关闭启动界面
2026-01-30 01:53:12::2826	远程文件监控服务已初始化
2026-01-30 01:53:12::3052	[远程监控] 已订阅OnLotChanged事件
2026-01-30 01:53:12::3052	[远程监控] 已订阅OnTemplateChanged事件
2026-01-30 01:53:12::3156	[远程监控] 服务初始化完成, IsRunning=False
2026-01-30 01:53:12::9349	已切换到多图像显示模式
2026-01-30 01:53:12::9359	[颜色配置] 已更新配置对象（3D已解耦，不直接应用视图）：自定义=False, 范围=[0.000, 2.500]
2026-01-30 01:53:12::9369	已将模板中的相机参数同步到相机配置页面
2026-01-30 01:53:12::9470	已将模板中的3D检测参数加载到内存
2026-01-30 01:53:12::9530	[颜色配置] 已更新配置对象（3D已解耦，不直接应用视图）：自定义=False, 范围=[0.000, 2.500]
2026-01-30 01:53:12::9744	[UI更新] 步骤按钮已更新到步骤 0
2026-01-30 01:53:12::9744	✅ 已更新算法全局变量 BLK图选择=2
2026-01-30 01:53:12::9757	✅ 已更新算法全局变量 镀膜图选择=3
2026-01-30 01:53:12::9757	⚠️ 同轴光源控制器未连接，跳过同轴光曝光时间写入
2026-01-30 01:53:12::9771	已设置相机参数 - 飞拍曝光:8us, 延迟:0us, 定拍1强度:255（固定）/时间:20us/同轴:100us, 定拍2强度:255（固定）/时间:20us/同轴:100us, BLK图选择:2, 镀膜图选择:3
2026-01-30 01:53:12::9771	✅ 已更新算法全局变量 镀膜图选择=3
2026-01-30 01:53:12::9781	已设置相机参数 - 飞拍曝光:8us, 延迟:0us, 定拍1强度:255（固定）/时间:20us/同轴:100us, 定拍2强度:255（固定）/时间:20us/同轴:100us, BLK图选择:2, 镀膜图选择:3
2026-01-30 01:53:12::9796	实时数据记录器：切换到LOT LOT_error，主文件路径：E:\posen_project\点胶检测\上位机程序\WpfApp2\Platform\PlatformHost.Wpf\bin\Release\RealTimeData\LOT_error\LOT_error_20260130_全部数据.csv
2026-01-30 01:53:12::9806	实时数据记录器已初始化，当前LOT号：LOT_error
2026-01-30 01:53:12::9806	实时数据记录器初始化完成
2026-01-30 01:53:12::9806	[系统初始化] 开始初始化系统检测管理器（在实时数据记录器之后）
2026-01-30 01:53:12::9819	[2D缓存] 2D检测结果缓存已重置
2026-01-30 01:53:12::9839	[模板配置] 设置样品类型全局变量 TYPE = 0 (MESA)
2026-01-30 01:53:12::9839	[模板配置] 设置涂布数目全局变量 涂布数目 = 1 (Single)
2026-01-30 01:53:13::0058	[生产数据持久化] 生产统计数据已加载: Total=0, OK=0, NG=0, 缺陷类型=0
2026-01-30 01:53:15::9122	[AutoStartup] 开始尝试自动连接PLC串口...
2026-01-30 01:53:20::9875	已进入参数配置页面
2026-01-30 01:53:21::0310	[检测管理器] 检测周期状态已重置，准备下次检测周期
2026-01-30 01:53:21::0310	[页面切换] 切换到参数配置页面，已切换为模板配置模式
2026-01-30 01:53:23::0560	重新配置完成: 新步骤数: 17, 步骤列表: 图片选择, PKG增亮, PKG位置匹配, PKG测角, PKG分离, PKG拉胶, PKG边缘尺寸, 晶片位置与尺寸, 银面图晶片定位, 银面几何尺寸, 主振瑕疵, 上引脚瑕疵, 下引脚瑕疵, BLK破损检测, 深度破损检测, 3D配置, 模板命名
2026-01-30 01:53:23::0560	已设置涂布数目全局变量 涂布数目 = 1 (Single)
2026-01-30 01:53:23::1221	已保存相机参数到模板: E:\posen_project\点胶检测\上位机程序\WpfApp2\Platform\PlatformHost.Wpf\bin\Release\Templates\abc.json（BLK图选择=2, 镀膜图选择=3）
2026-01-30 01:53:23::1232	已同步当前相机参数到模板: E:\posen_project\点胶检测\上位机程序\WpfApp2\Platform\PlatformHost.Wpf\bin\Release\Templates\abc.json
2026-01-30 01:53:23::1247	已清理旧的TemplateConfigPage实例
2026-01-30 01:53:23::1257	[初始化] VM未加载，改为写入算法全局变量（OpenCV/ONNX）
2026-01-30 01:53:23::1267	[初始化] 初始化时设置样品类型全局变量 TYPE = 0 (MESA)
2026-01-30 01:53:23::1277	[初始化] 初始化时设置涂布数目全局变量 涂布数目 = 1 (Single)
2026-01-30 01:53:24::2095	已切换到多图像显示模式
2026-01-30 01:53:24::2105	[颜色配置] 已更新配置对象（3D已解耦，不直接应用视图）：自定义=False, 范围=[0.000, 2.500]
2026-01-30 01:53:24::2175	已将模板中的3D检测参数加载到内存
2026-01-30 01:53:24::2265	已从模板加载并自动匹配图片组: a_2674
2026-01-30 01:53:24::2581	[UI更新] 步骤按钮已更新到步骤 0
2026-01-30 01:53:24::2581	✅ 已更新算法全局变量 镀膜图选择=3
2026-01-30 01:53:24::2591	已设置相机参数 - 飞拍曝光:8us, 延迟:0us, 定拍1强度:255（固定）/时间:20us/同轴:100us, 定拍2强度:255（固定）/时间:20us/同轴:100us, BLK图选择:2, 镀膜图选择:3
2026-01-30 01:53:24::2591	已自动执行模板
2026-01-30 01:53:24::2731	[配置管理] 配置已标记为已保存状态
2026-01-30 01:53:24::2741	[模板配置] 设置样品类型全局变量 TYPE = 0 (MESA)
2026-01-30 01:53:26::3443	[配置管理] 配置已标记为未保存状态
2026-01-30 01:53:26::3453	[模板配置] 设置构建缓存全局变量 构建缓存 = 1
2026-01-30 01:53:28::1187	非VM引擎，跳过VM模块切换
2026-01-30 01:53:28::1485	[UI更新] 步骤按钮已更新到步骤 1
2026-01-30 01:53:29::0398	已切换到多图像显示模式
2026-01-30 01:53:29::0824	[UI更新] 步骤按钮已更新到步骤 0
2026-01-30 01:54:05::0063	保存模板时设置涂布类型: 单涂布
2026-01-30 01:54:05::0063	已将当前相机参数写入模板（即将保存）
2026-01-30 01:54:05::0063	已将内存中的3D检测参数保存到模板
2026-01-30 01:54:05::2209	[参数清理] 参数配置检查完成，无需清理
2026-01-30 01:54:05::9516	[检测管理器] 检测周期状态已重置，准备下次检测周期
2026-01-30 01:54:05::9522	[检测管理器] 开始新的检测周期 - 3D启用: False (raw=False, shield=False)
2026-01-30 02:01:03::1743	已加载模板涂布类型: 单涂布 (步骤数: 17 -> 即将重新配置)
2026-01-30 02:01:03::1758	已设置样品类型全局变量 TYPE = 0 (MESA)
2026-01-30 02:01:03::2570	[Application] 应用程序启动完成
2026-01-30 02:01:03::2570	[System] 点胶检测系统启动
2026-01-30 02:01:03::2580	[显示模式] FocusedProjects.json文件不存在，将显示所有项目
2026-01-30 02:01:03::2590	[显示模式] 初始化完成，默认显示所有项
2026-01-30 02:01:03::2600	相机参数初始化完成
2026-01-30 02:01:03::2610	初始化光源控制器时出错: 无法加载 DLL“OPTController.dll”: 找不到指定的模块。 (异常来自 HRESULT:0x8007007E)。
2026-01-30 02:01:03::2610	✅ 已更新算法全局变量 BLK图选择=2
2026-01-30 02:01:03::2620	⚠️ 模板加载时光源参数写入失败或控制器未连接
2026-01-30 02:01:03::2620	已设置相机参数 - 飞拍曝光:8us, 延迟:0us, 定拍1强度:255（固定）/时间:20us/同轴:100us, 定拍2强度:255（固定）/时间:20us/同轴:100us, BLK图选择:2, 镀膜图选择:3
2026-01-30 02:01:03::2630	已从模板加载相机参数: E:\posen_project\点胶检测\上位机程序\WpfApp2\Platform\PlatformHost.Wpf\bin\Release\Templates\abc.json
2026-01-30 02:01:03::2630	已加载相机参数 - 飞拍曝光:8us, 延迟:0us, 定拍1强度:255（固定）/时间:20us/同轴:100us, 定拍2强度:255（固定）/时间:20us/同轴:100us, 45度光:False, 0度光:False, BLK图选择:2, 镀膜图选择:3
2026-01-30 02:01:03::2650	[硬件配置] 硬件配置页面已初始化
2026-01-30 02:01:03::2650	[SplashScreen] 启动界面已关闭
2026-01-30 02:01:03::2725	[初始化] VM未加载，改为写入算法全局变量（OpenCV/ONNX）
2026-01-30 02:01:03::2735	[初始化] 初始化时设置涂布数目全局变量 涂布数目 = 1 (Single)
2026-01-30 02:01:03::2745	[AutoStartup] 开始初始化PLC自动连接...
2026-01-30 02:01:03::2745	[PLC串口] PLC串口控制器已初始化
2026-01-30 02:01:03::4788	[SplashScreen] 启动加载完成，关闭启动界面
2026-01-30 02:01:04::4514	已切换到多图像显示模式
2026-01-30 02:01:04::4539	已从模板 'abc' 自动应用颜色配置
2026-01-30 02:01:04::4549	已将模板中的相机参数同步到相机配置页面
2026-01-30 02:01:04::4645	已从模板加载并自动匹配图片组: a_2674
2026-01-30 02:01:04::4705	[颜色配置] 已更新配置对象（3D已解耦，不直接应用视图）：自定义=False, 范围=[0.000, 2.500]
2026-01-30 02:01:04::4919	[UI更新] 步骤按钮已更新到步骤 0
2026-01-30 02:01:04::4929	✅ 已更新算法全局变量 BLK图选择=2
2026-01-30 02:01:04::4929	✅ 已更新算法全局变量 镀膜图选择=3
2026-01-30 02:01:04::4939	⚠️ 环形光源控制器未连接，跳过环形光强度和曝光时间写入
2026-01-30 02:01:04::4949	⚠️ 同轴光源控制器未连接，跳过同轴光曝光时间写入
2026-01-30 02:01:04::4949	已设置相机参数 - 飞拍曝光:8us, 延迟:0us, 定拍1强度:255（固定）/时间:20us/同轴:100us, 定拍2强度:255（固定）/时间:20us/同轴:100us, BLK图选择:2, 镀膜图选择:3
2026-01-30 02:01:04::4959	✅ 已更新算法全局变量 BLK图选择=2
2026-01-30 02:01:04::4969	已设置相机参数 - 飞拍曝光:8us, 延迟:0us, 定拍1强度:255（固定）/时间:20us/同轴:100us, 定拍2强度:255（固定）/时间:20us/同轴:100us, BLK图选择:2, 镀膜图选择:3
2026-01-30 02:01:04::4994	实时数据记录器：切换到LOT LOT_error，主文件路径：E:\posen_project\点胶检测\上位机程序\WpfApp2\Platform\PlatformHost.Wpf\bin\Release\RealTimeData\LOT_error\LOT_error_20260130_全部数据.csv
2026-01-30 02:01:04::4994	实时数据记录器已初始化，当前LOT号：LOT_error
2026-01-30 02:01:04::5004	[检测管理器] 检测模式: Full
2026-01-30 02:01:04::5014	[检测管理器] 开始新的检测周期 - 3D启用: False (raw=False, shield=False)
2026-01-30 02:01:04::5024	[模板配置] 设置样品类型全局变量 TYPE = 0 (MESA)
2026-01-30 02:01:04::5024	[模板配置] 设置涂布数目全局变量 涂布数目 = 1 (Single)
2026-01-30 02:01:04::5369	[生产数据持久化] 生产统计数据已加载: Total=0, OK=0, NG=0, 缺陷类型=0
2026-01-30 02:01:04::8543	远程文件监控服务已初始化
2026-01-30 02:01:04::8564	[远程监控] 已订阅OnTemplateChanged事件
2026-01-30 02:01:06::5194	已进入参数配置页面
2026-01-30 02:01:06::5817	[检测管理器] 检测周期状态已重置，准备下次检测周期
2026-01-30 02:01:06::5817	[页面切换] 切换到参数配置页面，已切换为模板配置模式
2026-01-30 02:01:06::5817	ConfigPage 页面已加载
2026-01-30 02:01:08::6911	[AutoStartup] 开始尝试自动连接PLC串口...
2026-01-30 02:01:12::5835	[检测管理器] 检测周期状态已重置，准备下次检测周期
2026-01-30 02:01:12::5845	[2D缓存] 2D检测结果缓存已重置
2026-01-30 02:01:14::2391	已进入参数配置页面
2026-01-30 02:01:14::2877	[检测管理器] 系统状态已切换: WaitingForTrigger → TemplateConfiguring
2026-01-30 02:01:14::2887	[页面切换] 切换到参数配置页面，已切换为模板配置模式
2026-01-30 02:01:19::9311	已加载模板涂布类型: 单涂布 (步骤数: 17 -> 即将重新配置)
2026-01-30 02:01:19::9324	已设置涂布数目全局变量 涂布数目 = 1 (Single)
2026-01-30 02:01:20::0120	已保存相机参数到模板: E:\posen_project\点胶检测\上位机程序\WpfApp2\Platform\PlatformHost.Wpf\bin\Release\Templates\abc.json（BLK图选择=2, 镀膜图选择=3）
2026-01-30 02:01:20::1488	[初始化] VM未加载，改为写入算法全局变量（OpenCV/ONNX）
2026-01-30 02:01:20::1498	[初始化] 初始化时设置样品类型全局变量 TYPE = 0 (MESA)
2026-01-30 02:01:20::9038	已切换到多图像显示模式
2026-01-30 02:01:20::9048	已从模板 'abc' 自动应用颜色配置
2026-01-30 02:01:20::9060	已将模板中的相机参数同步到相机配置页面
2026-01-30 02:01:20::9060	已将模板中的3D检测参数加载到内存
2026-01-30 02:01:20::9145	已从模板加载并自动匹配图片组: a_2674
2026-01-30 02:01:20::9443	[UI更新] 步骤按钮已更新到步骤 0
2026-01-30 02:01:20::9443	✅ 已更新算法全局变量 镀膜图选择=3
2026-01-30 02:01:20::9453	已加载相机参数 - 飞拍曝光:8us, 延迟:0us, 定拍1强度:255（固定）/时间:20us/同轴:100us, 定拍2强度:255（固定）/时间:20us/同轴:100us, 45度光:False, 0度光:False, BLK图选择:2, 镀膜图选择:3
2026-01-30 02:01:20::9583	[配置管理] 配置已标记为已保存状态
2026-01-30 02:01:20::9593	已加载模板: abc (类型: MESA, 涂布: 单涂布)
2026-01-30 02:01:20::9593	[模板配置] 设置样品类型全局变量 TYPE = 0 (MESA)
2026-01-30 02:01:24::4735	[配置管理] 配置已标记为未保存状态
2026-01-30 02:01:24::4735	[模板配置] 设置样品类型全局变量 TYPE = 0 (MESA)
2026-01-30 02:01:24::4735	[模板配置] 设置涂布数目全局变量 涂布数目 = 1 (Single)
2026-01-30 02:02:07::6205	[检测管理器] 检测周期状态已重置，准备下次检测周期
2026-01-30 02:02:07::6215	[3D缓存] 3D检测数据缓存已重置
2026-01-30 02:02:07::6215	[检测管理器] 系统状态已切换: TemplateConfiguring → WaitingForTrigger
2026-01-30 02:02:08::6102	已进入参数配置页面
2026-01-30 02:02:08::6364	[检测管理器] 检测周期状态已重置，准备下次检测周期
2026-01-30 02:02:08::6462	[检测管理器] 系统状态已切换: WaitingForTrigger → TemplateConfiguring
2026-01-30 02:02:13::0509	已选择样品类型: 示例，正在选择涂布类型
2026-01-30 02:02:15::9104	已清理旧的TemplateConfigPage实例
2026-01-30 02:02:15::9104	[初始化] VM未加载，改为写入算法全局变量（OpenCV/ONNX）
2026-01-30 02:02:15::9197	[初始化] 初始化时设置样品类型全局变量 TYPE = 3 (Demo)
2026-01-30 02:02:17::5043	非VM引擎，跳过VM模块切换
2026-01-30 02:02:17::5260	[UI更新] 步骤按钮已更新到步骤 1
2026-01-30 02:02:20::6027	非VM引擎，跳过VM模块切换
2026-01-30 02:02:20::6281	[UI更新] 步骤按钮已更新到步骤 2
2026-01-30 02:02:21::1651	非VM引擎，跳过VM模块切换
2026-01-30 02:02:21::1901	[UI更新] 步骤按钮已更新到步骤 3
2026-01-30 02:02:21::6001	非VM引擎，跳过VM模块切换
2026-01-30 02:02:21::6051	[UI更新] 步骤按钮已更新到步骤 2
2026-01-30 02:02:21::9682	非VM引擎，跳过VM模块切换
2026-01-30 02:02:21::9752	[UI更新] 步骤按钮已更新到步骤 1
2026-01-30 02:02:22::4033	已切换到多图像显示模式
2026-01-30 02:02:22::4083	[UI更新] 步骤按钮已更新到步骤 0
2026-01-30 02:02:23::3158	非VM引擎，跳过VM模块切换
2026-01-30 02:02:23::3395	[UI更新] 步骤按钮已更新到步骤 1
2026-01-30 02:02:23::8696	非VM引擎，跳过VM模块切换
2026-01-30 02:02:23::8997	[UI更新] 步骤按钮已更新到步骤 2
2026-01-30 02:02:24::2964	非VM引擎，跳过VM模块切换
2026-01-30 02:02:24::3038	[UI更新] 步骤按钮已更新到步骤 1
2026-01-30 02:02:25::3272	[配置管理] 配置已标记为未保存状态
2026-01-30 02:02:25::3282	[模板配置] 设置涂布数目全局变量 涂布数目 = 1 (Single)
2026-01-30 02:02:25::3282	[参数应用] 设置全局变量 'Demo_基准长度' = '100' (当前编辑步骤)
2026-01-30 02:02:26::4444	非VM引擎，跳过VM模块切换
2026-01-30 02:02:26::4671	[UI更新] 步骤按钮已更新到步骤 2
2026-01-30 02:02:26::7844	非VM引擎，跳过VM模块切换
2026-01-30 02:02:26::7904	[UI更新] 步骤按钮已更新到步骤 3
2026-01-30 02:02:27::1707	非VM引擎，跳过VM模块切换
2026-01-30 02:02:27::1777	[UI更新] 步骤按钮已更新到步骤 4
2026-01-30 02:02:27::5339	非VM引擎，跳过VM模块切换
2026-01-30 02:02:27::5406	[UI更新] 步骤按钮已更新到步骤 3
2026-01-30 02:02:27::9366	非VM引擎，跳过VM模块切换
2026-01-30 02:02:27::9416	[UI更新] 步骤按钮已更新到步骤 2
2026-01-30 02:02:28::2686	非VM引擎，跳过VM模块切换
2026-01-30 02:02:28::2750	[UI更新] 步骤按钮已更新到步骤 1
2026-01-30 02:02:28::6012	已切换到多图像显示模式
2026-01-30 02:02:28::6053	[UI更新] 步骤按钮已更新到步骤 0
2026-01-30 02:02:29::1203	非VM引擎，跳过VM模块切换
2026-01-30 02:02:29::1395	[UI更新] 步骤按钮已更新到步骤 1
2026-01-30 02:02:29::5396	已切换到多图像显示模式
2026-01-30 02:04:22::3522	非VM引擎，跳过VM模块切换
2026-01-30 02:04:22::3636	[UI更新] 步骤按钮已更新到步骤 1
2026-01-30 02:04:23::0633	非VM引擎，跳过VM模块切换
2026-01-30 02:04:23::0839	[UI更新] 步骤按钮已更新到步骤 2
2026-01-30 02:04:23::5227	非VM引擎，跳过VM模块切换
2026-01-30 02:04:23::5280	[UI更新] 步骤按钮已更新到步骤 3
2026-01-30 02:04:23::9406	非VM引擎，跳过VM模块切换
2026-01-30 02:04:23::9472	[UI更新] 步骤按钮已更新到步骤 4
2026-01-30 02:04:24::3014	非VM引擎，跳过VM模块切换
2026-01-30 02:04:24::3067	[UI更新] 步骤按钮已更新到步骤 3
2026-01-30 02:04:24::6710	非VM引擎，跳过VM模块切换
2026-01-30 02:04:24::6790	[UI更新] 步骤按钮已更新到步骤 2
2026-01-30 02:04:25::0401	非VM引擎，跳过VM模块切换
2026-01-30 02:04:25::0473	[UI更新] 步骤按钮已更新到步骤 1
2026-01-30 02:04:25::3758	已切换到多图像显示模式
2026-01-30 02:04:25::3808	[UI更新] 步骤按钮已更新到步骤 0
2026-01-30 02:04:28::0516	[参数清理] 参数配置检查完成，无需清理
2026-01-30 02:04:28::0613	[参数保存] 已保存所有 5 个步骤的参数
2026-01-30 02:04:28::9855	[2D缓存] 2D检测结果缓存已重置
2026-01-30 02:04:28::9949	[检测管理器] 系统状态已切换: TemplateConfiguring → WaitingForTrigger
2026-01-30 02:04:30::5318	已进入参数配置页面
2026-01-30 02:04:30::5525	[检测管理器] 检测周期状态已重置，准备下次检测周期
2026-01-30 02:04:30::5525	[页面切换] 切换到参数配置页面，已切换为模板配置模式
2026-01-30 02:04:30::5535	当前模板显示已更新: abc
2026-01-30 02:04:32::3813	[检测管理器] 检测周期状态已重置，准备下次检测周期
2026-01-30 02:04:32::3823	[检测管理器] 开始新的检测周期 - 3D启用: False (raw=False, shield=False)
2026-01-30 02:04:32::3823	[配置页面] 页面返回时已重置检测状态并恢复检测处理，3D启用: False
2026-01-30 02:05:19::3068	已进入参数配置页面
2026-01-30 02:05:19::3701	[检测管理器] 检测周期状态已重置，准备下次检测周期
2026-01-30 02:05:19::3701	[页面切换] 切换到参数配置页面，已切换为模板配置模式
2026-01-30 02:05:45::5829	[检测管理器] 检测周期状态已重置，准备下次检测周期
2026-01-30 02:05:45::5829	[2D缓存] 2D检测结果缓存已重置
2026-01-30 02:05:45::5918	[配置页面] 页面返回时已重置检测状态并恢复检测处理，3D启用: False
2026-01-30 02:06:48::0973	已进入参数配置页面
2026-01-30 02:06:48::1318	[检测管理器] 检测周期状态已重置，准备下次检测周期
2026-01-30 02:06:48::1328	ConfigPage 页面已加载
2026-01-30 02:11:40::4021	已选择样品类型: 示例，正在选择涂布类型
2026-01-30 02:11:43::7109	已清理旧的TemplateConfigPage实例
2026-01-30 02:11:43::7357	[初始化] VM未加载，改为写入算法全局变量（OpenCV/ONNX）
2026-01-30 02:11:43::7419	[初始化] 初始化时设置样品类型全局变量 TYPE = 3 (Demo)
2026-01-30 02:11:43::7419	[初始化] 初始化时设置涂布数目全局变量 涂布数目 = 1 (Single)
2026-01-30 02:11:44::8953	非VM引擎，跳过VM模块切换
2026-01-30 02:11:44::9182	[UI更新] 步骤按钮已更新到步骤 1
2026-01-30 02:11:45::4155	非VM引擎，跳过VM模块切换
2026-01-30 02:11:45::4216	[UI更新] 步骤按钮已更新到步骤 2
2026-01-30 02:11:45::8406	非VM引擎，跳过VM模块切换
2026-01-30 02:11:45::8456	[UI更新] 步骤按钮已更新到步骤 3
2026-01-30 02:11:46::2031	非VM引擎，跳过VM模块切换
2026-01-30 02:11:46::2081	[UI更新] 步骤按钮已更新到步骤 4
2026-01-30 02:11:46::5623	非VM引擎，跳过VM模块切换
2026-01-30 02:11:46::5696	[UI更新] 步骤按钮已更新到步骤 3
2026-01-30 02:11:46::9224	非VM引擎，跳过VM模块切换
2026-01-30 02:11:46::9294	[UI更新] 步骤按钮已更新到步骤 2
2026-01-30 02:11:47::3408	非VM引擎，跳过VM模块切换
2026-01-30 02:11:47::3458	[UI更新] 步骤按钮已更新到步骤 1
2026-01-30 02:11:47::8281	已切换到多图像显示模式
2026-01-30 02:11:47::8359	[UI更新] 步骤按钮已更新到步骤 0
2026-01-30 02:11:49::2380	非VM引擎，跳过VM模块切换
2026-01-30 02:11:49::2611	[UI更新] 步骤按钮已更新到步骤 1
2026-01-30 02:11:49::6866	非VM引擎，跳过VM模块切换
2026-01-30 02:11:49::6932	[UI更新] 步骤按钮已更新到步骤 2
2026-01-30 02:11:50::1101	非VM引擎，跳过VM模块切换
2026-01-30 02:11:50::1194	[UI更新] 步骤按钮已更新到步骤 3
2026-01-30 02:11:50::5614	非VM引擎，跳过VM模块切换
2026-01-30 02:11:50::5644	[UI更新] 步骤按钮已更新到步骤 4
2026-01-30 02:11:50::9207	非VM引擎，跳过VM模块切换
2026-01-30 02:11:50::9262	[UI更新] 步骤按钮已更新到步骤 3
2026-01-30 02:11:51::8022	非VM引擎，跳过VM模块切换
2026-01-30 02:11:51::8082	[UI更新] 步骤按钮已更新到步骤 1
2026-01-30 02:11:52::1947	已切换到多图像显示模式
2026-01-30 02:11:52::1967	[UI更新] 步骤按钮已更新到步骤 0
2026-01-30 02:11:52::5202	非VM引擎，跳过VM模块切换
2026-01-30 02:11:52::5285	[UI更新] 步骤按钮已更新到步骤 1
2026-01-30 02:11:52::8808	非VM引擎，跳过VM模块切换
2026-01-30 02:11:52::8878	[UI更新] 步骤按钮已更新到步骤 2
2026-01-30 02:11:53::2282	非VM引擎，跳过VM模块切换
2026-01-30 02:11:53::2332	[UI更新] 步骤按钮已更新到步骤 1
2026-01-30 02:11:54::3694	已切换到多图像显示模式
2026-01-30 02:11:54::3964	[UI更新] 步骤按钮已更新到步骤 0
2026-01-30 02:11:55::6718	[检测管理器] 检测周期状态已重置，准备下次检测周期
2026-01-30 02:11:55::6807	[3D缓存] 3D检测数据缓存已重置
2026-01-30 02:11:57::3357	已进入参数配置页面
2026-01-30 02:11:57::3724	[页面切换] 切换到参数配置页面，已切换为模板配置模式
2026-01-30 02:11:57::3724	ConfigPage 页面已加载
2026-01-30 02:11:58::6865	[检测管理器] 检测周期状态已重置，准备下次检测周期
2026-01-30 02:11:58::6954	[3D缓存] 3D检测数据缓存已重置
2026-01-30 02:12:19::3009	打开质量分析仪表板
2026-01-30 02:12:19::8955	从程序目录加载图表设置: BoxPlot
2026-01-30 02:12:19::8966	[SetupChart] 图表样式设置完成
2026-01-30 02:12:19::8966	从程序目录加载图表设置: BoxPlot
2026-01-30 02:12:19::8980	已保存图表状态: BoxPlot
2026-01-30 02:12:19::8980	[FocusPage] 获取到 0 个项目（包括导入项目）
2026-01-30 02:12:19::8980	[LoadDetectionItems] 所有项目: 0, 关注项目: 0, 显示项目: 0
2026-01-30 02:12:22::0478	从程序目录加载图表设置: BoxPlot
2026-01-30 08:22:42::5478	已加载模板档案: Standard Template (步骤数: 2 -> 即将重新配置)
2026-01-30 08:22:42::5724	重新配置完成: 新步骤数: 2, 步骤列表: 图片选择, 模板命名
2026-01-30 08:22:43::5934	远程文件监控服务已初始化
2026-01-30 08:22:43::9586	[DesktopShortcut] 桌面快捷方式已存在: C:\Users\liangyuhang\Desktop\点胶检测系统.lnk
2026-01-30 08:22:43::9633	[Application] 应用程序启动完成
2026-01-30 08:22:43::9684	[System] 点胶检测系统启动
2026-01-30 08:22:43::9700	[显示模式] FocusedProjects.json文件不存在，将显示所有项目
2026-01-30 08:22:43::9700	[LogManager] 配置文件不存在，使用默认生产模式配置
2026-01-30 08:22:44::0055	[显示模式] 初始化完成，默认显示所有项
2026-01-30 08:22:44::0066	已加载相机参数 - 飞拍曝光:8us, 延迟:0us, 定拍1强度:255（固定）/时间:20us/同轴:100us, 定拍2强度:255（固定）/时间:20us/同轴:100us, 45度光:False, 0度光:False, BLK图选择:2, 镀膜图选择:3
2026-01-30 08:22:44::1976	已从模板加载相机参数: E:\posen_project\点胶检测\上位机程序\WpfApp2\Platform\PlatformHost.Wpf\bin\Release\Templates\abc.json
2026-01-30 08:22:44::2304	[硬件配置] 硬件配置页面已初始化
2026-01-30 08:22:44::2470	[SplashScreen] 启动界面已关闭
2026-01-30 08:22:44::2798	[初始化] VM未加载，改为写入算法全局变量（OpenCV/ONNX）
2026-01-30 08:22:44::2808	[模板配置] 重置数据清理提示状态（新模板加载）
2026-01-30 08:22:44::2834	[远程监控] 已订阅OnTemplateChanged事件
2026-01-30 08:22:44::2935	[远程监控] 服务初始化完成, IsRunning=False
2026-01-30 08:22:44::3267	远程文件监控服务未启用
2026-01-30 08:22:44::3839	[AutoStartup] 开始初始化PLC自动连接...
2026-01-30 08:22:44::4502	[PLC串口] PLC串口控制器已初始化
2026-01-30 08:22:44::4876	[AutoStartup] PLC自动连接定时器已启动（5秒后执行）
2026-01-30 08:22:48::9786	[AutoStartup] 开始尝试自动连接PLC串口...
2026-01-30 08:22:48::9786	[AutoStartup] 未发现可用串口，跳过PLC自动连接
2026-01-30 08:22:55::0917	[模板配置] 用户选择保留无效历史数据（默认行为，不影响检测）
2026-01-30 08:22:55::5321	已切换到多图像显示模式
2026-01-30 08:22:55::5331	[颜色配置] 已更新配置对象（3D已解耦，不直接应用视图）：自定义=False, 范围=[0.000, 2.500]
2026-01-30 08:22:55::5541	已将模板中的相机参数同步到相机配置页面
2026-01-30 08:22:55::5909	已将模板中的3D检测参数加载到内存
2026-01-30 08:22:55::6140	[颜色配置] 已更新配置对象（3D已解耦，不直接应用视图）：自定义=False, 范围=[0.000, 2.500]
2026-01-30 08:22:56::5936	[UI更新] 步骤按钮已更新到步骤 0
2026-01-30 08:22:56::5956	✅ 已更新算法全局变量 BLK图选择=2
2026-01-30 08:22:56::6039	⚠️ 环形光源控制器未连接，跳过环形光强度和曝光时间写入
2026-01-30 08:22:56::9683	实时数据记录器：切换到LOT LOT_error，主文件路径：E:\posen_project\点胶检测\上位机程序\WpfApp2\Platform\PlatformHost.Wpf\bin\Release\RealTimeData\LOT_error\LOT_error_20260130_全部数据.csv
2026-01-30 08:22:56::9693	[2D缓存] 2D检测结果缓存已重置
2026-01-30 08:22:56::9719	[检测管理器] ✅ 系统检测管理器已初始化
2026-01-30 08:22:56::9731	已自动执行模板
2026-01-30 08:22:57::2176	[生产数据持久化] 生产统计数据已加载: Total=0, OK=0, NG=0, 缺陷类型=0
2026-01-30 08:22:57::8880	已进入参数配置页面
2026-01-30 08:22:58::0771	[检测管理器] 检测周期状态已重置，准备下次检测周期
2026-01-30 08:22:58::4463	当前模板显示已更新: abc
2026-01-30 08:23:02::0042	已加载模板档案: Standard Template (步骤数: 2 -> 即将重新配置)
2026-01-30 08:23:03::3136	已保存相机参数到模板: E:\posen_project\点胶检测\上位机程序\WpfApp2\Platform\PlatformHost.Wpf\bin\Release\Templates\abc.json（BLK图选择=2, 镀膜图选择=3）
2026-01-30 08:23:03::3278	已同步当前相机参数到模板: E:\posen_project\点胶检测\上位机程序\WpfApp2\Platform\PlatformHost.Wpf\bin\Release\Templates\abc.json
2026-01-30 08:23:03::5344	已清理旧的TemplateConfigPage实例
2026-01-30 08:23:03::6101	[初始化] VM未加载，改为写入算法全局变量（OpenCV/ONNX）
2026-01-30 08:23:03::9667	已设置系统状态为模板配置模式 - 图片匹配将只需要2D完成
2026-01-30 08:23:03::9667	[初始化] VM未加载，改为写入算法全局变量（OpenCV/ONNX）
2026-01-30 08:23:05::7917	[模板配置] 用户选择保留无效历史数据（默认行为，不影响检测）
2026-01-30 08:23:06::4179	已切换到多图像显示模式
2026-01-30 08:23:06::4179	已从模板 'abc' 自动应用颜色配置
2026-01-30 08:23:06::4351	已将模板中的相机参数同步到相机配置页面
2026-01-30 08:23:06::4351	已将模板中的3D检测参数加载到内存
2026-01-30 08:23:06::4568	已从模板加载并自动匹配图片组: a_2674
2026-01-30 08:23:06::4568	未找到PKG位置匹配步骤配置
2026-01-30 08:23:06::5932	[UI更新] 步骤按钮已更新到步骤 0
2026-01-30 08:23:06::5955	✅ 已更新算法全局变量 BLK图选择=2
2026-01-30 08:23:06::5967	已设置相机参数 - 飞拍曝光:8us, 延迟:0us, 定拍1强度:255（固定）/时间:20us/同轴:100us, 定拍2强度:255（固定）/时间:20us/同轴:100us, BLK图选择:2, 镀膜图选择:3
2026-01-30 08:23:06::7622	[配置管理] 配置已标记为已保存状态
2026-01-30 08:23:06::7622	已加载模板: abc (档案: Standard Template)
2026-01-30 08:23:06::7636	[模板配置] 设置构建缓存全局变量 构建缓存 = 1
2026-01-30 08:23:10::8332	[初始化] VM未加载，改为写入算法全局变量（OpenCV/ONNX）
2026-01-30 08:23:10::8344	[模板配置] 设置构建缓存全局变量 构建缓存 = 1
2026-01-30 08:23:12::4287	非VM引擎，跳过VM模块切换
2026-01-30 08:23:13::2412	[UI更新] 步骤按钮已更新到步骤 1
2026-01-30 08:23:13::4805	已切换到多图像显示模式
2026-01-30 08:23:13::5258	[UI更新] 步骤按钮已更新到步骤 0
2026-01-30 08:23:17::5954	保存模板时设置模板档案: Standard Template
2026-01-30 08:23:17::5954	已将内存中的3D检测参数保存到模板
2026-01-30 08:23:17::5964	已将当前相机参数写入模板（即将保存）
2026-01-30 08:23:17::9751	[参数清理] 已清理 58 个无效参数
2026-01-30 08:23:17::9763	[模板保存] 已同时保存VM解决方案到磁盘
2026-01-30 08:23:18::9613	[检测管理器] 检测周期状态已重置，准备下次检测周期
2026-01-30 08:23:18::9668	[3D缓存] 3D检测数据缓存已重置
2026-01-30 08:23:19::0029	[2D缓存] 2D检测结果缓存已重置
2026-01-30 08:23:19::0064	[检测管理器] 开始新的检测周期 - 3D启用: False (raw=False, shield=False)
2026-01-30 08:23:22::4661	打开质量分析仪表板
2026-01-30 08:23:22::4676	从程序目录加载图表设置: BoxPlot
2026-01-30 08:23:22::4724	已加载保存的图表状态: BoxPlot
2026-01-30 08:23:22::4737	图表设置已保存到: E:\posen_project\点胶检测\上位机程序\WpfApp2\Platform\PlatformHost.Wpf\bin\Release\Config\ChartSettings.json, 类型: BoxPlot
2026-01-30 08:23:22::4869	已加载 0 条告警记录
2026-01-30 08:23:23::4866	从程序目录加载图表设置: BoxPlot
2026-01-30 08:23:23::4936	图表设置已保存到: E:\posen_project\点胶检测\上位机程序\WpfApp2\Platform\PlatformHost.Wpf\bin\Release\Config\ChartSettings.json, 类型: BoxPlot
2026-01-30 08:23:23::4970	已保存图表状态: BoxPlot
2026-01-30 08:23:23::4984	[ClearImportedData] 已清除所有导入数据
2026-01-30 08:23:23::4984	✅ 已清零所有项目的告警计数器，标记了 0 个超限数据为已处理
2026-01-30 08:48:14::9720	[DesktopShortcut] 桌面快捷方式已存在: C:\Users\liangyuhang\Desktop\点胶检测系统.lnk
2026-01-30 08:48:14::9840	[Application] 应用程序启动完成
2026-01-30 08:48:14::9914	[LogManager] 配置文件不存在，使用默认生产模式配置
2026-01-30 08:48:14::9924	[System] 点胶检测系统启动
2026-01-30 08:48:14::9935	相机参数初始化完成
2026-01-30 08:48:15::0086	初始化光源控制器时出错: 无法加载 DLL“OPTController.dll”: 找不到指定的模块。 (异常来自 HRESULT:0x8007007E)。
2026-01-30 08:48:15::1909	初始化同轴光源控制器时出错: 无法加载 DLL“OPTController.dll”: 找不到指定的模块。 (异常来自 HRESULT:0x8007007E)。
2026-01-30 08:48:15::2232	[警告] [相机配置] 从模板加载相机参数失败: Bad JSON escape sequence: \涓. Path 'Detection3DParams.HeightImagePath', line 32, position 52.
2026-01-30 08:48:15::6110	远程文件监控服务已初始化
2026-01-30 08:48:15::6272	[硬件配置] 硬件配置页面构造函数开始执行
2026-01-30 08:48:15::6310	相机配置页面初始化完成 - 配置模式需手动激活
2026-01-30 08:48:15::6320	[SplashScreen] 启动界面已关闭
2026-01-30 08:48:15::6587	[SplashScreen] 启动加载完成，关闭启动界面
2026-01-30 08:48:15::6798	[AutoStartup] 开始初始化PLC自动连接...
2026-01-30 08:48:16::0203	[AutoStartup] PLC自动连接定时器已启动（5秒后执行）
2026-01-30 08:48:16::6913	[远程监控] 已订阅OnLotChanged事件
2026-01-30 08:48:16::7517	远程文件监控服务未启用
2026-01-30 08:48:16::7517	[PLC串口] PLC串口控制器已初始化
2026-01-30 08:48:16::7535	[远程监控] 已订阅OnTemplateChanged事件
2026-01-30 08:48:20::4535	[AutoStartup] 开始尝试自动连接PLC串口...
2026-01-30 08:48:28::3696	实时数据记录器：切换到LOT LOT_error，主文件路径：E:\posen_project\点胶检测\上位机程序\WpfApp2\Platform\PlatformHost.Wpf\bin\Release\RealTimeData\LOT_error\LOT_error_20260130_全部数据.csv
2026-01-30 08:48:28::3718	实时数据记录器已初始化，当前LOT号：LOT_error
2026-01-30 08:48:28::3762	[检测管理器] 系统状态: TemplateConfiguring
2026-01-30 08:48:28::3812	[检测管理器] 🚀 系统启动时自动启动检测周期，3D启用: False
2026-01-30 08:48:28::5055	[生产数据持久化] 生产统计数据已加载: Total=0, OK=0, NG=0, 缺陷类型=0
2026-01-30 09:04:00::0967	[DesktopShortcut] 桌面快捷方式已存在: C:\Users\liangyuhang\Desktop\点胶检测系统.lnk
2026-01-30 09:04:00::1617	[Application] 应用程序启动完成
2026-01-30 09:04:00::2428	[System] 点胶检测系统启动
2026-01-30 09:04:00::2721	初始化光源控制器时出错: 无法加载 DLL“OPTController.dll”: 找不到指定的模块。 (异常来自 HRESULT:0x8007007E)。
2026-01-30 09:04:00::2833	相机参数初始化完成
2026-01-30 09:04:00::5674	初始化同轴光源控制器时出错: 无法加载 DLL“OPTController.dll”: 找不到指定的模块。 (异常来自 HRESULT:0x8007007E)。
2026-01-30 09:04:00::5689	[警告] [相机配置] 从模板加载相机参数失败: Bad JSON escape sequence: \U. Path 'InputParameters.ImageSelection.鍥剧墖璺緞', line 11, position 23.
2026-01-30 09:04:00::5702	[硬件配置] 硬件配置页面构造函数开始执行
2026-01-30 09:04:00::6076	已从模板加载相机参数: E:\posen_project\点胶检测\上位机程序\WpfApp2\Platform\PlatformHost.Wpf\bin\Release\Templates\abc.json
2026-01-30 09:04:00::6276	远程文件监控服务已初始化
2026-01-30 09:04:00::9683	[SplashScreen] 启动界面已关闭
2026-01-30 09:04:01::9278	[SplashScreen] 启动加载完成，关闭启动界面
2026-01-30 09:04:01::9310	[AutoStartup] 开始初始化PLC自动连接...
2026-01-30 09:04:01::9330	[AutoStartup] PLC自动连接定时器已启动（5秒后执行）
2026-01-30 09:04:01::9340	[远程监控] 已订阅OnTemplateChanged事件
2026-01-30 09:04:05::4023	[AutoStartup] 开始尝试自动连接PLC串口...
2026-01-30 09:04:05::4023	[AutoStartup] 未发现可用串口，跳过PLC自动连接
2026-01-30 09:04:10::7742	实时数据记录器：切换到LOT LOT_error，主文件路径：E:\posen_project\点胶检测\上位机程序\WpfApp2\Platform\PlatformHost.Wpf\bin\Release\RealTimeData\LOT_error\LOT_error_20260130_全部数据.csv
2026-01-30 09:04:10::7786	[检测管理器] 检测模式: Full
2026-01-30 09:04:10::7847	[检测管理器] 系统状态: TemplateConfiguring
2026-01-30 09:04:10::8460	[2D缓存] 2D检测结果缓存已重置
2026-01-30 09:04:11::0127	[3D缓存] 3D检测数据缓存已重置
2026-01-30 09:04:11::0127	[检测管理器] 开始新的检测周期 - 3D启用: False (raw=False, shield=False)
2026-01-30 09:04:11::0891	[生产数据持久化] 生产统计数据已加载: Total=0, OK=0, NG=0, 缺陷类型=0
2026-01-30 09:04:16::4948	已进入参数配置页面
2026-01-30 09:04:16::5617	[检测管理器] 检测周期状态已重置，准备下次检测周期
2026-01-30 09:04:16::5630	[页面切换] 切换到参数配置页面，已切换为模板配置模式
2026-01-30 09:04:16::6334	ConfigPage 页面已加载
2026-01-30 09:04:16::6955	当前模板显示已更新: MESA-25
2026-01-30 09:04:41::7844	[初始化] VM未加载，改为写入算法全局变量（OpenCV/ONNX）
2026-01-30 09:04:41::8116	开始配置新模板 - 模板档案: Basic Template
2026-01-30 09:04:43::3821	非VM引擎，跳过VM模块切换
2026-01-30 09:04:43::4352	[UI更新] 步骤按钮已更新到步骤 1
2026-01-30 09:04:44::8792	已切换到多图像显示模式
2026-01-30 09:04:44::9239	[UI更新] 步骤按钮已更新到步骤 0
2026-01-30 09:05:07::7914	已从模板文件夹加载图片组: a_2674
2026-01-30 09:05:16::7019	[配置管理] 配置已标记为未保存状态
2026-01-30 09:05:16::7196	[模板配置] 设置构建缓存全局变量 构建缓存 = 1
2026-01-30 09:05:19::8366	非VM引擎，跳过VM模块切换
2026-01-30 09:05:19::8773	[UI更新] 步骤按钮已更新到步骤 1
2026-01-30 09:05:22::1778	保存模板时设置模板档案: Basic Template
2026-01-30 09:05:22::1804	已将当前相机参数写入模板（即将保存）
2026-01-30 09:05:22::1822	已将内存中的3D检测参数保存到模板
2026-01-30 09:05:22::6780	[参数清理] 参数配置检查完成，无需清理
2026-01-30 09:05:26::7504	[3D缓存] 3D检测数据缓存已重置
2026-01-30 09:05:26::7530	[模板配置页面] 页面返回时已重置检测状态并恢复检测处理，3D启用: False
2026-01-30 09:05:28::3625	已进入参数配置页面
2026-01-30 09:05:28::4026	[检测管理器] 检测周期状态已重置，准备下次检测周期
2026-01-30 09:05:28::4026	[页面切换] 切换到参数配置页面，已切换为模板配置模式
2026-01-30 09:05:28::4041	[检测管理器] 系统状态已切换: WaitingForTrigger → TemplateConfiguring
2026-01-30 09:05:28::4144	ConfigPage 页面已加载
2026-01-30 09:05:28::4144	当前模板显示已更新: MESA-25
2026-01-30 09:06:13::1032	已加载模板档案: Basic Template (步骤数: 2 -> 即将重新配置)
2026-01-30 09:06:13::7655	已保存相机参数到模板: E:\posen_project\点胶检测\上位机程序\WpfApp2\Platform\PlatformHost.Wpf\bin\Release\Templates\Template-Basic.json（BLK图选择=2, 镀膜图选择=3）
2026-01-30 09:06:13::7655	已同步当前相机参数到模板: E:\posen_project\点胶检测\上位机程序\WpfApp2\Platform\PlatformHost.Wpf\bin\Release\Templates\Template-Basic.json
2026-01-30 09:06:14::0276	已清理旧的TemplateConfigPage实例
2026-01-30 09:06:14::0287	[初始化] VM未加载，改为写入算法全局变量（OpenCV/ONNX）
2026-01-30 09:06:14::0287	已设置系统状态为模板配置模式 - 图片匹配将只需要2D完成
2026-01-30 09:06:14::0299	[模板配置] 重置数据清理提示状态（新模板加载）
2026-01-30 09:06:14::0304	[初始化] VM未加载，改为写入算法全局变量（OpenCV/ONNX）
2026-01-30 09:06:15::2379	已切换到多图像显示模式
2026-01-30 09:06:15::2667	已将模板中的相机参数同步到相机配置页面
2026-01-30 09:06:15::2747	已将模板中的3D检测参数加载到内存
2026-01-30 09:06:15::2960	已从模板加载并自动匹配图片组: a_2674
2026-01-30 09:06:15::2975	未找到PKG位置匹配步骤配置
2026-01-30 09:06:15::4039	[UI更新] 步骤按钮已更新到步骤 0
2026-01-30 09:06:15::4083	✅ 已更新算法全局变量 BLK图选择=2
2026-01-30 09:06:15::4103	✅ 已更新算法全局变量 镀膜图选择=3
2026-01-30 09:06:15::4209	已设置相机参数 - 飞拍曝光:8us, 延迟:0us, 定拍1强度:255（固定）/时间:20us/同轴:100us, 定拍2强度:255（固定）/时间:20us/同轴:100us, BLK图选择:2, 镀膜图选择:3
2026-01-30 09:06:15::4307	已自动执行模板
2026-01-30 09:06:15::4992	已加载模板: Template-Basic (档案: Basic Template)
2026-01-30 09:06:15::5004	[配置管理] 配置已标记为已保存状态
2026-01-30 09:06:17::6696	非VM引擎，跳过VM模块切换
2026-01-30 09:06:17::6842	[UI更新] 步骤按钮已更新到步骤 1
2026-01-30 09:06:19::0679	已切换到多图像显示模式
2026-01-30 09:06:19::1436	[UI更新] 步骤按钮已更新到步骤 0
2026-01-30 09:06:21::4863	[模板配置] 设置构建缓存全局变量 构建缓存 = 1
2026-01-30 09:06:25::2243	已将当前相机参数写入模板（即将保存）
2026-01-30 09:06:25::2678	已将内存中的3D检测参数保存到模板
2026-01-30 09:06:25::4489	[参数清理] 参数配置检查完成，无需清理
2026-01-30 09:06:25::4667	[参数保存] 已保存所有 2 个步骤的参数
2026-01-30 09:06:25::4789	[配置管理] 配置已标记为已保存状态
2026-01-30 09:06:25::5109	[模板保存] 已同时保存VM解决方案到磁盘
2026-01-30 09:06:27::0325	[检测管理器] 检测周期状态已重置，准备下次检测周期
2026-01-30 09:06:27::0335	[检测管理器] 开始新的检测周期 - 3D启用: False (raw=False, shield=False)
2026-01-30 09:06:35::5855	用户取消错误复位操作
2026-01-30 09:06:48::8989	已进入硬件配置页面
2026-01-30 09:06:49::0366	[硬件配置] 页面Loaded事件触发，重新启动状态监控
2026-01-30 09:06:49::0937	[硬件配置] 通用相机配置已加载
2026-01-30 09:06:59::1686	[相机配置] Flying 相机参数已保存
2026-01-30 09:06:59::2028	[相机配置] Fixed 相机参数已保存
2026-01-30 09:06:59::2038	[硬件配置] ✓ 定拍相机参数已保存
2026-01-30 09:06:59::3536	[检测管理器] 检测周期状态已重置，准备下次检测周期
2026-01-30 09:06:59::3536	[3D缓存] 3D检测数据缓存已重置
2026-01-30 09:06:59::3550	[检测管理器] 开始新的检测周期 - 3D启用: False (raw=False, shield=False)
2026-01-30 09:06:59::3595	[硬件配置页面] 页面返回时已重置检测状态并恢复检测处理，3D启用: False
2026-01-30 09:06:59::4772	[硬件配置] 已返回主界面
2026-01-30 09:07:55::3138	已进入参数配置页面
2026-01-30 09:07:55::4316	[检测管理器] 检测周期状态已重置，准备下次检测周期
2026-01-30 09:07:55::4517	[检测管理器] 系统状态已切换: WaitingForTrigger → TemplateConfiguring
2026-01-30 09:07:57::4594	[检测管理器] 检测周期状态已重置，准备下次检测周期
2026-01-30 09:07:57::4594	[检测管理器] 系统状态已切换: TemplateConfiguring → WaitingForTrigger
2026-01-30 09:07:57::4700	[3D缓存] 3D检测数据缓存已重置
2026-01-30 09:08:11::9173	已加载模板档案: Basic Template (步骤数: 2 -> 即将重新配置)
2026-01-30 09:08:13::1528	远程文件监控服务已初始化
2026-01-30 09:08:13::4125	[DesktopShortcut] 桌面快捷方式已存在: C:\Users\liangyuhang\Desktop\点胶检测系统.lnk
2026-01-30 09:08:13::5902	[LogManager] 配置文件不存在，使用默认生产模式配置
2026-01-30 09:08:13::5917	[System] 点胶检测系统启动
2026-01-30 09:08:13::6495	初始化同轴光源控制器时出错: 无法加载 DLL“OPTController.dll”: 找不到指定的模块。 (异常来自 HRESULT:0x8007007E)。
2026-01-30 09:08:13::6558	✅ 已更新算法全局变量 镀膜图选择=3
2026-01-30 09:08:14::0093	已切换到多图像显示模式
2026-01-30 09:08:14::0108	[颜色配置] 已更新配置对象（3D已解耦，不直接应用视图）：自定义=False, 范围=[0.000, 2.500]
2026-01-30 09:08:14::0123	已从模板 'Template-Basic' 自动应用颜色配置
2026-01-30 09:08:14::0136	已将模板中的相机参数同步到相机配置页面
2026-01-30 09:08:14::0418	已将模板中的3D检测参数加载到内存
2026-01-30 09:08:14::0499	已从模板加载并自动匹配图片组: a_2674
2026-01-30 09:08:14::0509	未找到PKG位置匹配步骤配置
2026-01-30 09:08:14::0831	[颜色配置] 已更新配置对象（3D已解耦，不直接应用视图）：自定义=False, 范围=[0.000, 2.500]
2026-01-30 09:08:14::3124	⚠️ 环形光源控制器未连接，跳过环形光强度和曝光时间写入
2026-01-30 09:08:14::3308	⚠️ 同轴光源控制器未连接，跳过同轴光曝光时间写入
2026-01-30 09:08:14::5995	⚠️ 模板加载时光源参数写入失败或控制器未连接
2026-01-30 09:08:14::7463	已设置相机参数 - 飞拍曝光:8us, 延迟:0us, 定拍1强度:255（固定）/时间:20us/同轴:100us, 定拍2强度:255（固定）/时间:20us/同轴:100us, BLK图选择:2, 镀膜图选择:3
2026-01-30 09:08:14::7463	已从模板加载相机参数: E:\posen_project\点胶检测\上位机程序\WpfApp2\Platform\PlatformHost.Wpf\bin\Release\Templates\Template-Basic.json
2026-01-30 09:08:14::7679	相机配置页面初始化完成 - 配置模式需手动激活
2026-01-30 09:08:14::9863	[硬件配置] 硬件配置页面构造函数开始执行
2026-01-30 09:08:15::0120	[硬件配置] 硬件配置页面已初始化
2026-01-30 09:08:15::0120	[SplashScreen] 启动界面已关闭
2026-01-30 09:08:15::0324	[初始化] VM未加载，改为写入算法全局变量（OpenCV/ONNX）
2026-01-30 09:08:15::0465	[初始化] VM未加载，改为写入算法全局变量（OpenCV/ONNX）
2026-01-30 09:08:15::2454	[模板配置] 重置数据清理提示状态（新模板加载）
2026-01-30 09:08:15::4173	[SplashScreen] 启动加载完成，关闭启动界面
2026-01-30 09:08:15::5120	[远程监控] 已订阅OnLotChanged事件
2026-01-30 09:08:15::5135	[远程监控] 已订阅OnTemplateChanged事件
2026-01-30 09:08:15::5135	[远程监控] 已订阅OnTemplateNotFound事件
2026-01-30 09:08:15::5146	[UI更新] 步骤按钮已更新到步骤 0
2026-01-30 09:08:15::9091	已加载相机参数 - 飞拍曝光:8us, 延迟:0us, 定拍1强度:255（固定）/时间:20us/同轴:100us, 定拍2强度:255（固定）/时间:20us/同轴:100us, 45度光:False, 0度光:False, BLK图选择:2, 镀膜图选择:3
2026-01-30 09:08:15::9091	[配置管理] 配置已标记为已保存状态
2026-01-30 09:08:15::9131	✅ 已更新算法全局变量 BLK图选择=2
2026-01-30 09:08:15::9131	⚠️ 环形光源控制器未连接，跳过环形光强度和曝光时间写入
2026-01-30 09:08:15::9159	✅ 已更新算法全局变量 镀膜图选择=3
2026-01-30 09:08:15::9262	已自动应用模板颜色配置: 自定义=False, 范围=[0.000, 2.500]
2026-01-30 09:08:16::0669	实时数据记录器：切换到LOT LOT_error，主文件路径：E:\posen_project\点胶检测\上位机程序\WpfApp2\Platform\PlatformHost.Wpf\bin\Release\RealTimeData\LOT_error\LOT_error_20260130_全部数据.csv
2026-01-30 09:08:16::0701	实时数据记录器已初始化，当前LOT号：LOT_error
2026-01-30 09:08:16::0709	实时数据记录器初始化完成
2026-01-30 09:08:16::0725	[3D缓存] 3D检测数据缓存已重置
2026-01-30 09:08:16::0769	[模板配置] 设置构建缓存全局变量 构建缓存 = 1
2026-01-30 09:08:16::2976	已进入参数配置页面
2026-01-30 09:08:16::6904	[生产数据持久化] 生产统计数据已加载: Total=0, OK=0, NG=0, 缺陷类型=0
2026-01-30 09:08:16::6939	[检测管理器] 检测周期状态已重置，准备下次检测周期
2026-01-30 09:08:16::7203	[页面切换] 切换到参数配置页面，已切换为模板配置模式
2026-01-30 09:08:16::7215	ConfigPage 页面已加载
2026-01-30 09:08:19::1070	[AutoStartup] 开始尝试自动连接PLC串口...
2026-01-30 09:08:46::5132	[检测管理器] 检测周期状态已重置，准备下次检测周期
2026-01-30 09:08:46::5424	[配置页面] 页面返回时已重置检测状态并恢复检测处理，3D启用: False
2026-01-30 09:20:03::2522	远程文件监控服务已初始化
2026-01-30 09:20:03::3443	[DesktopShortcut] 桌面快捷方式已存在: C:\Users\liangyuhang\Desktop\点胶检测系统.lnk
2026-01-30 09:20:03::3467	[Application] 应用程序启动完成
2026-01-30 09:20:03::7371	[LogManager] 配置文件不存在，使用默认生产模式配置
2026-01-30 09:20:03::7386	[System] 点胶检测系统启动
2026-01-30 09:20:03::8221	[显示模式] FocusedProjects.json文件不存在，将显示所有项目
2026-01-30 09:20:03::8490	初始化光源控制器时出错: 无法加载 DLL“OPTController.dll”: 找不到指定的模块。 (异常来自 HRESULT:0x8007007E)。
2026-01-30 09:20:03::9148	初始化同轴光源控制器时出错: 无法加载 DLL“OPTController.dll”: 找不到指定的模块。 (异常来自 HRESULT:0x8007007E)。
2026-01-30 09:20:04::1331	[警告] [相机配置] 从模板加载相机参数失败: Bad JSON escape sequence: \U. Path 'InputParameters.ImageSelection.图片路径', line 11, position 21.
2026-01-30 09:20:04::7817	已从模板加载相机参数: E:\posen_project\点胶检测\上位机程序\WpfApp2\Platform\PlatformHost.Wpf\bin\Release\Templates\Template-Basic.json
2026-01-30 09:20:04::7942	相机配置页面初始化完成 - 配置模式需手动激活
2026-01-30 09:20:05::1680	[硬件配置] 硬件配置页面构造函数开始执行
2026-01-30 09:20:05::3926	[硬件配置] 硬件配置页面已初始化
2026-01-30 09:20:06::1980	[SplashScreen] 启动界面已关闭
2026-01-30 09:20:06::4993	[SplashScreen] 启动加载完成，关闭启动界面
2026-01-30 09:20:06::6971	[远程监控] 已订阅OnLotChanged事件
2026-01-30 09:20:06::6971	[远程监控] 已订阅OnTemplateChanged事件
2026-01-30 09:20:06::6986	[远程监控] 已订阅OnTemplateNotFound事件
2026-01-30 09:20:06::7016	[远程监控] 服务初始化完成, IsRunning=False
2026-01-30 09:20:06::7046	[PLC串口] PLC串口控制器已初始化
2026-01-30 09:20:08::8527	[AutoStartup] 开始尝试自动连接PLC串口...
2026-01-30 09:20:08::8537	[AutoStartup] 未发现可用串口，跳过PLC自动连接
2026-01-30 09:20:35::6408	实时数据记录器：切换到LOT LOT_error，主文件路径：E:\posen_project\点胶检测\上位机程序\WpfApp2\Platform\PlatformHost.Wpf\bin\Release\RealTimeData\LOT_error\LOT_error_20260130_全部数据.csv
2026-01-30 09:20:35::6482	实时数据记录器已初始化，当前LOT号：LOT_error
2026-01-30 09:20:35::6824	实时数据记录器初始化完成
2026-01-30 09:20:35::6844	[检测管理器] 检测模式: Full
2026-01-30 09:20:35::6844	[2D缓存] 2D检测结果缓存已重置
2026-01-30 09:20:35::6844	[检测管理器] 系统状态: TemplateConfiguring
2026-01-30 09:20:35::6909	[3D缓存] 3D检测数据缓存已重置
2026-01-30 09:20:36::0416	[检测管理器] 开始新的检测周期 - 3D启用: False (raw=False, shield=False)
2026-01-30 09:20:36::1037	[检测管理器] 🚀 系统启动时自动启动检测周期，3D启用: False
2026-01-30 09:20:36::2206	[生产数据持久化] 生产统计数据已加载: Total=0, OK=0, NG=0, 缺陷类型=0
2026-01-30 09:21:37::1846	[DesktopShortcut] 桌面快捷方式已存在: C:\Users\liangyuhang\Desktop\点胶检测系统.lnk
2026-01-30 09:21:37::2782	远程文件监控服务已初始化
2026-01-30 09:21:37::2792	[Application] 应用程序启动完成
2026-01-30 09:21:37::3171	[LogManager] 配置文件不存在，使用默认生产模式配置
2026-01-30 09:21:37::3186	[显示模式] 初始化完成，默认显示所有项
2026-01-30 09:21:37::3202	相机参数初始化完成
2026-01-30 09:21:37::3680	初始化光源控制器时出错: 无法加载 DLL“OPTController.dll”: 找不到指定的模块。 (异常来自 HRESULT:0x8007007E)。
2026-01-30 09:21:37::4007	初始化同轴光源控制器时出错: 无法加载 DLL“OPTController.dll”: 找不到指定的模块。 (异常来自 HRESULT:0x8007007E)。
2026-01-30 09:21:37::4017	[警告] [相机配置] 从模板加载相机参数失败: Bad JSON escape sequence: \U. Path 'InputParameters.ImageSelection.图片路径', line 11, position 21.
2026-01-30 09:21:37::4502	已从模板加载相机参数: E:\posen_project\点胶检测\上位机程序\WpfApp2\Platform\PlatformHost.Wpf\bin\Release\Templates\Template-Basic.json
2026-01-30 09:21:37::4615	[硬件配置] 硬件配置页面已初始化
2026-01-30 09:21:37::8241	[SplashScreen] 启动界面已关闭
2026-01-30 09:21:37::8888	[SplashScreen] 启动加载完成，关闭启动界面
2026-01-30 09:21:37::8912	[远程监控] 已订阅OnLotChanged事件
2026-01-30 09:21:37::8931	[远程监控] 已订阅OnTemplateChanged事件
2026-01-30 09:21:37::8945	[远程监控] 已订阅OnTemplateNotFound事件
2026-01-30 09:21:39::5236	实时数据记录器：切换到LOT LOT_error，主文件路径：E:\posen_project\点胶检测\上位机程序\WpfApp2\Platform\PlatformHost.Wpf\bin\Release\RealTimeData\LOT_error\LOT_error_20260130_全部数据.csv
2026-01-30 09:21:39::5256	[检测管理器] 开始新的检测周期 - 3D启用: False (raw=False, shield=False)
2026-01-30 09:21:39::5663	[检测管理器] 🚀 系统启动时自动启动检测周期，3D启用: False
2026-01-30 09:21:39::6169	[系统初始化] ✅ 系统检测管理器初始化完成
2026-01-30 09:21:41::2341	[生产数据持久化] 生产统计数据已加载: Total=0, OK=0, NG=0, 缺陷类型=0
2026-01-30 09:21:42::5748	[AutoStartup] 开始尝试自动连接PLC串口...
2026-01-30 09:21:42::5758	[AutoStartup] 未发现可用串口，跳过PLC自动连接
2026-01-30 09:35:18::9210	已加载模板档案: Basic Template (步骤数: 2 -> 即将重新配置)
2026-01-30 09:35:19::1964	远程文件监控服务已初始化
2026-01-30 09:35:20::1273	[DesktopShortcut] 桌面快捷方式已存在: C:\Users\liangyuhang\Desktop\点胶检测系统.lnk
2026-01-30 09:35:20::3852	[LogManager] 配置文件不存在，使用默认生产模式配置
2026-01-30 09:35:20::3867	[System] 点胶检测系统启动
2026-01-30 09:35:20::3887	[显示模式] 初始化完成，默认显示所有项
2026-01-30 09:35:20::3887	[显示模式] FocusedProjects.json文件不存在，将显示所有项目
2026-01-30 09:35:20::6858	相机参数初始化完成
2026-01-30 09:35:20::6886	初始化光源控制器时出错: 无法加载 DLL“OPTController.dll”: 找不到指定的模块。 (异常来自 HRESULT:0x8007007E)。
2026-01-30 09:35:20::6896	✅ 已更新算法全局变量 镀膜图选择=3
2026-01-30 09:35:20::6942	⚠️ 同轴光源控制器未连接，跳过同轴光曝光时间写入
2026-01-30 09:35:20::6958	已设置相机参数 - 飞拍曝光:8us, 延迟:0us, 定拍1强度:255（固定）/时间:20us/同轴:100us, 定拍2强度:255（固定）/时间:20us/同轴:100us, BLK图选择:2, 镀膜图选择:3
2026-01-30 09:35:20::7224	⚠️ 模板加载时光源参数写入失败或控制器未连接
2026-01-30 09:35:21::2654	已从模板加载相机参数: E:\posen_project\点胶检测\上位机程序\WpfApp2\Platform\PlatformHost.Wpf\bin\Release\Templates\Template-Basic.json
2026-01-30 09:35:21::2674	[硬件配置] 硬件配置页面构造函数开始执行
2026-01-30 09:35:21::3164	[硬件配置] 硬件配置页面已初始化
2026-01-30 09:35:21::5344	[SplashScreen] 启动界面已关闭
2026-01-30 09:35:21::9107	已切换到多图像显示模式
2026-01-30 09:35:21::9147	[颜色配置] 已更新配置对象（3D已解耦，不直接应用视图）：自定义=False, 范围=[0.000, 2.500]
2026-01-30 09:35:21::9393	已将模板中的相机参数同步到相机配置页面
2026-01-30 09:35:21::9463	已将模板中的3D检测参数加载到内存
2026-01-30 09:35:21::9694	已从模板加载并自动匹配图片组: a_2674
2026-01-30 09:35:21::9981	未找到PKG位置匹配步骤配置
2026-01-30 09:35:22::1027	[颜色配置] 已更新配置对象（3D已解耦，不直接应用视图）：自定义=False, 范围=[0.000, 2.500]
2026-01-30 09:35:22::2571	[初始化] VM未加载，改为写入算法全局变量（OpenCV/ONNX）
2026-01-30 09:35:22::4191	[远程监控] 已订阅OnTemplateChanged事件
2026-01-30 09:35:22::4221	[远程监控] 已订阅OnTemplateNotFound事件
2026-01-30 09:35:22::4241	[远程监控] 服务初始化完成, IsRunning=False
2026-01-30 09:35:22::4261	[PLC串口] PLC串口控制器已初始化
2026-01-30 09:35:22::6146	✅ 已更新算法全局变量 BLK图选择=2
2026-01-30 09:35:22::6185	⚠️ 环形光源控制器未连接，跳过环形光强度和曝光时间写入
2026-01-30 09:35:22::6232	已加载相机参数 - 飞拍曝光:8us, 延迟:0us, 定拍1强度:255（固定）/时间:20us/同轴:100us, 定拍2强度:255（固定）/时间:20us/同轴:100us, 45度光:False, 0度光:False, BLK图选择:2, 镀膜图选择:3
2026-01-30 09:35:22::6247	⚠️ 同轴光源控制器未连接，跳过同轴光曝光时间写入
2026-01-30 09:35:23::1605	已自动应用模板颜色配置: 自定义=False, 范围=[0.000, 2.500]
2026-01-30 09:35:23::1909	实时数据记录器：切换到LOT LOT_error，主文件路径：E:\posen_project\点胶检测\上位机程序\WpfApp2\Platform\PlatformHost.Wpf\bin\Release\RealTimeData\LOT_error\LOT_error_20260130_全部数据.csv
2026-01-30 09:35:23::1919	实时数据记录器已初始化，当前LOT号：LOT_error
2026-01-30 09:35:23::1969	实时数据记录器初始化完成
2026-01-30 09:35:23::1979	[系统初始化] 开始初始化系统检测管理器（在实时数据记录器之后）
2026-01-30 09:35:23::1989	[检测管理器] ✅ 系统检测管理器已初始化
2026-01-30 09:35:23::2009	[检测管理器] 检测模式: Full
2026-01-30 09:35:23::2034	[检测管理器] 系统状态: TemplateConfiguring
2026-01-30 09:35:23::2065	[3D缓存] 3D检测数据缓存已重置
2026-01-30 09:35:23::6683	[初始化] VM未加载，改为写入算法全局变量（OpenCV/ONNX）
2026-01-30 09:35:23::7758	[生产数据持久化] 生产统计数据已加载: Total=0, OK=0, NG=0, 缺陷类型=0
2026-01-30 09:35:24::3495	已进入参数配置页面
2026-01-30 09:35:24::6393	[检测管理器] 检测周期状态已重置，准备下次检测周期
2026-01-30 09:35:24::6741	ConfigPage 页面已加载
2026-01-30 09:35:26::6734	[AutoStartup] 开始尝试自动连接PLC串口...
2026-01-30 09:35:26::6744	[AutoStartup] 未发现可用串口，跳过PLC自动连接
2026-01-30 09:35:30::0639	重新配置完成: 新步骤数: 2, 步骤列表: 图片选择, 模板命名
2026-01-30 09:35:30::0639	已加载模板档案: Basic Template (步骤数: 2 -> 即将重新配置)
2026-01-30 09:35:31::1268	已保存相机参数到模板: E:\posen_project\点胶检测\上位机程序\WpfApp2\Platform\PlatformHost.Wpf\bin\Release\Templates\Template-Basic.json（BLK图选择=2, 镀膜图选择=3）
2026-01-30 09:35:31::2949	已清理旧的TemplateConfigPage实例
2026-01-30 09:35:31::2973	[初始化] VM未加载，改为写入算法全局变量（OpenCV/ONNX）
2026-01-30 09:35:31::3169	[模板配置] 重置数据清理提示状态（新模板加载）
2026-01-30 09:35:31::7831	已切换到多图像显示模式
2026-01-30 09:35:31::7851	已从模板 'Template-Basic' 自动应用颜色配置
2026-01-30 09:35:31::7851	[颜色配置] 已更新配置对象（3D已解耦，不直接应用视图）：自定义=False, 范围=[0.000, 2.500]
2026-01-30 09:35:31::7871	已将模板中的3D检测参数加载到内存
2026-01-30 09:35:31::8278	未找到PKG位置匹配步骤配置
2026-01-30 09:35:31::9502	[UI更新] 步骤按钮已更新到步骤 0
2026-01-30 09:35:31::9572	✅ 已更新算法全局变量 BLK图选择=2
2026-01-30 09:35:31::9605	✅ 已更新算法全局变量 镀膜图选择=3
2026-01-30 09:35:31::9615	已设置相机参数 - 飞拍曝光:8us, 延迟:0us, 定拍1强度:255（固定）/时间:20us/同轴:100us, 定拍2强度:255（固定）/时间:20us/同轴:100us, BLK图选择:2, 镀膜图选择:3
2026-01-30 09:35:31::9638	已自动执行模板
2026-01-30 09:35:32::0130	[配置管理] 配置已标记为已保存状态
2026-01-30 09:35:32::0195	[初始化] VM未加载，改为写入算法全局变量（OpenCV/ONNX）
2026-01-30 09:35:33::7655	[配置管理] 配置已标记为未保存状态
2026-01-30 09:38:18::9607	非VM引擎，跳过VM模块切换
2026-01-30 09:38:19::0161	[UI更新] 步骤按钮已更新到步骤 1
2026-01-30 09:38:20::1663	已切换到多图像显示模式
2026-01-30 09:38:20::2334	[UI更新] 步骤按钮已更新到步骤 0
2026-01-30 09:38:28::9126	非VM引擎，跳过VM模块切换
2026-01-30 09:38:28::9500	[UI更新] 步骤按钮已更新到步骤 1
2026-01-30 09:38:30::0171	已切换到多图像显示模式
2026-01-30 09:38:30::0726	[UI更新] 步骤按钮已更新到步骤 0
2026-01-30 09:38:58::7020	[检测管理器] 检测周期状态已重置，准备下次检测周期
2026-01-30 09:38:58::7118	[3D缓存] 3D检测数据缓存已重置
2026-01-30 09:38:58::7128	[2D缓存] 2D检测结果缓存已重置
