[26-01-30 00:07:29.611] [Info] [SplashScreen] 启动加载界面已显示
[26-01-30 00:07:29.950] [Info] [Application] 应用程序启动
[26-01-30 00:07:29.950] [Info] [LogManager] 配置文件不存在，使用默认生产模式配置
[26-01-30 00:07:29.976] [Info] [IO] 初始化IO控制器时发生异常: 初始化SMTGPIO设备失败: 无法加载 DLL“SMTGPIO.dll”: 找不到指定的模块。 (异常来自 HRESULT:0x8007007E)。
[26-01-30 00:07:31.802] [Warning] [警告] [Hardware] IO控制器初始化失败，IO功能不可用
[26-01-30 00:07:32.615] [Info] [DesktopShortcut] 桌面快捷方式已存在: C:\Users\liangyuhang\Desktop\点胶检测系统.lnk
[26-01-30 00:07:32.616] [Info] [Application] 应用程序启动完成
[26-01-30 00:07:32.847] [Info] [LogManager] 配置文件不存在，使用默认生产模式配置
[26-01-30 00:07:32.847] [Info] [System] 点胶检测系统启动
[26-01-30 00:07:32.859] [Info] [显示模式] FocusedProjects.json文件不存在，将显示所有项目
[26-01-30 00:07:32.859] [Info] [显示模式] 初始化完成，默认显示所有项
[26-01-30 00:07:32.890] [Info] 相机参数初始化完成
[26-01-30 00:07:32.894] [Info] 初始化光源控制器时出错: 无法加载 DLL“OPTController.dll”: 找不到指定的模块。 (异常来自 HRESULT:0x8007007E)。
[26-01-30 00:07:32.898] [Info] 初始化同轴光源控制器时出错: 无法加载 DLL“OPTController.dll”: 找不到指定的模块。 (异常来自 HRESULT:0x8007007E)。
[26-01-30 00:07:32.898] [Info] 相机配置页面初始化完成 - 配置模式需手动激活
[26-01-30 00:07:32.898] [Info] 未找到最后使用的模板配置，使用默认相机参数
[26-01-30 00:07:32.902] [Info] [硬件配置] 硬件配置页面构造函数开始执行
[26-01-30 00:07:32.903] [Info] [硬件配置] 硬件配置页面已初始化
[26-01-30 00:07:32.927] [Info] [SplashScreen] 启动界面已关闭
[26-01-30 00:07:33.325] [Info] [初始化] VM未加载，跳过样品类型全局变量初始化
[26-01-30 00:07:33.326] [Info] 配置文件不存在，已创建默认配置页面
[26-01-30 00:07:33.330] [Info] 实时数据记录器：切换到LOT LOT_error，主文件路径：E:\posen_project\点胶检测\上位机程序\WpfApp2\Platform\PlatformHost.Wpf\bin\Release\RealTimeData\LOT_error\LOT_error_20260130_全部数据.csv
[26-01-30 00:07:33.330] [Info] [检测管理器] 系统状态: TemplateConfiguring
[26-01-30 00:07:33.331] [Info] [3D缓存] 3D检测数据缓存已重置
[26-01-30 00:07:33.330] [Info] [系统初始化] 开始初始化系统检测管理器（在实时数据记录器之后）
[26-01-30 00:07:33.330] [Info] 实时数据记录器初始化完成
[26-01-30 00:07:33.332] [Info] [信息] 当前算法引擎非VM，跳过VM解决方案加载
[26-01-30 00:07:33.331] [Info] [检测管理器] 🚀 系统启动时自动启动检测周期，3D启用: False
[26-01-30 00:07:33.330] [Info] 实时数据记录器已初始化，当前LOT号：LOT_error
[26-01-30 00:07:33.335] [Info] [信息] 配置页面DataGrid已初始化（手动同步模式）
[26-01-30 00:07:33.335] [Info] [信息] 当前模板名称显示已更新: MESA-25
[26-01-30 00:07:33.330] [Info] [检测管理器] ✅ 系统检测管理器已初始化
[26-01-30 00:07:33.336] [Info] [信息] 3D视图控件已初始化
[26-01-30 00:07:33.331] [Info] [2D缓存] 2D检测结果缓存已重置
[26-01-30 00:07:33.331] [Info] [检测管理器] 开始新的检测周期 - 3D启用: False (raw=False, shield=False)
[26-01-30 00:07:33.331] [Info] [系统初始化] ✅ 系统检测管理器初始化完成
[26-01-30 00:07:33.353] [Info] [AutoStartup] 开始初始化PLC自动连接...
[26-01-30 00:07:33.353] [Info] [AutoStartup] PLC自动连接定时器已启动（5秒后执行）
[26-01-30 00:07:33.356] [Info] [PLC串口] PLC串口控制器已初始化
[26-01-30 00:07:33.373] [Info] [生产数据持久化] 生产统计数据已加载: Total=0, OK=0, NG=0, 缺陷类型=0
[26-01-30 00:07:33.496] [Info] [SplashScreen] 启动加载完成，关闭启动界面
[26-01-30 00:07:34.868] [Info] [远程监控] 已订阅OnLotChanged事件
[26-01-30 00:07:34.869] [Info] 远程文件监控服务未启用
[26-01-30 00:07:34.869] [Info] [远程监控] 服务初始化完成, IsRunning=False
[26-01-30 00:07:34.868] [Info] [远程监控] 已订阅OnTemplateChanged事件
[26-01-30 00:07:34.868] [Info] [远程监控] 已订阅OnTemplateNotFound事件
[26-01-30 00:07:37.397] [Info] [检测管理器] 检测周期状态已重置，准备下次检测周期
[26-01-30 00:07:37.397] [Info] [页面切换] 切换到参数配置页面，已切换为模板配置模式
[26-01-30 00:07:37.406] [Info] ConfigPage 页面已加载
[26-01-30 00:07:37.406] [Info] 当前模板显示已更新: MESA-25
[26-01-30 00:07:38.570] [Info] [AutoStartup] 开始尝试自动连接PLC串口...
[26-01-30 00:07:38.571] [Info] [AutoStartup] 未发现可用串口，跳过PLC自动连接
[26-01-30 00:07:48.208] [Info] 已选择样品类型: MESA，正在选择涂布类型
[26-01-30 00:07:52.238] [Info] 已清理旧的TemplateConfigPage实例
[26-01-30 00:07:52.245] [Info] [初始化] VM未加载，跳过样品类型全局变量初始化
[26-01-30 00:07:52.246] [Info] 开始配置新模板 - 样品类型: MESA, 涂布类型: 单涂布
[26-01-30 00:07:52.246] [Info] [信息] 开始清理TemplateConfigPage实例资源...
[26-01-30 00:07:52.246] [Info] [信息] TemplateConfigPage实例资源清理完成
[26-01-30 00:07:52.249] [Info] [信息] 当前算法引擎非VM，跳过VM解决方案加载
[26-01-30 00:07:52.249] [Info] [信息] 3D视图控件已初始化
[26-01-30 00:07:54.305] [Info] [UI更新] 步骤按钮已更新到步骤 1
[26-01-30 00:07:54.318] [Info] [信息] 已切换到VM视图
[26-01-30 00:07:55.442] [Info] [UI更新] 步骤按钮已更新到步骤 2
[26-01-30 00:07:55.447] [Info] [信息] 已切换到VM视图
[26-01-30 00:07:56.828] [Info] [UI更新] 步骤按钮已更新到步骤 3
[26-01-30 00:07:56.829] [Info] [信息] 已切换到VM视图
[26-01-30 00:07:57.888] [Info] [UI更新] 步骤按钮已更新到步骤 6
[26-01-30 00:07:57.890] [Info] [信息] 已切换到VM视图
[26-01-30 00:08:07.141] [Info] [UI更新] 步骤按钮已更新到步骤 0
[26-01-30 00:08:07.144] [Info] [信息] 已切换到VM视图
[26-01-30 00:08:11.252] [Warning] [警告] 图片存储目录不存在: E:\posen_project\点胶检测\上位机程序\WpfApp2\Platform\PlatformHost.Wpf\bin\Release\原图存储\LOT_error
[26-01-30 00:08:16.934] [Info] [信息] 创建模板文件夹: E:\posen_project\点胶检测\上位机程序\WpfApp2\Platform\PlatformHost.Wpf\bin\Release\Templates\Default
[26-01-30 00:09:07.711] [Info] [信息] 图像源1路径已设置: C:\Users\liangyuhang\Documents\BLK破损\图像源1\a_2674.bmp
[26-01-30 00:09:07.711] [Info] [信息] 图像源2_1路径已设置: C:\Users\liangyuhang\Documents\BLK破损\图像源2_1\b_2674.bmp
[26-01-30 00:09:09.415] [Info] [配置管理] 配置已标记为未保存状态
[26-01-30 00:09:09.430] [Info] [信息] 更新图像SDK：开始设置图片路径到VM模块
[26-01-30 00:09:09.430] [Info] [信息] 图像源1路径已设置: C:\Users\liangyuhang\Documents\BLK破损\图像源1\a_2674.bmp
[26-01-30 00:09:09.430] [Info] [信息] 图像源2_1路径已设置: C:\Users\liangyuhang\Documents\BLK破损\图像源2_1\b_2674.bmp
[26-01-30 00:09:11.490] [Info] [信息] 开始执行图像选择步骤
[26-01-30 00:09:11.490] [Info] [信息] 已清空3D数据缓存
[26-01-30 00:09:11.491] [Info] [信息] 已重置VM回调标志
[26-01-30 00:09:11.491] [Warning] [警告] 未找到'获取路径图像'流程
[26-01-30 00:09:11.491] [Info] [信息] 已为步骤 图片选择 执行完整的获取路径图像流程
[26-01-30 00:24:23.703] [Info] [UI更新] 步骤按钮已更新到步骤 10
[26-01-30 00:24:23.704] [Info] [信息] 已切换到VM视图
[26-01-30 00:24:24.827] [Info] [UI更新] 步骤按钮已更新到步骤 11
[26-01-30 00:24:24.827] [Info] [信息] 已切换到VM视图
[26-01-30 00:24:26.152] [Info] [UI更新] 步骤按钮已更新到步骤 9
[26-01-30 00:24:26.153] [Info] [模板配置] 模板兼容性处理: 镀膜G1端ROI宽 使用默认值: 50
[26-01-30 00:24:26.153] [Info] [模板配置] 模板兼容性处理: 镀膜G2端ROI宽 使用默认值: 50
[26-01-30 00:24:26.155] [Info] [模板配置] 成功添加银面几何尺寸'将测量值设为基准值'按钮
[26-01-30 00:24:26.155] [Info] [信息] 已切换到VM视图
[26-01-30 00:24:26.155] [Info] [模板配置] 初始化银面几何尺寸相关控件状态完成
[26-01-30 00:24:27.149] [Info] [UI更新] 步骤按钮已更新到步骤 8
[26-01-30 00:24:27.150] [Info] [信息] 已切换到VM视图
[26-01-30 00:24:28.358] [Info] [UI更新] 步骤按钮已更新到步骤 7
[26-01-30 00:24:28.363] [Info] [模板配置] 成功添加'将测量值设为基准值'按钮
[26-01-30 00:24:28.364] [Info] [模板配置] 初始化自动寻BLK联动控件状态: 禁用
[26-01-30 00:24:28.365] [Info] [信息] 已切换到VM视图
[26-01-30 00:24:29.203] [Info] [UI更新] 步骤按钮已更新到步骤 5
[26-01-30 00:24:29.204] [Info] [信息] 已切换到VM视图
[26-01-30 00:24:32.888] [Info] [检测管理器] 检测周期状态已重置，准备下次检测周期
[26-01-30 00:24:32.888] [Info] [检测管理器] 系统状态已切换: TemplateConfiguring → WaitingForTrigger
[26-01-30 00:24:32.888] [Info] [3D缓存] 3D检测数据缓存已重置
[26-01-30 00:24:32.891] [Info] [信息] 已返回主界面
[26-01-30 00:24:32.888] [Info] [检测管理器] 开始新的检测周期 - 3D启用: False (raw=False, shield=False)
[26-01-30 00:24:32.888] [Info] [2D缓存] 2D检测结果缓存已重置
[26-01-30 00:24:32.888] [Info] [模板配置页面] 页面返回时已重置检测状态并恢复检测处理，3D启用: False
[26-01-30 00:24:35.465] [Info] 打开质量分析仪表板
[26-01-30 00:24:35.479] [Info] 图表设置文件不存在，使用默认设置
[26-01-30 00:24:35.480] [Info] [SetupChart] 图表样式设置完成
[26-01-30 00:24:35.480] [Info] 图表设置文件不存在，使用默认设置
[26-01-30 00:24:35.480] [Info] 已加载保存的图表状态: BoxPlot
[26-01-30 00:24:35.483] [Info] 图表设置已保存到: E:\posen_project\点胶检测\上位机程序\WpfApp2\Platform\PlatformHost.Wpf\bin\Release\Config\ChartSettings.json, 类型: BoxPlot
[26-01-30 00:24:35.483] [Info] 已保存图表状态: BoxPlot
[26-01-30 00:24:35.488] [Info] 已加载 0 条告警记录
[26-01-30 00:24:35.490] [Info] [FocusPage] 开始加载项目数据
[26-01-30 00:24:35.493] [Info] [FocusPage] 获取到 0 个项目（包括导入项目）
[26-01-30 00:24:35.494] [Info] [FocusPage] 当前关注项目数: 0
[26-01-30 00:24:35.494] [Info] [FocusPage] 项目数据加载完成 - 所有项目: 0, 关注项目: 0
[26-01-30 00:24:35.516] [Info] [SmartAnalysisWidget] 预加载关注项目设置，项目数: 0
[26-01-30 00:24:35.517] [Info] 告警设置已更新: 启用=False, 统计周期=100
[26-01-30 00:24:35.518] [Info] [LoadDetectionItems] 所有项目: 0, 关注项目: 0, 显示项目: 0
[26-01-30 00:24:35.519] [Info] [CreateProjectGrid] 开始创建项目按钮 - 项目数: 0
[26-01-30 00:24:35.520] [Info] 成功加载 0 个检测项目的数据（已应用关注项目过滤）
[26-01-30 00:24:35.519] [Info] [CreateProjectGrid] 没有项目数据，显示提示信息
[26-01-30 00:24:37.614] [Info] 从程序目录加载图表设置: BoxPlot
[26-01-30 00:24:37.615] [Info] 图表设置已保存到: E:\posen_project\点胶检测\上位机程序\WpfApp2\Platform\PlatformHost.Wpf\bin\Release\Config\ChartSettings.json, 类型: BoxPlot
[26-01-30 00:24:37.616] [Info] ✅ 已清零所有项目的告警计数器，标记了 0 个超限数据为已处理
[26-01-30 00:24:37.615] [Info] 已保存图表状态: BoxPlot
[26-01-30 00:24:37.615] [Info] [ClearImportedData] 已清除所有导入数据
[26-01-30 00:24:41.542] [Info] [生产数据持久化] 生产统计数据已保存: Total=0, OK=0, NG=0, 缺陷类型=0
[26-01-30 00:24:41.542] [Info] 实时数据记录器已关闭
[26-01-30 00:24:41.542] [Info] 实时数据记录器已关闭并保存数据
[26-01-30 00:24:41.543] [Info] PLC串口未连接，无需释放
[26-01-30 00:24:41.543] [Info] 串口监控定时器停止通知已发送
[26-01-30 00:24:41.543] [Info] 正在停止所有串口监控定时器...
[26-01-30 00:24:41.564] [Info] [IO] IO控制器资源已释放
[26-01-30 01:25:52.323] [Info] [SplashScreen] 启动加载界面已显示
[26-01-30 01:25:52.701] [Info] [LogManager] 配置文件不存在，使用默认生产模式配置
[26-01-30 01:25:52.701] [Info] [Application] 应用程序启动
[26-01-30 01:25:52.716] [Info] [IO] 初始化IO控制器时发生异常: 初始化SMTGPIO设备失败: 无法加载 DLL“SMTGPIO.dll”: 找不到指定的模块。 (异常来自 HRESULT:0x8007007E)。
[26-01-30 01:25:55.048] [Warning] [警告] [Hardware] IO控制器初始化失败，IO功能不可用
[26-01-30 01:25:55.867] [Info] [DesktopShortcut] 桌面快捷方式已存在: C:\Users\liangyuhang\Desktop\点胶检测系统.lnk
[26-01-30 01:25:55.868] [Info] [Application] 应用程序启动完成
[26-01-30 01:25:56.005] [Info] [LogManager] 配置文件不存在，使用默认生产模式配置
[26-01-30 01:25:56.005] [Info] [System] 点胶检测系统启动
[26-01-30 01:25:56.013] [Info] [显示模式] FocusedProjects.json文件不存在，将显示所有项目
[26-01-30 01:25:56.013] [Info] [显示模式] 初始化完成，默认显示所有项
[26-01-30 01:25:56.029] [Info] 相机参数初始化完成
[26-01-30 01:25:56.031] [Info] 初始化光源控制器时出错: 无法加载 DLL“OPTController.dll”: 找不到指定的模块。 (异常来自 HRESULT:0x8007007E)。
[26-01-30 01:25:56.034] [Info] 初始化同轴光源控制器时出错: 无法加载 DLL“OPTController.dll”: 找不到指定的模块。 (异常来自 HRESULT:0x8007007E)。
[26-01-30 01:25:56.034] [Info] 相机配置页面初始化完成 - 配置模式需手动激活
[26-01-30 01:25:56.034] [Info] 未找到最后使用的模板配置，使用默认相机参数
[26-01-30 01:25:56.038] [Info] [硬件配置] 硬件配置页面构造函数开始执行
[26-01-30 01:25:56.039] [Info] [硬件配置] 硬件配置页面已初始化
[26-01-30 01:25:56.133] [Info] [SplashScreen] 启动界面已关闭
[26-01-30 01:25:56.693] [Info] [初始化] VM未加载，跳过样品类型全局变量初始化
[26-01-30 01:25:56.693] [Info] 配置文件不存在，已创建默认配置页面
[26-01-30 01:25:56.696] [Info] 实时数据记录器：切换到LOT LOT_error，主文件路径：E:\posen_project\点胶检测\上位机程序\WpfApp2\Platform\PlatformHost.Wpf\bin\Release\RealTimeData\LOT_error\LOT_error_20260130_全部数据.csv
[26-01-30 01:25:56.697] [Info] [检测管理器] 开始新的检测周期 - 3D启用: False (raw=False, shield=False)
[26-01-30 01:25:56.697] [Info] [检测管理器] 系统状态: TemplateConfiguring
[26-01-30 01:25:56.697] [Info] [检测管理器] ✅ 系统检测管理器已初始化
[26-01-30 01:25:56.700] [Info] [信息] 配置页面DataGrid已初始化（手动同步模式）
[26-01-30 01:25:56.699] [Info] [信息] 当前算法引擎非VM，跳过VM解决方案加载
[26-01-30 01:25:56.700] [Info] [信息] 当前模板名称显示已更新: MESA-25
[26-01-30 01:25:56.701] [Info] [信息] 3D视图控件已初始化
[26-01-30 01:25:56.697] [Info] [检测管理器] 检测模式: Full
[26-01-30 01:25:56.697] [Info] [2D缓存] 2D检测结果缓存已重置
[26-01-30 01:25:56.697] [Info] [3D缓存] 3D检测数据缓存已重置
[26-01-30 01:25:56.696] [Info] [系统初始化] 开始初始化系统检测管理器（在实时数据记录器之后）
[26-01-30 01:25:56.696] [Info] 实时数据记录器已初始化，当前LOT号：LOT_error
[26-01-30 01:25:56.698] [Info] [系统初始化] ✅ 系统检测管理器初始化完成
[26-01-30 01:25:56.698] [Info] [检测管理器] 🚀 系统启动时自动启动检测周期，3D启用: False
[26-01-30 01:25:56.734] [Info] [AutoStartup] PLC自动连接定时器已启动（5秒后执行）
[26-01-30 01:25:56.737] [Info] [PLC串口] PLC串口控制器已初始化
[26-01-30 01:25:56.734] [Info] [AutoStartup] 开始初始化PLC自动连接...
[26-01-30 01:25:56.772] [Info] [生产数据持久化] 生产统计数据已加载: Total=0, OK=0, NG=0, 缺陷类型=0
[26-01-30 01:25:56.889] [Info] [SplashScreen] 启动加载完成，关闭启动界面
[26-01-30 01:25:58.018] [Info] [远程监控] 已订阅OnLotChanged事件
[26-01-30 01:25:58.019] [Info] [远程监控] 服务初始化完成, IsRunning=False
[26-01-30 01:25:58.018] [Info] [远程监控] 已订阅OnTemplateChanged事件
[26-01-30 01:25:58.018] [Info] [远程监控] 已订阅OnTemplateNotFound事件
[26-01-30 01:25:58.019] [Info] 远程文件监控服务未启用
[26-01-30 01:26:01.767] [Info] [AutoStartup] 开始尝试自动连接PLC串口...
[26-01-30 01:26:01.767] [Info] [AutoStartup] 未发现可用串口，跳过PLC自动连接
[26-01-30 01:26:01.821] [Info] [检测管理器] 检测周期状态已重置，准备下次检测周期
[26-01-30 01:26:01.821] [Info] [页面切换] 切换到参数配置页面，已切换为模板配置模式
[26-01-30 01:26:01.828] [Info] ConfigPage 页面已加载
[26-01-30 01:26:01.828] [Info] 当前模板显示已更新: MESA-25
[26-01-30 01:26:39.857] [Info] 已选择样品类型: MESA，正在选择涂布类型
[26-01-30 01:26:43.948] [Info] 已清理旧的TemplateConfigPage实例
[26-01-30 01:26:43.957] [Info] [初始化] VM未加载，跳过样品类型全局变量初始化
[26-01-30 01:26:43.957] [Info] 开始配置新模板 - 样品类型: MESA, 涂布类型: 单涂布
[26-01-30 01:26:43.959] [Info] [信息] 开始清理TemplateConfigPage实例资源...
[26-01-30 01:26:43.959] [Info] [信息] TemplateConfigPage实例资源清理完成
[26-01-30 01:26:43.959] [Info] [信息] 配置页面DataGrid已初始化（手动同步模式）
[26-01-30 01:26:45.949] [Info] [UI更新] 步骤按钮已更新到步骤 1
[26-01-30 01:26:45.961] [Info] [信息] 已切换到VM视图
[26-01-30 01:26:46.950] [Info] [UI更新] 步骤按钮已更新到步骤 2
[26-01-30 01:26:46.952] [Info] [信息] 已切换到VM视图
[26-01-30 01:26:50.247] [Info] [配置管理] 配置已标记为未保存状态
[26-01-30 01:26:50.299] [Info] [信息] 更新图像SDK：开始设置图片路径到VM模块
[26-01-30 01:26:50.300] [Warning] [警告] 未找到有效的图片路径配置，请先在"图片选择"步骤中选择图片
[26-01-30 01:26:54.047] [Info] [信息] 开始执行图像选择步骤
[26-01-30 01:26:54.047] [Info] [信息] 已清空3D数据缓存
[26-01-30 01:26:54.048] [Info] [信息] 已重置VM回调标志
[26-01-30 01:26:54.049] [Warning] [警告] 未找到'获取路径图像'流程
[26-01-30 01:26:54.051] [Info] [信息] 已为步骤 PKG位置匹配 执行完整的获取路径图像流程
[26-01-30 01:28:35.000] [Info] [UI更新] 步骤按钮已更新到步骤 3
[26-01-30 01:28:35.002] [Info] [信息] 已切换到VM视图
[26-01-30 01:28:36.700] [Info] [UI更新] 步骤按钮已更新到步骤 6
[26-01-30 01:28:36.701] [Info] [信息] 已切换到VM视图
[26-01-30 01:28:37.686] [Info] [UI更新] 步骤按钮已更新到步骤 4
[26-01-30 01:28:37.687] [Info] [信息] 已切换到VM视图
[26-01-30 01:28:39.189] [Info] [UI更新] 步骤按钮已更新到步骤 7
[26-01-30 01:28:39.195] [Info] [模板配置] 成功添加'将测量值设为基准值'按钮
[26-01-30 01:28:39.196] [Info] [模板配置] 初始化自动寻BLK联动控件状态: 禁用
[26-01-30 01:28:39.196] [Info] [信息] 已切换到VM视图
[26-01-30 01:28:40.325] [Info] [UI更新] 步骤按钮已更新到步骤 8
[26-01-30 01:28:40.328] [Info] [信息] 已切换到VM视图
[26-01-30 01:28:41.260] [Info] [UI更新] 步骤按钮已更新到步骤 9
[26-01-30 01:28:41.261] [Info] [模板配置] 模板兼容性处理: 镀膜G1端ROI宽 使用默认值: 50
[26-01-30 01:28:41.261] [Info] [模板配置] 模板兼容性处理: 镀膜G2端ROI宽 使用默认值: 50
[26-01-30 01:28:41.263] [Info] [模板配置] 成功添加银面几何尺寸'将测量值设为基准值'按钮
[26-01-30 01:28:41.263] [Info] [信息] 已切换到VM视图
[26-01-30 01:28:41.263] [Info] [模板配置] 初始化银面几何尺寸相关控件状态完成
[26-01-30 01:28:42.488] [Info] [UI更新] 步骤按钮已更新到步骤 10
[26-01-30 01:28:42.492] [Info] [信息] 已切换到VM视图
[26-01-30 01:28:48.139] [Info] [UI更新] 步骤按钮已更新到步骤 16
[26-01-30 01:28:48.195] [Info] [信息] 已切换到VM视图
[26-01-30 01:28:57.734] [Info] [参数清理] 参数配置检查完成，无需清理
[26-01-30 01:28:57.734] [Info] [参数保存] 已保存所有 10 个步骤的参数
[26-01-30 01:29:04.839] [Info] [参数清理] 参数配置检查完成，无需清理
[26-01-30 01:29:04.839] [Info] [参数保存] 已保存所有 10 个步骤的参数
[26-01-30 01:29:04.852] [Info] [配置管理] 配置已标记为已保存状态
[26-01-30 01:29:04.852] [Info] [模板保存] 已同时保存VM解决方案到磁盘
[26-01-30 01:30:43.591] [Info] 从模板配置打开质量分析仪表板
[26-01-30 01:30:43.603] [Info] 从程序目录加载图表设置: BoxPlot
[26-01-30 01:30:43.604] [Info] 从程序目录加载图表设置: BoxPlot
[26-01-30 01:30:43.605] [Info] 图表设置已保存到: E:\posen_project\点胶检测\上位机程序\WpfApp2\Platform\PlatformHost.Wpf\bin\Release\Config\ChartSettings.json, 类型: BoxPlot
[26-01-30 01:30:43.603] [Info] 已加载保存的图表状态: BoxPlot
[26-01-30 01:30:43.605] [Info] 已保存图表状态: BoxPlot
[26-01-30 01:30:43.603] [Info] [SetupChart] 图表样式设置完成
[26-01-30 01:30:43.610] [Info] 已加载 0 条告警记录
[26-01-30 01:30:43.611] [Info] [FocusPage] 开始加载项目数据
[26-01-30 01:30:43.614] [Info] [FocusPage] 获取到 0 个项目（包括导入项目）
[26-01-30 01:30:43.616] [Info] [FocusPage] 当前关注项目数: 0
[26-01-30 01:30:43.616] [Info] [FocusPage] 项目数据加载完成 - 所有项目: 0, 关注项目: 0
[26-01-30 01:30:43.632] [Info] [SmartAnalysisWidget] 预加载关注项目设置，项目数: 0
[26-01-30 01:30:43.633] [Info] 告警设置已更新: 启用=False, 统计周期=100
[26-01-30 01:30:43.634] [Info] [LoadDetectionItems] 所有项目: 0, 关注项目: 0, 显示项目: 0
[26-01-30 01:30:43.636] [Info] [CreateProjectGrid] 开始创建项目按钮 - 项目数: 0
[26-01-30 01:30:43.636] [Info] [CreateProjectGrid] 没有项目数据，显示提示信息
[26-01-30 01:30:43.636] [Info] 成功加载 0 个检测项目的数据（已应用关注项目过滤）
[26-01-30 01:30:43.968] [Info] [信息] 已打开新版质量分析仪表板
[26-01-30 01:30:45.970] [Info] 从程序目录加载图表设置: BoxPlot
[26-01-30 01:30:45.971] [Info] 图表设置已保存到: E:\posen_project\点胶检测\上位机程序\WpfApp2\Platform\PlatformHost.Wpf\bin\Release\Config\ChartSettings.json, 类型: BoxPlot
[26-01-30 01:30:45.971] [Info] [ClearImportedData] 已清除所有导入数据
[26-01-30 01:30:45.972] [Info] ✅ 已清零所有项目的告警计数器，标记了 0 个超限数据为已处理
[26-01-30 01:30:45.971] [Info] 已保存图表状态: BoxPlot
[26-01-30 01:30:47.378] [Info] [信息] 打开增强版日志查看器，共 110 条记录，支持复制和保存功能
[26-01-30 01:30:52.072] [Info] [检测管理器] 检测周期状态已重置，准备下次检测周期
[26-01-30 01:30:52.072] [Info] [检测管理器] 系统状态已切换: TemplateConfiguring → WaitingForTrigger
[26-01-30 01:30:52.074] [Info] [信息] 已返回主界面
[26-01-30 01:30:52.072] [Info] [模板配置页面] 页面返回时已重置检测状态并恢复检测处理，3D启用: False
[26-01-30 01:30:52.072] [Info] [检测管理器] 开始新的检测周期 - 3D启用: False (raw=False, shield=False)
[26-01-30 01:30:52.072] [Info] [2D缓存] 2D检测结果缓存已重置
[26-01-30 01:30:52.072] [Info] [3D缓存] 3D检测数据缓存已重置
[26-01-30 01:31:00.580] [Info] 获取到当前NG数量: 0
[26-01-30 01:31:00.580] [Info] 准备创建ImageTestModeSelectionWindow，LOT: LOT_error, NG数量: 0
[26-01-30 01:31:00.583] [Info] ImageTestModeSelectionWindow构造函数 - LOT: LOT_error, NG数量: 0
[26-01-30 01:31:00.695] [Info] Window_Loaded: NGCountTextBox.Text = '0'
[26-01-30 01:31:00.695] [Info] Window_Loaded: NGCountTextBox.IsEnabled = True
[26-01-30 01:31:00.695] [Info] Window_Loaded: 设置NGCountTextBox为 0
[26-01-30 01:31:00.696] [Warning] [警告] 当前LOT (LOT_error) 未找到NG图片
[26-01-30 01:31:00.696] [Info] 查找NG图片，LOT根目录: E:\posen_project\点胶检测\上位机程序\WpfApp2\Platform\PlatformHost.Wpf\bin\Release\原图存储\LOT_error
[26-01-30 01:31:00.695] [Info] Window_Loaded: NGCountTextBox.IsReadOnly = False
[26-01-30 01:31:00.696] [Warning] [警告] LOT根目录不存在: E:\posen_project\点胶检测\上位机程序\WpfApp2\Platform\PlatformHost.Wpf\bin\Release\原图存储\LOT_error
[26-01-30 01:31:10.021] [Info] 用户选择严重NG图集制作模式
[26-01-30 01:31:22.095] [Info] [相机配置] 已进入相机配置界面，配置模式需手动激活
[26-01-30 01:31:22.242] [Info] 正在加载算法平台，请稍候...
[26-01-30 01:31:22.242] [Info] 正在加载算法平台,请耐心等待，这可能需要几秒钟...
[26-01-30 01:31:22.302] [Info] VM解决方案初始化成功
[26-01-30 01:31:22.307] [Info] 算法平台加载完成
[26-01-30 01:31:22.635] [Info] 渲染控件绑定完成
[26-01-30 01:31:27.980] [Info] [3D缓存] 3D检测数据缓存已重置
[26-01-30 01:31:27.981] [Info] 从相机界面返回：已重置检测状态并恢复检测处理
[26-01-30 01:31:27.982] [Info] 返回主界面
[26-01-30 01:31:27.980] [Info] [相机配置页面] 页面返回时已重置检测状态并恢复检测处理，3D启用: False
[26-01-30 01:31:27.980] [Info] [检测管理器] 检测周期状态已重置，准备下次检测周期
[26-01-30 01:31:27.980] [Info] [2D缓存] 2D检测结果缓存已重置
[26-01-30 01:31:27.980] [Info] [检测管理器] 开始新的检测周期 - 3D启用: False (raw=False, shield=False)
[26-01-30 01:31:33.514] [Info] [硬件配置] 页面Loaded事件触发，重新启动状态监控
[26-01-30 01:31:33.586] [Info] [硬件配置] VM解决方案尚未完全加载，跳过相机模块初始化
[26-01-30 01:31:40.377] [Info] [硬件配置] 正在保存相机参数...
[26-01-30 01:31:40.377] [Info] [硬件配置页面] 页面返回时已重置检测状态并恢复检测处理，3D启用: False
[26-01-30 01:31:40.377] [Info] [硬件配置] 相机参数保存操作完成
[26-01-30 01:31:40.377] [Info] [硬件配置] 定拍相机模块未初始化，跳过参数保存
[26-01-30 01:31:40.377] [Info] [2D缓存] 2D检测结果缓存已重置
[26-01-30 01:31:40.377] [Info] [硬件配置] 飞拍相机模块未初始化，跳过参数保存
[26-01-30 01:31:40.377] [Info] [检测管理器] 检测周期状态已重置，准备下次检测周期
[26-01-30 01:31:40.377] [Info] [3D缓存] 3D检测数据缓存已重置
[26-01-30 01:31:40.377] [Info] [检测管理器] 开始新的检测周期 - 3D启用: False (raw=False, shield=False)
[26-01-30 01:31:40.378] [Info] [硬件配置] 已返回主界面
[26-01-30 01:31:45.454] [Info] [硬件配置] 页面Loaded事件触发，重新启动状态监控
[26-01-30 01:31:45.479] [Info] [硬件配置] VM解决方案尚未完全加载，跳过相机模块初始化
[26-01-30 01:31:53.308] [Info] [硬件配置] 正在保存相机参数...
[26-01-30 01:31:53.308] [Info] [检测管理器] 开始新的检测周期 - 3D启用: False (raw=False, shield=False)
[26-01-30 01:31:53.308] [Info] [3D缓存] 3D检测数据缓存已重置
[26-01-30 01:31:53.308] [Info] [2D缓存] 2D检测结果缓存已重置
[26-01-30 01:31:53.308] [Info] [检测管理器] 检测周期状态已重置，准备下次检测周期
[26-01-30 01:31:53.308] [Info] [硬件配置页面] 页面返回时已重置检测状态并恢复检测处理，3D启用: False
[26-01-30 01:31:53.308] [Info] [硬件配置] 相机参数保存操作完成
[26-01-30 01:31:53.308] [Info] [硬件配置] 定拍相机模块未初始化，跳过参数保存
[26-01-30 01:31:53.308] [Info] [硬件配置] 飞拍相机模块未初始化，跳过参数保存
[26-01-30 01:31:53.308] [Info] [硬件配置] 已返回主界面
