[26-01-29 22:27:01.005] [Info] [SplashScreen] 启动加载界面已显示
[26-01-29 22:27:01.692] [Info] [LogManager] 配置文件不存在，使用默认生产模式配置
[26-01-29 22:27:01.692] [Info] [Application] 应用程序启动
[26-01-29 22:27:01.740] [Info] [IO] 初始化IO控制器时发生异常: 初始化SMTGPIO设备失败: 无法加载 DLL“SMTGPIO.dll”: 找不到指定的模块。 (异常来自 HRESULT:0x8007007E)。
[26-01-29 22:53:28.816] [Warning] [警告] [Hardware] IO控制器初始化失败，IO功能不可用
[26-01-29 22:53:29.632] [Info] [DesktopShortcut] 桌面快捷方式已存在: C:\Users\liangyuhang\Desktop\点胶检测系统.lnk
[26-01-29 22:53:29.633] [Info] [Application] 应用程序启动完成
[26-01-29 22:53:29.943] [Info] [LogManager] 配置文件不存在，使用默认生产模式配置
[26-01-29 22:53:29.943] [Info] [System] 点胶检测系统启动
[26-01-29 22:53:29.966] [Info] [显示模式] FocusedProjects.json文件不存在，将显示所有项目
[26-01-29 22:53:29.966] [Info] [显示模式] 初始化完成，默认显示所有项
[26-01-29 22:53:29.998] [Info] 相机参数初始化完成
[26-01-29 22:53:30.008] [Info] 初始化光源控制器时出错: 无法加载 DLL“OPTController.dll”: 找不到指定的模块。 (异常来自 HRESULT:0x8007007E)。
[26-01-29 22:53:30.013] [Info] 初始化同轴光源控制器时出错: 无法加载 DLL“OPTController.dll”: 找不到指定的模块。 (异常来自 HRESULT:0x8007007E)。
[26-01-29 22:53:30.013] [Info] 相机配置页面初始化完成 - 配置模式需手动激活
[26-01-29 22:53:30.013] [Info] 未找到最后使用的模板配置，使用默认相机参数
[26-01-29 22:53:30.022] [Info] [硬件配置] 硬件配置页面构造函数开始执行
[26-01-29 22:53:30.023] [Info] [硬件配置] 硬件配置页面已初始化
[26-01-29 22:53:30.064] [Info] [SplashScreen] 启动界面已关闭
[26-01-29 22:53:30.883] [Info] [初始化] VM未加载，跳过样品类型全局变量初始化
[26-01-29 22:53:30.884] [Info] 配置文件不存在，已创建默认配置页面
[26-01-29 22:53:30.893] [Info] 创建LOT目录: E:\posen_project\点胶检测\上位机程序\WpfApp2\Platform\PlatformHost.Wpf\bin\Release\RealTimeData\LOT_error
[26-01-29 22:53:30.894] [Info] [检测管理器] ✅ 系统检测管理器已初始化
[26-01-29 22:53:30.895] [Info] [检测管理器] 开始新的检测周期 - 3D启用: False (raw=False, shield=False)
[26-01-29 22:53:30.893] [Info] 实时数据记录器：切换到LOT LOT_error，主文件路径：E:\posen_project\点胶检测\上位机程序\WpfApp2\Platform\PlatformHost.Wpf\bin\Release\RealTimeData\LOT_error\LOT_error_20260129_全部数据.csv
[26-01-29 22:53:30.893] [Info] 实时数据记录器已初始化，当前LOT号：LOT_error
[26-01-29 22:53:30.893] [Info] 实时数据记录器初始化完成
[26-01-29 22:53:30.898] [Info] [信息] 当前算法引擎非VM，跳过VM解决方案加载
[26-01-29 22:53:30.899] [Info] [信息] 配置页面DataGrid已初始化（手动同步模式）
[26-01-29 22:53:30.893] [Info] [系统初始化] 开始初始化系统检测管理器（在实时数据记录器之后）
[26-01-29 22:53:30.900] [Info] [信息] 3D视图控件已初始化
[26-01-29 22:53:30.895] [Info] [系统初始化] ✅ 系统检测管理器初始化完成
[26-01-29 22:53:30.895] [Info] [检测管理器] 🚀 系统启动时自动启动检测周期，3D启用: False
[26-01-29 22:53:30.894] [Info] [检测管理器] 系统状态: TemplateConfiguring
[26-01-29 22:53:30.894] [Info] [检测管理器] 检测模式: Full
[26-01-29 22:53:30.894] [Info] [2D缓存] 2D检测结果缓存已重置
[26-01-29 22:53:30.894] [Info] [3D缓存] 3D检测数据缓存已重置
[26-01-29 22:53:31.131] [Info] [PLC串口] PLC串口控制器已初始化
[26-01-29 22:53:31.495] [Info] [生产数据持久化] 生产统计数据文件不存在，使用默认值
[26-01-29 22:53:31.979] [Info] [远程监控] 已订阅OnLotChanged事件
[26-01-29 22:53:31.980] [Info] 远程文件监控服务未启用
[26-01-29 22:53:31.979] [Info] [远程监控] 已订阅OnTemplateChanged事件
[26-01-29 22:53:31.980] [Info] [远程监控] 服务初始化完成, IsRunning=False
[26-01-29 22:53:31.979] [Info] [远程监控] 已订阅OnTemplateNotFound事件
[26-01-29 22:53:35.383] [Info] [AutoStartup] 开机启动未启用（用户选择）
[26-01-29 22:53:35.384] [Info] [AutoStartup] PLC自动连接定时器已启动（5秒后执行）
[26-01-29 22:53:35.384] [Info] [AutoStartup] 开始初始化PLC自动连接...
[26-01-29 22:53:39.917] [Info] [检测管理器] 检测周期状态已重置，准备下次检测周期
[26-01-29 22:53:39.918] [Info] [页面切换] 切换到参数配置页面，已切换为模板配置模式
[26-01-29 22:53:39.944] [Info] ConfigPage 页面已加载
[26-01-29 22:53:39.946] [Info] 当前模板显示已更新: MESA-25
[26-01-29 22:53:40.406] [Info] [AutoStartup] 开始尝试自动连接PLC串口...
[26-01-29 22:53:40.407] [Info] [AutoStartup] 未发现可用串口，跳过PLC自动连接
[26-01-29 22:53:42.469] [Info] [检测管理器] 检测周期状态已重置，准备下次检测周期
[26-01-29 22:53:42.470] [Info] [检测管理器] 开始新的检测周期 - 3D启用: False (raw=False, shield=False)
[26-01-29 22:53:42.469] [Info] [2D缓存] 2D检测结果缓存已重置
[26-01-29 22:53:42.470] [Info] [3D缓存] 3D检测数据缓存已重置
[26-01-29 22:53:42.470] [Info] [配置页面] 页面返回时已重置检测状态并恢复检测处理，3D启用: False
[26-01-29 22:53:42.470] [Info] [检测管理器] 系统状态已切换: TemplateConfiguring → WaitingForTrigger
[26-01-29 22:53:50.254] [Info] [生产数据持久化] 生产统计数据已保存: Total=0, OK=0, NG=0, 缺陷类型=0
[26-01-29 22:53:50.254] [Info] 正在停止所有串口监控定时器...
[26-01-29 22:53:50.254] [Info] 实时数据记录器已关闭并保存数据
[26-01-29 22:53:50.257] [Info] PLC串口未连接，无需释放
[26-01-29 22:53:50.257] [Info] 串口监控定时器停止通知已发送
[26-01-29 22:53:50.254] [Info] 实时数据记录器已关闭
[26-01-29 22:53:50.351] [Info] [IO] IO控制器资源已释放
