[26-01-29 22:53:30.905] [FALLBACK] [SplashScreen] 启动加载完成，关闭启动界面
[26-01-30 00:07:33.333] [FALLBACK] [检测管理器] 检测模式: Full
[26-01-30 01:25:56.706] [FALLBACK] 实时数据记录器初始化完成
[26-01-30 10:14:46.023] [FALLBACK] ⚠️ 同轴光源控制器未连接，跳过同轴光曝光时间写入
[26-01-30 10:14:53.530] [FALLBACK] 已打开当前模板配置: abc
[26-01-30 10:14:53.553] [FALLBACK] [模板配置] 设置构建缓存全局变量 构建缓存 = 1
[26-01-30 10:14:55.009] [FALLBACK] [模板配置] 设置构建缓存全局变量 构建缓存 = 1
[26-01-30 10:15:27.033] [FALLBACK] [模板配置] 设置构建缓存全局变量 构建缓存 = 1
[26-01-30 13:22:35.618] [FALLBACK] 已设置相机参数 - 飞拍曝光:8us, 延迟:0us, 定拍1强度:255（固定）/时间:20us/同轴:100us, 定拍2强度:255（固定）/时间:20us/同轴:100us, BLK图选择:2, 镀膜图选择:3
[26-01-30 13:23:12.771] [FALLBACK] [模板配置] 设置构建缓存全局变量 构建缓存 = 1
[26-01-30 14:01:20.915] [FALLBACK] 已加载模板: abc (类型: MESA, 涂布: 单涂布)
[26-01-30 14:01:24.469] [FALLBACK] [模板配置] 设置涂布数目全局变量 涂布数目 = 1 (Single)
[26-01-30 14:02:15.891] [FALLBACK] [初始化] 初始化时设置样品类型全局变量 TYPE = 3 (Demo)
[26-01-30 14:02:29.539] [FALLBACK] [UI更新] 步骤按钮已更新到步骤 0
[26-01-30 14:11:52.523] [FALLBACK] [UI更新] 步骤按钮已更新到步骤 1
[26-01-30 20:22:55.702] [FALLBACK] 实时数据记录器已初始化，当前LOT号：LOT_error
[26-01-30 20:23:06.632] [FALLBACK] [模板配置] 设置构建缓存全局变量 构建缓存 = 1
[26-01-30 20:23:10.101] [FALLBACK] [初始化] VM未加载，改为写入算法全局变量（OpenCV/ONNX）
[26-01-30 21:06:26.814] [FALLBACK] [2D缓存] 2D检测结果缓存已重置
[26-01-30 21:35:22.180] [FALLBACK] [系统初始化] ✅ 系统检测管理器初始化完成
[26-01-30 21:35:32.100] [FALLBACK] [模板配置] 设置构建缓存全局变量 构建缓存 = 1
