[2026-01-29 22:27:01] INFO: 程序开始启动
[2026-01-29 22:27:01] INFO: === 启动诊断开始 ===
[2026-01-29 22:27:01] INFO: 程序版本: 1.0.0.0
[2026-01-29 22:27:01] INFO: 操作系统: Microsoft Windows NT 6.2.9200.0
[2026-01-29 22:27:01] INFO: 系统架构: X64
[2026-01-29 22:27:01] INFO: 进程架构: X86
[2026-01-29 22:27:01] INFO: .NET版本: .NET Framework 4.8.9310.0
[2026-01-29 22:27:01] INFO: 工作目录: E:\posen_project\点胶检测\上位机程序\WpfApp2
[2026-01-29 22:27:01] INFO: 程序目录: E:\posen_project\点胶检测\上位机程序\WpfApp2\Platform\PlatformHost.Wpf\bin\Release
[2026-01-29 22:27:01] INFO: 用户权限: liangyuhang
[2026-01-29 22:27:01] INFO: 机器名: 梁宇航
[2026-01-29 22:27:01] INFO: 检查关键DLL文件:
[2026-01-29 22:27:01] INFO:   ✓ ScottPlot.dll - 大小: 1124352 bytes, 修改时间: 2025/1/27 5:08:42
[2026-01-29 22:27:01] INFO:   ✓ ScottPlot.WPF.dll - 大小: 26112 bytes, 修改时间: 2025/1/27 5:09:44
[2026-01-29 22:27:01] INFO:   ✓ EPPlus.dll - 大小: 1299456 bytes, 修改时间: 2020/1/30 15:13:00
[2026-01-29 22:27:01] INFO:   ✓ System.Drawing.Common.dll - 大小: 44424 bytes, 修改时间: 2021/1/20 4:29:18
[2026-01-29 22:27:01] INFO: 
检查原生DLL文件:
[2026-01-29 22:27:01] ERROR: Dll/Managed目录不存在 - 这是程序无法启动的主要原因!
[2026-01-29 22:27:01] INFO: .NET Framework Release版本: 533320
[2026-01-29 22:27:01] INFO: ✓ .NET Framework 4.7.2或更高版本已安装
[2026-01-29 22:27:01] INFO: === 系统环境检查完成 ===
[2026-01-29 22:53:28] INFO: IO控制器初始化失败，程序将继续运行但IO功能不可用
[2026-01-29 22:53:29] INFO: 程序启动完成
[2026-01-29 22:53:30] INFO: 主窗口已创建并显示
[2026-01-29 22:53:50] INFO: 单实例互斥体已释放
[2026-01-29 22:53:50] INFO: IO控制器资源已释放
[2026-01-29 22:53:50] INFO: 程序正常退出
[2026-01-30 00:07:29] INFO: 程序开始启动
[2026-01-30 00:07:29] INFO: === 启动诊断开始 ===
[2026-01-30 00:07:29] INFO: 程序版本: 1.0.0.0
[2026-01-30 00:07:29] INFO: 操作系统: Microsoft Windows NT 6.2.9200.0
[2026-01-30 00:07:29] INFO: 系统架构: X64
[2026-01-30 00:07:29] INFO: 进程架构: X86
[2026-01-30 00:07:29] INFO: .NET版本: .NET Framework 4.8.9310.0
[2026-01-30 00:07:29] INFO: 工作目录: E:\posen_project\点胶检测\上位机程序\WpfApp2\Platform\PlatformHost.Wpf\bin\Release
[2026-01-30 00:07:29] INFO: 程序目录: E:\posen_project\点胶检测\上位机程序\WpfApp2\Platform\PlatformHost.Wpf\bin\Release
[2026-01-30 00:07:29] INFO: 用户权限: liangyuhang
[2026-01-30 00:07:29] INFO: 机器名: 梁宇航
[2026-01-30 00:07:29] INFO: 检查关键DLL文件:
[2026-01-30 00:07:29] INFO:   ✓ ScottPlot.dll - 大小: 1124352 bytes, 修改时间: 2025/1/27 5:08:42
[2026-01-30 00:07:29] INFO:   ✓ ScottPlot.WPF.dll - 大小: 26112 bytes, 修改时间: 2025/1/27 5:09:44
[2026-01-30 00:07:29] INFO:   ✓ EPPlus.dll - 大小: 1299456 bytes, 修改时间: 2020/1/30 15:13:00
[2026-01-30 00:07:29] INFO:   ✓ System.Drawing.Common.dll - 大小: 44424 bytes, 修改时间: 2021/1/20 4:29:18
[2026-01-30 00:07:29] INFO: 
检查原生DLL文件:
[2026-01-30 00:07:29] ERROR: Dll/Managed目录不存在 - 这是程序无法启动的主要原因!
[2026-01-30 00:07:29] INFO: .NET Framework Release版本: 533320
[2026-01-30 00:07:29] INFO: ✓ .NET Framework 4.7.2或更高版本已安装
[2026-01-30 00:07:29] INFO: === 系统环境检查完成 ===
[2026-01-30 00:07:31] INFO: IO控制器初始化失败，程序将继续运行但IO功能不可用
[2026-01-30 00:07:32] INFO: 程序启动完成
[2026-01-30 00:07:32] INFO: 主窗口已创建并显示
[2026-01-30 00:24:41] INFO: 单实例互斥体已释放
[2026-01-30 00:24:41] INFO: IO控制器资源已释放
[2026-01-30 00:24:41] INFO: 程序正常退出
[2026-01-30 01:25:52] INFO: 程序开始启动
[2026-01-30 01:25:52] INFO: === 启动诊断开始 ===
[2026-01-30 01:25:52] INFO: 程序版本: 1.0.0.0
[2026-01-30 01:25:52] INFO: 操作系统: Microsoft Windows NT 6.2.9200.0
[2026-01-30 01:25:52] INFO: 系统架构: X64
[2026-01-30 01:25:52] INFO: 进程架构: X86
[2026-01-30 01:25:52] INFO: .NET版本: .NET Framework 4.8.9310.0
[2026-01-30 01:25:52] INFO: 工作目录: E:\posen_project\点胶检测\上位机程序\WpfApp2\Platform\PlatformHost.Wpf\bin\Release
[2026-01-30 01:25:52] INFO: 程序目录: E:\posen_project\点胶检测\上位机程序\WpfApp2\Platform\PlatformHost.Wpf\bin\Release
[2026-01-30 01:25:52] INFO: 用户权限: liangyuhang
[2026-01-30 01:25:52] INFO: 机器名: 梁宇航
[2026-01-30 01:25:52] INFO: 检查关键DLL文件:
[2026-01-30 01:25:52] INFO:   ✓ ScottPlot.dll - 大小: 1124352 bytes, 修改时间: 2025/1/27 5:08:42
[2026-01-30 01:25:52] INFO:   ✓ ScottPlot.WPF.dll - 大小: 26112 bytes, 修改时间: 2025/1/27 5:09:44
[2026-01-30 01:25:52] INFO:   ✓ EPPlus.dll - 大小: 1299456 bytes, 修改时间: 2020/1/30 15:13:00
[2026-01-30 01:25:52] INFO:   ✓ System.Drawing.Common.dll - 大小: 44424 bytes, 修改时间: 2021/1/20 4:29:18
[2026-01-30 01:25:52] INFO: 
检查原生DLL文件:
[2026-01-30 01:25:52] ERROR: Dll/Managed目录不存在 - 这是程序无法启动的主要原因!
[2026-01-30 01:25:52] INFO: .NET Framework Release版本: 533320
[2026-01-30 01:25:52] INFO: ✓ .NET Framework 4.7.2或更高版本已安装
[2026-01-30 01:25:52] INFO: === 系统环境检查完成 ===
[2026-01-30 01:25:55] INFO: IO控制器初始化失败，程序将继续运行但IO功能不可用
[2026-01-30 01:25:55] INFO: 程序启动完成
[2026-01-30 01:25:56] INFO: 主窗口已创建并显示
[2026-01-30 01:43:20] INFO: 单实例互斥体已释放
[2026-01-30 01:43:20] INFO: IO控制器资源已释放
[2026-01-30 01:43:20] INFO: 程序正常退出
[2026-01-30 02:39:58] INFO: 程序开始启动
[2026-01-30 02:39:58] INFO: === 启动诊断开始 ===
[2026-01-30 02:39:58] INFO: 程序版本: 1.0.0.0
[2026-01-30 02:39:58] INFO: 操作系统: Microsoft Windows NT 6.2.9200.0
[2026-01-30 02:39:58] INFO: 系统架构: X64
[2026-01-30 02:39:58] INFO: 进程架构: X86
[2026-01-30 02:39:58] INFO: .NET版本: .NET Framework 4.8.9310.0
[2026-01-30 02:39:58] INFO: 工作目录: E:\posen_project\点胶检测\上位机程序\WpfApp2
[2026-01-30 02:39:58] INFO: 程序目录: E:\posen_project\点胶检测\上位机程序\WpfApp2\Platform\PlatformHost.Wpf\bin\Release
[2026-01-30 02:39:58] INFO: 用户权限: liangyuhang
[2026-01-30 02:39:58] INFO: 机器名: 梁宇航
[2026-01-30 02:39:58] INFO: 检查关键DLL文件:
[2026-01-30 02:39:58] INFO:   ✓ ScottPlot.dll - 大小: 1124352 bytes, 修改时间: 2025/1/27 5:08:42
[2026-01-30 02:39:58] INFO:   ✓ ScottPlot.WPF.dll - 大小: 26112 bytes, 修改时间: 2025/1/27 5:09:44
[2026-01-30 02:39:58] INFO:   ✓ EPPlus.dll - 大小: 1299456 bytes, 修改时间: 2020/1/30 15:13:00
[2026-01-30 02:39:58] INFO:   ✓ System.Drawing.Common.dll - 大小: 44424 bytes, 修改时间: 2021/1/20 4:29:18
[2026-01-30 02:39:58] INFO: 
检查原生DLL文件:
[2026-01-30 02:39:58] ERROR: Dll/Managed目录不存在 - 这是程序无法启动的主要原因!
[2026-01-30 02:39:58] INFO: .NET Framework Release版本: 533320
[2026-01-30 02:39:58] INFO: ✓ .NET Framework 4.7.2或更高版本已安装
[2026-01-30 02:39:58] INFO: === 系统环境检查完成 ===
[2026-01-30 02:42:52] INFO: 程序开始启动
[2026-01-30 02:42:52] INFO: === 启动诊断开始 ===
[2026-01-30 02:42:52] INFO: 程序版本: 1.0.0.0
[2026-01-30 02:42:52] INFO: 操作系统: Microsoft Windows NT 6.2.9200.0
[2026-01-30 02:42:52] INFO: 系统架构: X64
[2026-01-30 02:42:52] INFO: 进程架构: X86
[2026-01-30 02:42:52] INFO: .NET版本: .NET Framework 4.8.9310.0
[2026-01-30 02:42:52] INFO: 工作目录: E:\posen_project\点胶检测\上位机程序\WpfApp2
[2026-01-30 02:42:52] INFO: 程序目录: E:\posen_project\点胶检测\上位机程序\WpfApp2\Platform\PlatformHost.Wpf\bin\Release
[2026-01-30 02:42:52] INFO: 用户权限: liangyuhang
[2026-01-30 02:42:52] INFO: 机器名: 梁宇航
[2026-01-30 02:42:52] INFO: 检查关键DLL文件:
[2026-01-30 02:42:52] INFO:   ✓ ScottPlot.dll - 大小: 1124352 bytes, 修改时间: 2025/1/27 5:08:42
[2026-01-30 02:42:52] INFO:   ✓ ScottPlot.WPF.dll - 大小: 26112 bytes, 修改时间: 2025/1/27 5:09:44
[2026-01-30 02:42:52] INFO:   ✓ EPPlus.dll - 大小: 1299456 bytes, 修改时间: 2020/1/30 15:13:00
[2026-01-30 02:42:52] INFO:   ✓ System.Drawing.Common.dll - 大小: 44424 bytes, 修改时间: 2021/1/20 4:29:18
[2026-01-30 02:42:52] INFO: 
检查原生DLL文件:
[2026-01-30 02:42:52] ERROR: Dll/Managed目录不存在 - 这是程序无法启动的主要原因!
[2026-01-30 02:42:52] INFO: .NET Framework Release版本: 533320
[2026-01-30 02:42:52] INFO: ✓ .NET Framework 4.7.2或更高版本已安装
[2026-01-30 02:42:52] INFO: === 系统环境检查完成 ===
[2026-01-30 10:14:42] INFO: 程序开始启动
[2026-01-30 10:14:42] INFO: === 启动诊断开始 ===
[2026-01-30 10:14:42] INFO: 程序版本: 1.0.0.0
[2026-01-30 10:14:42] INFO: 操作系统: Microsoft Windows NT 6.2.9200.0
[2026-01-30 10:14:42] INFO: 系统架构: X64
[2026-01-30 10:14:42] INFO: 进程架构: X86
[2026-01-30 10:14:42] INFO: .NET版本: .NET Framework 4.8.9310.0
[2026-01-30 10:14:42] INFO: 工作目录: E:\posen_project\点胶检测\上位机程序\WpfApp2\Platform\PlatformHost.Wpf\bin\Release
[2026-01-30 10:14:42] INFO: 程序目录: E:\posen_project\点胶检测\上位机程序\WpfApp2\Platform\PlatformHost.Wpf\bin\Release
[2026-01-30 10:14:42] INFO: 用户权限: liangyuhang
[2026-01-30 10:14:42] INFO: 机器名: 梁宇航
[2026-01-30 10:14:42] INFO: 检查关键DLL文件:
[2026-01-30 10:14:42] INFO:   ✓ ScottPlot.dll - 大小: 1124352 bytes, 修改时间: 2025/1/27 5:08:42
[2026-01-30 10:14:42] INFO:   ✓ ScottPlot.WPF.dll - 大小: 26112 bytes, 修改时间: 2025/1/27 5:09:44
[2026-01-30 10:14:42] INFO:   ✓ EPPlus.dll - 大小: 1299456 bytes, 修改时间: 2020/1/30 15:13:00
[2026-01-30 10:14:42] INFO:   ✓ System.Drawing.Common.dll - 大小: 44424 bytes, 修改时间: 2021/1/20 4:29:18
[2026-01-30 10:14:42] INFO: 
检查原生DLL文件:
[2026-01-30 10:14:42] ERROR: Dll/Managed目录不存在 - 这是程序无法启动的主要原因!
[2026-01-30 10:14:42] INFO: .NET Framework Release版本: 533320
[2026-01-30 10:14:42] INFO: ✓ .NET Framework 4.7.2或更高版本已安装
[2026-01-30 10:14:42] INFO: === 系统环境检查完成 ===
[2026-01-30 10:14:43] INFO: IO控制器初始化失败，程序将继续运行但IO功能不可用
[2026-01-30 10:14:44] INFO: 程序启动完成
[2026-01-30 10:14:44] INFO: 主窗口已创建并显示
[2026-01-30 10:21:25] INFO: 单实例互斥体已释放
[2026-01-30 10:21:25] INFO: IO控制器资源已释放
[2026-01-30 10:21:25] INFO: 程序正常退出
[2026-01-30 11:15:49] INFO: 程序开始启动
[2026-01-30 11:15:49] INFO: === 启动诊断开始 ===
[2026-01-30 11:15:49] INFO: 程序版本: 1.0.0.0
[2026-01-30 11:15:49] INFO: 操作系统: Microsoft Windows NT 6.2.9200.0
[2026-01-30 11:15:49] INFO: 系统架构: X64
[2026-01-30 11:15:49] INFO: 进程架构: X86
[2026-01-30 11:15:49] INFO: .NET版本: .NET Framework 4.8.9310.0
[2026-01-30 11:15:49] INFO: 工作目录: E:\posen_project\点胶检测\上位机程序\WpfApp2
[2026-01-30 11:15:49] INFO: 程序目录: E:\posen_project\点胶检测\上位机程序\WpfApp2\Platform\PlatformHost.Wpf\bin\Release
[2026-01-30 11:15:49] INFO: 用户权限: liangyuhang
[2026-01-30 11:15:49] INFO: 机器名: 梁宇航
[2026-01-30 11:15:49] INFO: 检查关键DLL文件:
[2026-01-30 11:15:49] INFO:   ✓ ScottPlot.dll - 大小: 1124352 bytes, 修改时间: 2025/1/27 5:08:42
[2026-01-30 11:15:49] INFO:   ✓ ScottPlot.WPF.dll - 大小: 26112 bytes, 修改时间: 2025/1/27 5:09:44
[2026-01-30 11:15:49] INFO:   ✓ EPPlus.dll - 大小: 1299456 bytes, 修改时间: 2020/1/30 15:13:00
[2026-01-30 11:15:49] INFO:   ✓ System.Drawing.Common.dll - 大小: 44424 bytes, 修改时间: 2021/1/20 4:29:18
[2026-01-30 11:15:49] INFO: 
检查原生DLL文件:
[2026-01-30 11:15:49] ERROR: Dll/Managed目录不存在 - 这是程序无法启动的主要原因!
[2026-01-30 11:15:49] INFO: .NET Framework Release版本: 533320
[2026-01-30 11:15:49] INFO: ✓ .NET Framework 4.7.2或更高版本已安装
[2026-01-30 11:15:49] INFO: === 系统环境检查完成 ===
[2026-01-30 11:15:51] INFO: IO控制器初始化失败，程序将继续运行但IO功能不可用
[2026-01-30 11:15:52] INFO: 程序启动完成
[2026-01-30 11:15:52] INFO: 主窗口已创建并显示
[2026-01-30 11:21:03] INFO: 程序开始启动
[2026-01-30 11:21:03] INFO: === 启动诊断开始 ===
[2026-01-30 11:21:03] INFO: 程序版本: 1.0.0.0
[2026-01-30 11:21:03] INFO: 操作系统: Microsoft Windows NT 6.2.9200.0
[2026-01-30 11:21:03] INFO: 系统架构: X64
[2026-01-30 11:21:03] INFO: 进程架构: X86
[2026-01-30 11:21:03] INFO: .NET版本: .NET Framework 4.8.9310.0
[2026-01-30 11:21:03] INFO: 工作目录: E:\posen_project\点胶检测\上位机程序\WpfApp2\Platform\PlatformHost.Wpf\bin\Release
[2026-01-30 11:21:03] INFO: 程序目录: E:\posen_project\点胶检测\上位机程序\WpfApp2\Platform\PlatformHost.Wpf\bin\Release
[2026-01-30 11:21:03] INFO: 用户权限: liangyuhang
[2026-01-30 11:21:03] INFO: 机器名: 梁宇航
[2026-01-30 11:21:03] INFO: 检查关键DLL文件:
[2026-01-30 11:21:03] INFO:   ✓ ScottPlot.dll - 大小: 1124352 bytes, 修改时间: 2025/1/27 5:08:42
[2026-01-30 11:21:03] INFO:   ✓ ScottPlot.WPF.dll - 大小: 26112 bytes, 修改时间: 2025/1/27 5:09:44
[2026-01-30 11:21:03] INFO:   ✓ EPPlus.dll - 大小: 1299456 bytes, 修改时间: 2020/1/30 15:13:00
[2026-01-30 11:21:03] INFO:   ✓ System.Drawing.Common.dll - 大小: 44424 bytes, 修改时间: 2021/1/20 4:29:18
[2026-01-30 11:21:03] INFO: 
检查原生DLL文件:
[2026-01-30 11:21:03] ERROR: Dll/Managed目录不存在 - 这是程序无法启动的主要原因!
[2026-01-30 11:21:03] INFO: .NET Framework Release版本: 533320
[2026-01-30 11:21:03] INFO: ✓ .NET Framework 4.7.2或更高版本已安装
[2026-01-30 11:21:03] INFO: === 系统环境检查完成 ===
[2026-01-30 11:21:05] INFO: IO控制器初始化失败，程序将继续运行但IO功能不可用
[2026-01-30 11:21:05] INFO: 程序启动完成
[2026-01-30 11:21:06] INFO: 主窗口已创建并显示
